[2026-02-09T13:11:11.855085+00:00] repaired=C:\Users\LTP-IT~1\AppData\Local\Temp\tmpcvur0scp.docx contract=CON002 files=['word/document.xml']
[2026-02-09T13:11:11.924194+00:00] using_template=C:\Users\LTP-IT~1\AppData\Local\Temp\tmpcvur0scp.docx contract=CON002
[2026-02-09T13:13:08.981599+00:00] repaired=C:\Users\LTP-IT~1\AppData\Local\Temp\tmpncst3_9y.docx contract=CON001 files=['word/document.xml']
[2026-02-09T13:13:09.037262+00:00] using_template=C:\Users\LTP-IT~1\AppData\Local\Temp\tmpncst3_9y.docx contract=CON001
[2026-02-09T13:17:41.787978+00:00] repaired=C:\Users\LTP-IT~1\AppData\Local\Temp\tmpihq3uyww.docx contract=CON005 files=['word/document.xml']
[2026-02-09T13:17:41.847700+00:00] using_template=C:\Users\LTP-IT~1\AppData\Local\Temp\tmpihq3uyww.docx contract=CON005
[2026-02-09T13:17:57.075594+00:00] repaired=C:\Users\LTP-IT~1\AppData\Local\Temp\tmp1n260idx.docx contract=CON002 files=['word/document.xml']
[2026-02-09T13:17:57.128035+00:00] using_template=C:\Users\LTP-IT~1\AppData\Local\Temp\tmp1n260idx.docx contract=CON002
[2026-02-09T13:18:40.592476+00:00] repaired=C:\Users\LTP-IT~1\AppData\Local\Temp\tmpq2i6itet.docx contract=CON003 files=['word/document.xml']
[2026-02-09T13:18:40.665123+00:00] using_template=C:\Users\LTP-IT~1\AppData\Local\Temp\tmpq2i6itet.docx contract=CON003
[2026-02-09T14:02:28.687341+00:00] repaired=C:\Users\LTP-IT~1\AppData\Local\Temp\tmp7qof32sj.docx contract=CON002 files=['word/document.xml']
[2026-02-09T14:02:28.743538+00:00] using_template=C:\Users\LTP-IT~1\AppData\Local\Temp\tmp7qof32sj.docx contract=CON002
[2026-02-09T14:07:29.429339+00:00] repaired=C:\Users\LTP-IT~1\AppData\Local\Temp\tmp82vrpl0_.docx contract=CON001 files=['word/document.xml']
[2026-02-09T14:07:29.483469+00:00] using_template=C:\Users\LTP-IT~1\AppData\Local\Temp\tmp82vrpl0_.docx contract=CON001
[2026-02-09T14:21:54.155292+00:00] repaired=C:\Users\LTP-IT~1\AppData\Local\Temp\tmp5_e7cge4.docx contract=CON001 files=['word/document.xml']
[2026-02-09T14:21:54.236704+00:00] using_template=C:\Users\LTP-IT~1\AppData\Local\Temp\tmp5_e7cge4.docx contract=CON001
[2026-02-09T16:02:37.735566+00:00] repaired=C:\Users\LTP-IT~1\AppData\Local\Temp\tmpx9ivp6c8.docx contract=CON999 files=['word/document.xml']
[2026-02-09T16:02:37.785797+00:00] using_template=C:\Users\LTP-IT~1\AppData\Local\Temp\tmpx9ivp6c8.docx contract=CON999
[2026-02-10T12:05:09.432307+00:00] repaired=C:\Users\LTP-IT~1\AppData\Local\Temp\tmpbu9hx3e4.docx contract=CON002 files=['word/document.xml']
[2026-02-10T12:05:09.464605+00:00] using_template=C:\Users\LTP-IT~1\AppData\Local\Temp\tmpbu9hx3e4.docx contract=CON002
[2026-02-11T04:55:37.983762+00:00] repaired=C:\Users\LTP-IT~1\AppData\Local\Temp\tmprj8gfkav.docx contract=CON001 files=['word/document.xml']
[2026-02-11T04:55:38.047173+00:00] using_template=C:\Users\LTP-IT~1\AppData\Local\Temp\tmprj8gfkav.docx contract=CON001
[2026-02-11T05:01:44.460097+00:00] repaired=C:\Users\LTP-IT~1\AppData\Local\Temp\tmpgs80um50.docx contract=CON001 files=['word/document.xml']
[2026-02-11T05:01:44.493699+00:00] using_template=C:\Users\LTP-IT~1\AppData\Local\Temp\tmpgs80um50.docx contract=CON001
[2026-02-11T05:05:45.995333+00:00] repaired=C:\Users\LTP-IT~1\AppData\Local\Temp\tmpxmctsc_o.docx contract=CON001 files=['word/document.xml']
[2026-02-11T05:05:46.026091+00:00] using_template=C:\Users\LTP-IT~1\AppData\Local\Temp\tmpxmctsc_o.docx contract=CON001
[2026-02-11T06:56:33.054971+00:00] repaired=C:\Users\LTP-IT~1\AppData\Local\Temp\tmpxz5ac9b4.docx contract=CON001 files=['word/document.xml']
[2026-02-11T06:56:33.101370+00:00] using_template=C:\Users\LTP-IT~1\AppData\Local\Temp\tmpxz5ac9b4.docx contract=CON001
[2026-02-11T07:31:12.321953+00:00] repaired=C:\Users\LTP-IT~1\AppData\Local\Temp\tmpmwj4giql.docx contract=CON123 files=['word/document.xml']
[2026-02-11T07:31:12.373651+00:00] using_template=C:\Users\LTP-IT~1\AppData\Local\Temp\tmpmwj4giql.docx contract=CON123
[2026-02-11T09:17:32.653483+00:00] repaired=C:\Users\LTP-IT~1\AppData\Local\Temp\tmpd14zlfzp.docx contract=CON123 files=['word/document.xml']
[2026-02-11T09:17:32.679822+00:00] using_template=C:\Users\LTP-IT~1\AppData\Local\Temp\tmpd14zlfzp.docx contract=CON123
[2026-02-11T09:20:23.754377+00:00] repaired=C:\Users\LTP-IT~1\AppData\Local\Temp\tmpig4bguxp.docx contract=CON123 files=['word/document.xml']
[2026-02-11T09:20:23.788527+00:00] using_template=C:\Users\LTP-IT~1\AppData\Local\Temp\tmpig4bguxp.docx contract=CON123
[2026-02-11T09:22:51.787026+00:00] repaired=C:\Users\LTP-IT~1\AppData\Local\Temp\tmpkvcuwnu5.docx contract=CON123 files=['word/document.xml']
[2026-02-11T09:22:51.816764+00:00] using_template=C:\Users\LTP-IT~1\AppData\Local\Temp\tmpkvcuwnu5.docx contract=CON123
[2026-02-11T09:25:02.427743+00:00] repaired=C:\Users\LTP-IT~1\AppData\Local\Temp\tmpacdkmesi.docx contract=CON123 files=['word/document.xml']
[2026-02-11T09:25:02.467600+00:00] using_template=C:\Users\LTP-IT~1\AppData\Local\Temp\tmpacdkmesi.docx contract=CON123
[2026-02-11T09:29:57.421992+00:00] repaired=C:\Users\LTP-IT~1\AppData\Local\Temp\tmp26em2dxv.docx contract=CON123 files=['word/document.xml']
[2026-02-11T09:29:57.466652+00:00] using_template=C:\Users\LTP-IT~1\AppData\Local\Temp\tmp26em2dxv.docx contract=CON123
[2026-02-11T09:34:00.620385+00:00] repaired=C:\Users\LTP-IT~1\AppData\Local\Temp\tmpw18j65k8.docx contract=CON123 files=['word/document.xml']
[2026-02-11T09:34:00.669026+00:00] using_template=C:\Users\LTP-IT~1\AppData\Local\Temp\tmpw18j65k8.docx contract=CON123
[2026-02-11T09:34:42.382483+00:00] repaired=C:\Users\LTP-IT~1\AppData\Local\Temp\tmp5tefbbp1.docx contract=CON123 files=['word/document.xml']
[2026-02-11T09:34:42.436682+00:00] using_template=C:\Users\LTP-IT~1\AppData\Local\Temp\tmp5tefbbp1.docx contract=CON123
[2026-02-11T09:41:28.172875+00:00] repaired=C:\Users\LTP-IT~1\AppData\Local\Temp\tmpfzp_tpwz.docx contract=CON321 files=['word/document.xml']
[2026-02-11T09:41:28.236248+00:00] using_template=C:\Users\LTP-IT~1\AppData\Local\Temp\tmpfzp_tpwz.docx contract=CON321
[2026-02-11T09:43:14.922592+00:00] repaired=C:\Users\LTP-IT~1\AppData\Local\Temp\tmpfj72ew1o.docx contract=CON123 files=['word/document.xml']
[2026-02-11T09:43:14.995763+00:00] using_template=C:\Users\LTP-IT~1\AppData\Local\Temp\tmpfj72ew1o.docx contract=CON123
[2026-02-11T09:44:12.649638+00:00] repaired=C:\Users\LTP-IT~1\AppData\Local\Temp\tmpz_fhq6k2.docx contract=CON123 files=['word/document.xml']
[2026-02-11T09:44:12.714875+00:00] using_template=C:\Users\LTP-IT~1\AppData\Local\Temp\tmpz_fhq6k2.docx contract=CON123
[2026-02-11T11:14:30.888985+00:00] repaired=C:\Users\LTP-IT~1\AppData\Local\Temp\tmpyy_poydq.docx contract=CON123 files=['word/document.xml']
[2026-02-11T11:14:30.938425+00:00] using_template=C:\Users\LTP-IT~1\AppData\Local\Temp\tmpyy_poydq.docx contract=CON123
[2026-02-11T11:35:37.951364+00:00] repaired=C:\Users\LTP-IT~1\AppData\Local\Temp\tmpuawjlqas.docx contract=CON123 files=['word/document.xml']
[2026-02-11T11:35:38.015831+00:00] using_template=C:\Users\LTP-IT~1\AppData\Local\Temp\tmpuawjlqas.docx contract=CON123
[2026-02-11T11:35:56.445192+00:00] repaired=C:\Users\LTP-IT~1\AppData\Local\Temp\tmp2c0t07ih.docx contract=CON123 files=['word/document.xml']
[2026-02-11T11:35:56.502039+00:00] using_template=C:\Users\LTP-IT~1\AppData\Local\Temp\tmp2c0t07ih.docx contract=CON123
[2026-02-11T11:38:23.602300+00:00] repaired=C:\Users\LTP-IT~1\AppData\Local\Temp\tmpmbnhqovd.docx contract=CON002 files=['word/document.xml']
[2026-02-11T11:38:23.665970+00:00] using_template=C:\Users\LTP-IT~1\AppData\Local\Temp\tmpmbnhqovd.docx contract=CON002
[2026-02-11T11:42:10.053857+00:00] repaired=C:\Users\LTP-IT~1\AppData\Local\Temp\tmpfxkizz1v.docx contract=CON001 files=['word/document.xml']
[2026-02-11T11:42:10.118087+00:00] using_template=C:\Users\LTP-IT~1\AppData\Local\Temp\tmpfxkizz1v.docx contract=CON001
[2026-02-11T11:46:24.721346+00:00] repaired=C:\Users\LTP-IT~1\AppData\Local\Temp\tmpjm9kzsmn.docx contract=CON003 files=['word/document.xml']
[2026-02-11T11:46:24.768885+00:00] using_template=C:\Users\LTP-IT~1\AppData\Local\Temp\tmpjm9kzsmn.docx contract=CON003
[2026-02-11T11:51:15.727672+00:00] using_template=C:\laragon\www\operasional5\operasional\project\templates\docx\bl_agreement_template.docx contract=CON001
[2026-02-11T12:13:52.547675+00:00] repaired=C:\Users\LTP-IT~1\AppData\Local\Temp\tmpktbf63jp.docx contract=TEST123 files=['word/document.xml']
[2026-02-11T12:13:52.559509+00:00] using_template=C:\Users\LTP-IT~1\AppData\Local\Temp\tmpktbf63jp.docx contract=TEST123
[2026-02-11T12:16:02.009940+00:00] repaired=C:\Users\LTP-IT~1\AppData\Local\Temp\tmpssjojff4.docx contract=con089 files=['word/document.xml']
[2026-02-11T12:16:02.022979+00:00] using_template=C:\Users\LTP-IT~1\AppData\Local\Temp\tmpssjojff4.docx contract=con089
[2026-02-11T12:23:12.623098+00:00] repaired=C:\Users\LTP-IT~1\AppData\Local\Temp\tmpke368yre.docx contract=CON123 files=['word/document.xml']
[2026-02-11T12:23:12.671422+00:00] using_template=C:\Users\LTP-IT~1\AppData\Local\Temp\tmpke368yre.docx contract=CON123
[2026-02-11T12:32:30.341994+00:00] repaired=C:\Users\LTP-IT~1\AppData\Local\Temp\tmp1zejkb9h.docx contract=CON123 files=['word/document.xml']
[2026-02-11T12:32:30.419907+00:00] using_template=C:\Users\LTP-IT~1\AppData\Local\Temp\tmp1zejkb9h.docx contract=CON123
[2026-02-11T12:33:33.777982+00:00] repaired=C:\Users\LTP-IT~1\AppData\Local\Temp\tmp_gaapckr.docx contract=CON123 files=['word/document.xml']
[2026-02-11T12:33:33.841747+00:00] using_template=C:\Users\LTP-IT~1\AppData\Local\Temp\tmp_gaapckr.docx contract=CON123
[2026-02-11T12:37:25.127009+00:00] repaired=C:\Users\LTP-IT~1\AppData\Local\Temp\tmprpih9_uf.docx contract=CON003 files=['word/document.xml']
[2026-02-11T12:37:25.170979+00:00] using_template=C:\Users\LTP-IT~1\AppData\Local\Temp\tmprpih9_uf.docx contract=CON003
[2026-02-11T12:52:54.429196+00:00] repaired=C:\Users\LTP-IT~1\AppData\Local\Temp\tmp6d8jg6vz.docx contract=CON001 files=['word/document.xml']
[2026-02-11T12:52:54.492902+00:00] using_template=C:\Users\LTP-IT~1\AppData\Local\Temp\tmp6d8jg6vz.docx contract=CON001
[2026-02-11T12:53:26.701130+00:00] repaired=C:\Users\LTP-IT~1\AppData\Local\Temp\tmpg9ux301a.docx contract=CON123 files=['word/document.xml']
[2026-02-11T12:53:26.765305+00:00] using_template=C:\Users\LTP-IT~1\AppData\Local\Temp\tmpg9ux301a.docx contract=CON123
[2026-02-11T12:59:08.202584+00:00] repaired=C:\Users\LTP-IT~1\AppData\Local\Temp\tmpaj1fwnoo.docx contract=CON123 files=['word/document.xml']
[2026-02-11T12:59:08.263830+00:00] using_template=C:\Users\LTP-IT~1\AppData\Local\Temp\tmpaj1fwnoo.docx contract=CON123
[2026-02-11T13:01:07.453929+00:00] repaired=C:\Users\LTP-IT~1\AppData\Local\Temp\tmp9uwpxnrv.docx contract=CON001 files=['word/document.xml']
[2026-02-11T13:01:07.501617+00:00] using_template=C:\Users\LTP-IT~1\AppData\Local\Temp\tmp9uwpxnrv.docx contract=CON001
[2026-02-11T13:01:13.619230+00:00] repaired=C:\Users\LTP-IT~1\AppData\Local\Temp\tmpr1zckzck.docx contract=CON001 files=['word/document.xml']
[2026-02-11T13:01:13.674233+00:00] using_template=C:\Users\LTP-IT~1\AppData\Local\Temp\tmpr1zckzck.docx contract=CON001
[2026-02-11T13:05:08.430488+00:00] repaired=C:\Users\LTP-IT~1\AppData\Local\Temp\tmpfz0j1w7q.docx contract=CON123 files=['word/document.xml']
[2026-02-11T13:05:08.476491+00:00] using_template=C:\Users\LTP-IT~1\AppData\Local\Temp\tmpfz0j1w7q.docx contract=CON123
[2026-02-11T13:07:27.673728+00:00] repaired=C:\Users\LTP-IT~1\AppData\Local\Temp\tmp4bcnrm64.docx contract=CON123 files=['word/document.xml']
[2026-02-11T13:07:27.737464+00:00] using_template=C:\Users\LTP-IT~1\AppData\Local\Temp\tmp4bcnrm64.docx contract=CON123
[2026-02-11T13:09:41.083983+00:00] repaired=C:\Users\LTP-IT~1\AppData\Local\Temp\tmpf1u2xxnz.docx contract=CON002 files=['word/document.xml']
[2026-02-11T13:09:41.147668+00:00] using_template=C:\Users\LTP-IT~1\AppData\Local\Temp\tmpf1u2xxnz.docx contract=CON002
[2026-02-11T13:13:49.292835+00:00] repaired=C:\Users\LTP-IT~1\AppData\Local\Temp\tmpp3wsix9p.docx contract=CON123 files=['word/document.xml']
[2026-02-11T13:13:49.340763+00:00] using_template=C:\Users\LTP-IT~1\AppData\Local\Temp\tmpp3wsix9p.docx contract=CON123
[2026-02-11T13:21:15.806365+00:00] repaired=C:\Users\LTP-IT~1\AppData\Local\Temp\tmpo5uoxm15.docx contract=CON123 files=['word/document.xml']
[2026-02-11T13:21:15.869978+00:00] using_template=C:\Users\LTP-IT~1\AppData\Local\Temp\tmpo5uoxm15.docx contract=CON123
[2026-02-11T13:22:53.264140+00:00] repaired=C:\Users\LTP-IT~1\AppData\Local\Temp\tmpqj9w6_k_.docx contract=CON123 files=['word/document.xml']
[2026-02-11T13:22:53.327606+00:00] using_template=C:\Users\LTP-IT~1\AppData\Local\Temp\tmpqj9w6_k_.docx contract=CON123
[2026-02-11T13:26:48.669525+00:00] repaired=C:\Users\LTP-IT~1\AppData\Local\Temp\tmp5veyeic6.docx contract=CON123 files=['word/document.xml']
[2026-02-11T13:26:48.733718+00:00] using_template=C:\Users\LTP-IT~1\AppData\Local\Temp\tmp5veyeic6.docx contract=CON123
[2026-02-11T13:35:38.342854+00:00] repaired=C:\Users\LTP-IT~1\AppData\Local\Temp\tmp61ad_9iv.docx contract=CON001 files=['word/document.xml']
[2026-02-11T13:35:38.390951+00:00] using_template=C:\Users\LTP-IT~1\AppData\Local\Temp\tmp61ad_9iv.docx contract=CON001
[2026-02-11T13:43:25.811791+00:00] repaired=C:\Users\LTP-IT~1\AppData\Local\Temp\tmptbmt_2rn.docx contract=CON001 files=['word/document.xml']
[2026-02-11T13:43:25.869778+00:00] using_template=C:\Users\LTP-IT~1\AppData\Local\Temp\tmptbmt_2rn.docx contract=CON001
[2026-02-11T13:47:50.308436+00:00] repaired=C:\Users\LTP-IT~1\AppData\Local\Temp\tmpf4o711h1.docx contract=CON001 files=['word/document.xml']
[2026-02-11T13:47:50.372355+00:00] using_template=C:\Users\LTP-IT~1\AppData\Local\Temp\tmpf4o711h1.docx contract=CON001
[2026-02-11T13:48:13.760144+00:00] repaired=C:\Users\LTP-IT~1\AppData\Local\Temp\tmp0xttsq6n.docx contract=CON001 files=['word/document.xml']
[2026-02-11T13:48:13.823937+00:00] using_template=C:\Users\LTP-IT~1\AppData\Local\Temp\tmp0xttsq6n.docx contract=CON001
[2026-02-11T13:48:44.791805+00:00] repaired=C:\Users\LTP-IT~1\AppData\Local\Temp\tmpffdo5bm_.docx contract=CON123 files=['word/document.xml']
[2026-02-11T13:48:44.841384+00:00] using_template=C:\Users\LTP-IT~1\AppData\Local\Temp\tmpffdo5bm_.docx contract=CON123
[2026-02-11T13:50:55.117912+00:00] repaired=C:\Users\LTP-IT~1\AppData\Local\Temp\tmpcuhye1vb.docx contract=CON001 files=['word/document.xml']
[2026-02-11T13:50:55.168377+00:00] using_template=C:\Users\LTP-IT~1\AppData\Local\Temp\tmpcuhye1vb.docx contract=CON001
[2026-02-11T13:52:25.281417+00:00] repaired=C:\Users\LTP-IT~1\AppData\Local\Temp\tmp98qh5u5h.docx contract=CON001 files=['word/document.xml']
[2026-02-11T13:52:25.344797+00:00] using_template=C:\Users\LTP-IT~1\AppData\Local\Temp\tmp98qh5u5h.docx contract=CON001
[2026-02-11T19:12:08.164599+00:00] repaired=C:\Users\LTP-IT~1\AppData\Local\Temp\tmpnda9zv28.docx contract=CON123 files=['word/document.xml']
[2026-02-11T19:12:08.189532+00:00] using_template=C:\Users\LTP-IT~1\AppData\Local\Temp\tmpnda9zv28.docx contract=CON123
[2026-02-11T20:27:19.527618+00:00] repaired=C:\Users\LTP-IT~1\AppData\Local\Temp\tmpwhhsssje.docx contract=CON001 files=['word/document.xml']
[2026-02-11T20:27:19.584969+00:00] using_template=C:\Users\LTP-IT~1\AppData\Local\Temp\tmpwhhsssje.docx contract=CON001
[2026-02-11T23:25:29.482801+00:00] repaired=C:\Users\LTP-IT~1\AppData\Local\Temp\tmputo68jhf.docx contract=CON001 files=['word/document.xml']
[2026-02-11T23:25:29.544282+00:00] using_template=C:\Users\LTP-IT~1\AppData\Local\Temp\tmputo68jhf.docx contract=CON001
[2026-02-11T23:25:52.173880+00:00] repaired=C:\Users\LTP-IT~1\AppData\Local\Temp\tmpm3zk0dv6.docx contract=CON001 files=['word/document.xml']
[2026-02-11T23:25:52.232583+00:00] using_template=C:\Users\LTP-IT~1\AppData\Local\Temp\tmpm3zk0dv6.docx contract=CON001
[2026-02-11T23:44:03.205749+00:00] repaired=C:\Users\LTP-IT~1\AppData\Local\Temp\tmplojdldpc.docx contract=CON123 files=['word/document.xml']
[2026-02-11T23:44:03.269361+00:00] using_template=C:\Users\LTP-IT~1\AppData\Local\Temp\tmplojdldpc.docx contract=CON123
[2026-02-11T23:44:23.589560+00:00] repaired=C:\Users\LTP-IT~1\AppData\Local\Temp\tmpmbhnc6qy.docx contract=CON123 files=['word/document.xml']
[2026-02-11T23:44:23.637162+00:00] using_template=C:\Users\LTP-IT~1\AppData\Local\Temp\tmpmbhnc6qy.docx contract=CON123
[2026-02-11T23:55:29.478137+00:00] repaired=C:\Users\LTP-IT~1\AppData\Local\Temp\tmpyr684_jd.docx contract=CON321 files=['word/document.xml']
[2026-02-11T23:55:29.494841+00:00] using_template=C:\Users\LTP-IT~1\AppData\Local\Temp\tmpyr684_jd.docx contract=CON321
[2026-02-11T23:55:31.107036+00:00] repaired=C:\Users\LTP-IT~1\AppData\Local\Temp\tmp55cro9im.docx contract=CON321 files=['word/document.xml']
[2026-02-11T23:55:31.119013+00:00] using_template=C:\Users\LTP-IT~1\AppData\Local\Temp\tmp55cro9im.docx contract=CON321
[2026-02-11T23:56:48.542390+00:00] repaired=C:\Users\LTP-IT~1\AppData\Local\Temp\tmp09xpx6bo.docx contract=CON321 files=['word/document.xml']
[2026-02-11T23:56:48.555684+00:00] using_template=C:\Users\LTP-IT~1\AppData\Local\Temp\tmp09xpx6bo.docx contract=CON321
[2026-02-11T23:58:12.819409+00:00] repaired=C:\Users\LTP-IT~1\AppData\Local\Temp\tmpnwmtsl3v.docx contract=CON123 files=['word/document.xml']
[2026-02-11T23:58:12.880841+00:00] using_template=C:\Users\LTP-IT~1\AppData\Local\Temp\tmpnwmtsl3v.docx contract=CON123
[2026-02-11T23:58:50.826187+00:00] repaired=C:\Users\LTP-IT~1\AppData\Local\Temp\tmp25ao_eha.docx contract=CON001 files=['word/document.xml']
[2026-02-11T23:58:50.885235+00:00] using_template=C:\Users\LTP-IT~1\AppData\Local\Temp\tmp25ao_eha.docx contract=CON001
[2026-02-12T02:44:00.888255+00:00] repaired=C:\Users\LTP-IT~1\AppData\Local\Temp\tmpca9rkmav.docx contract=CON111 files=['word/document.xml']
[2026-02-12T02:44:00.944400+00:00] using_template=C:\Users\LTP-IT~1\AppData\Local\Temp\tmpca9rkmav.docx contract=CON111
[2026-02-12T02:44:23.708767+00:00] repaired=C:\Users\LTP-IT~1\AppData\Local\Temp\tmplibr5q_z.docx contract=CON111 files=['word/document.xml']
[2026-02-12T02:44:23.763759+00:00] using_template=C:\Users\LTP-IT~1\AppData\Local\Temp\tmplibr5q_z.docx contract=CON111
[2026-02-12T03:38:18.096709+00:00] repaired=C:\Users\LTP-IT~1\AppData\Local\Temp\tmpz_d_4gmz.docx contract=CON001 files=['word/document.xml']
[2026-02-12T03:38:18.127776+00:00] using_template=C:\Users\LTP-IT~1\AppData\Local\Temp\tmpz_d_4gmz.docx contract=CON001
[2026-02-12T04:01:01.781146+00:00] repaired=C:\Users\LTP-IT~1\AppData\Local\Temp\tmpjainy860.docx contract=CON111 files=['word/document.xml']
[2026-02-12T04:01:01.812641+00:00] using_template=C:\Users\LTP-IT~1\AppData\Local\Temp\tmpjainy860.docx contract=CON111
[2026-02-12T04:19:13.180032+00:00] repaired=C:\Users\LTP-IT~1\AppData\Local\Temp\tmp1sn87ine.docx contract=CON123 files=['word/document.xml']
[2026-02-12T04:19:13.206700+00:00] using_template=C:\Users\LTP-IT~1\AppData\Local\Temp\tmp1sn87ine.docx contract=CON123
[2026-02-12T04:25:47.260534+00:00] repaired=C:\Users\LTP-IT~1\AppData\Local\Temp\tmp8637o2uq.docx contract=CON111 files=['word/document.xml']
[2026-02-12T04:25:47.291181+00:00] using_template=C:\Users\LTP-IT~1\AppData\Local\Temp\tmp8637o2uq.docx contract=CON111
[2026-02-12T04:34:41.343829+00:00] repaired=C:\Users\LTP-IT~1\AppData\Local\Temp\tmph81s2xxg.docx contract=CON004 files=['word/document.xml']
[2026-02-12T04:34:41.368642+00:00] using_template=C:\Users\LTP-IT~1\AppData\Local\Temp\tmph81s2xxg.docx contract=CON004
[2026-02-12T05:20:46.712932+00:00] repaired=C:\Users\LTP-IT~1\AppData\Local\Temp\tmpsdhz6iml.docx contract=CON111 files=['word/document.xml']
[2026-02-12T05:20:46.771730+00:00] using_template=C:\Users\LTP-IT~1\AppData\Local\Temp\tmpsdhz6iml.docx contract=CON111
[2026-02-12T06:27:29.352225+00:00] repaired=C:\Users\LTP-IT~1\AppData\Local\Temp\tmpkx7hm1tx.docx contract=CON007 files=['word/document.xml']
[2026-02-12T06:27:29.400856+00:00] using_template=C:\Users\LTP-IT~1\AppData\Local\Temp\tmpkx7hm1tx.docx contract=CON007
[2026-02-12T06:31:25.629527+00:00] repaired=C:\Users\LTP-IT~1\AppData\Local\Temp\tmpf7xlzr_0.docx contract=CON007 files=['word/document.xml']
[2026-02-12T06:31:25.683183+00:00] using_template=C:\Users\LTP-IT~1\AppData\Local\Temp\tmpf7xlzr_0.docx contract=CON007
[2026-02-12T07:13:14.988600+00:00] repaired=C:\Users\LTP-IT~1\AppData\Local\Temp\tmpv75tgr3m.docx contract=CON008 files=['word/document.xml']
[2026-02-12T07:13:15.019638+00:00] using_template=C:\Users\LTP-IT~1\AppData\Local\Temp\tmpv75tgr3m.docx contract=CON008
[2026-02-12T07:58:31.845168+00:00] repaired=C:\Users\LTP-IT~1\AppData\Local\Temp\tmpds7lj2uk.docx contract=CON008 files=['word/document.xml']
[2026-02-12T07:58:31.910024+00:00] using_template=C:\Users\LTP-IT~1\AppData\Local\Temp\tmpds7lj2uk.docx contract=CON008
[2026-02-12T09:13:27.355456+00:00] repaired=C:\Users\LTP-IT~1\AppData\Local\Temp\tmpwoiandkf.docx contract=CON008 files=['word/document.xml']
[2026-02-12T09:13:27.406656+00:00] using_template=C:\Users\LTP-IT~1\AppData\Local\Temp\tmpwoiandkf.docx contract=CON008
[2026-02-13T15:03:07.871021+00:00] repaired=C:\Users\LTP-IT~1\AppData\Local\Temp\tmphae8iz_w.docx contract=CON333 files=['word/document.xml']
[2026-02-13T15:03:07.906961+00:00] using_template=C:\Users\LTP-IT~1\AppData\Local\Temp\tmphae8iz_w.docx contract=CON333
[2026-02-13T15:03:46.041741+00:00] repaired=C:\Users\LTP-IT~1\AppData\Local\Temp\tmp3xok3goj.docx contract=CON333 files=['word/document.xml']
[2026-02-13T15:03:46.073887+00:00] using_template=C:\Users\LTP-IT~1\AppData\Local\Temp\tmp3xok3goj.docx contract=CON333
[2026-02-13T15:04:32.586770+00:00] repaired=C:\Users\LTP-IT~1\AppData\Local\Temp\tmp4fep3q6z.docx contract=CON333 files=['word/document.xml']
[2026-02-13T15:04:32.607754+00:00] using_template=C:\Users\LTP-IT~1\AppData\Local\Temp\tmp4fep3q6z.docx contract=CON333
[2026-02-13T15:04:58.138753+00:00] repaired=C:\Users\LTP-IT~1\AppData\Local\Temp\tmp1rllsalo.docx contract=CON007 files=['word/document.xml']
[2026-02-13T15:04:58.154569+00:00] using_template=C:\Users\LTP-IT~1\AppData\Local\Temp\tmp1rllsalo.docx contract=CON007
[2026-02-13T15:07:15.515089+00:00] repaired=C:\Users\LTP-IT~1\AppData\Local\Temp\tmpofmk5ll9.docx contract=CON333 files=['word/document.xml']
[2026-02-13T15:07:15.547529+00:00] using_template=C:\Users\LTP-IT~1\AppData\Local\Temp\tmpofmk5ll9.docx contract=CON333
[2026-02-13T15:15:18.801595+00:00] repaired=C:\Users\LTP-IT~1\AppData\Local\Temp\tmpxf4m736z.docx contract=CON333 files=['word/document.xml']
[2026-02-13T15:15:18.831672+00:00] using_template=C:\Users\LTP-IT~1\AppData\Local\Temp\tmpxf4m736z.docx contract=CON333
[2026-02-13T16:08:58.003386+00:00] repaired=C:\Users\LTP-IT~1\AppData\Local\Temp\tmp_0fz_bji.docx contract=CON334 files=['word/document.xml']
[2026-02-13T16:08:58.059528+00:00] using_template=C:\Users\LTP-IT~1\AppData\Local\Temp\tmp_0fz_bji.docx contract=CON334
[2026-02-13T16:12:51.637841+00:00] repaired=C:\Users\LTP-IT~1\AppData\Local\Temp\tmpqm23gy69.docx contract=CON334 files=['word/document.xml']
[2026-02-13T16:12:51.672209+00:00] using_template=C:\Users\LTP-IT~1\AppData\Local\Temp\tmpqm23gy69.docx contract=CON334
[2026-02-14T19:31:26.543307+07:00] repaired=C:\Users\LTP-IT~1\AppData\Local\Temp\tmpuvnow1w0.docx contract=CON001 files=['word/document.xml']
[2026-02-14T19:31:26.559609+07:00] using_template=C:\Users\LTP-IT~1\AppData\Local\Temp\tmpuvnow1w0.docx contract=CON001
[2026-02-14T19:32:48.792228+07:00] repaired=C:\Users\LTP-IT~1\AppData\Local\Temp\tmpt4rprdc5.docx contract=CON002 files=['word/document.xml']
[2026-02-14T19:32:48.808008+07:00] using_template=C:\Users\LTP-IT~1\AppData\Local\Temp\tmpt4rprdc5.docx contract=CON002
[2026-02-14T19:35:34.672741+07:00] repaired=C:\Users\LTP-IT~1\AppData\Local\Temp\tmpxdyffrq6.docx contract=CON001 files=['word/document.xml']
[2026-02-14T19:35:34.691631+07:00] using_template=C:\Users\LTP-IT~1\AppData\Local\Temp\tmpxdyffrq6.docx contract=CON001
[2026-02-14T19:36:21.181570+07:00] repaired=C:\Users\LTP-IT~1\AppData\Local\Temp\tmprj3euvtj.docx contract=CON001 files=['word/document.xml']
[2026-02-14T19:36:21.197791+07:00] using_template=C:\Users\LTP-IT~1\AppData\Local\Temp\tmprj3euvtj.docx contract=CON001
[2026-02-14T19:46:34.845852+07:00] repaired=C:\Users\LTP-IT~1\AppData\Local\Temp\tmpnnklwams.docx contract=CON001 files=['word/document.xml']
[2026-02-14T19:46:34.984184+07:00] using_template=C:\Users\LTP-IT~1\AppData\Local\Temp\tmpnnklwams.docx contract=CON001
[2026-02-14T19:54:27.035350+07:00] repaired=C:\Users\LTP-IT~1\AppData\Local\Temp\tmpg7bmf9pw.docx contract=CON001 files=['word/document.xml']
[2026-02-14T19:54:27.051026+07:00] using_template=C:\Users\LTP-IT~1\AppData\Local\Temp\tmpg7bmf9pw.docx contract=CON001
[2026-02-14T19:59:43.169596+07:00] repaired=C:\Users\LTP-IT~1\AppData\Local\Temp\tmpn0lluf1w.docx contract=CON003 files=['word/document.xml']
[2026-02-14T19:59:43.175603+07:00] using_template=C:\Users\LTP-IT~1\AppData\Local\Temp\tmpn0lluf1w.docx contract=CON003
[2026-02-14T20:05:05.871712+07:00] repaired=C:\Users\LTP-IT~1\AppData\Local\Temp\tmp6dp7hizr.docx contract=CON201 files=['word/document.xml']
[2026-02-14T20:05:05.889583+07:00] using_template=C:\Users\LTP-IT~1\AppData\Local\Temp\tmp6dp7hizr.docx contract=CON201
[2026-02-14T20:17:54.500263+07:00] repaired=C:\Users\LTP-IT~1\AppData\Local\Temp\tmprje4fh_2.docx contract=CON401 files=['word/document.xml']
[2026-02-14T20:17:54.516556+07:00] using_template=C:\Users\LTP-IT~1\AppData\Local\Temp\tmprje4fh_2.docx contract=CON401
[2026-02-14T20:19:19.128407+07:00] repaired=C:\Users\LTP-IT~1\AppData\Local\Temp\tmpg62ffb8x.docx contract=CON002 files=['word/document.xml']
[2026-02-14T20:19:19.143482+07:00] using_template=C:\Users\LTP-IT~1\AppData\Local\Temp\tmpg62ffb8x.docx contract=CON002
[2026-02-14T20:21:45.705784+07:00] repaired=C:\Users\LTP-IT~1\AppData\Local\Temp\tmpa6odyiir.docx contract=CON401 files=['word/document.xml']
[2026-02-14T20:21:45.705784+07:00] using_template=C:\Users\LTP-IT~1\AppData\Local\Temp\tmpa6odyiir.docx contract=CON401
[2026-02-14T14:52:27.418928+00:00] repaired=C:\Users\LTP-IT~1\AppData\Local\Temp\tmpvvcvez7k.docx contract=CON001 files=['word/document.xml']
[2026-02-14T14:52:27.437821+00:00] using_template=C:\Users\LTP-IT~1\AppData\Local\Temp\tmpvvcvez7k.docx contract=CON001
[2026-02-14T14:53:10.455269+00:00] repaired=C:\Users\LTP-IT~1\AppData\Local\Temp\tmpka3pwhep.docx contract=CON401 files=['word/document.xml']
[2026-02-14T14:53:10.473225+00:00] using_template=C:\Users\LTP-IT~1\AppData\Local\Temp\tmpka3pwhep.docx contract=CON401
