[2026-02-08T16:12:43.617396+00:00] query_params={}
[2026-02-08T16:12:43.640391+00:00] query_params={}
[2026-02-08T16:13:09.457451+00:00] query_params={}
[2026-02-08T16:13:09.480372+00:00] query_params={}
[2026-02-08T16:13:54.660356+00:00] query_params={'contract_number': ['CON001']}
[2026-02-08T16:13:55.336477+00:00] query_params={'contract_number': ['CON001']}
[2026-02-08T16:13:57.592162+00:00] query_params={'contract_number': ['CON001']}
[2026-02-08T16:13:59.512466+00:00] query_params={'contract_number': ['CON001']}
[2026-02-08T16:14:09.034214+00:00] query_params={'contract_number': ['CON005']}
[2026-02-08T16:14:09.157725+00:00] query_params={'contract_number': ['CON005']}
[2026-02-08T16:14:27.065106+00:00] query_params={}
[2026-02-08T16:14:27.085433+00:00] query_params={}
[2026-02-08T16:14:30.130191+00:00] query_params={'contract_number': ['CON005']}
[2026-02-08T16:14:30.811091+00:00] query_params={'contract_number': ['CON005']}
[2026-02-08T16:14:33.630061+00:00] query_params={'contract_number': ['CON005']}
[2026-02-08T16:14:35.158882+00:00] query_params={'contract_number': ['CON005']}
[2026-02-08T16:14:39.490436+00:00] query_params={}
[2026-02-08T16:17:21.742546+00:00] query_params={}
[2026-02-08T16:17:21.763695+00:00] query_params={}
[2026-02-08T16:17:24.003527+00:00] query_params={}
[2026-02-08T16:17:24.036166+00:00] query_params={}
[2026-02-08T16:18:42.426241+00:00] query_params={}
[2026-02-08T16:18:42.448041+00:00] query_params={}
[2026-02-08T16:20:58.607785+00:00] query_params={}
[2026-02-08T16:20:58.630645+00:00] query_params={}
[2026-02-08T16:21:05.249290+00:00] query_params={}
[2026-02-08T16:21:05.275355+00:00] query_params={}
[2026-02-08T16:27:33.587454+00:00] query_params={}
[2026-02-08T16:27:33.614421+00:00] query_params={}
[2026-02-08T16:27:39.373044+00:00] query_params={}
[2026-02-08T16:27:39.402473+00:00] query_params={}
[2026-02-08T16:27:42.422045+00:00] query_params={'contract_number': ['CON001']}
[2026-02-08T16:27:42.543769+00:00] query_params={'contract_number': ['CON001']}
[2026-02-08T16:27:58.331827+00:00] query_params={}
[2026-02-08T16:27:59.812583+00:00] query_params={'contract_number': ['CON005']}
[2026-02-08T16:27:59.939571+00:00] query_params={'contract_number': ['CON005']}
[2026-02-08T16:28:36.203674+00:00] query_params={'contract_number': ['CON002']}
[2026-02-08T16:28:36.316241+00:00] query_params={'contract_number': ['CON002']}
[2026-02-08T16:29:38.241109+00:00] query_params={'contract_number': ['CON003']}
[2026-02-08T16:29:38.349266+00:00] query_params={'contract_number': ['CON003']}
[2026-02-08T16:29:47.033620+00:00] query_params={}
[2026-02-08T16:29:51.280374+00:00] query_params={'contract_number': ['CON005']}
[2026-02-08T16:29:51.381132+00:00] query_params={'contract_number': ['CON005']}
[2026-02-08T16:30:12.115637+00:00] query_params={'contract_number': ['CON002']}
[2026-02-08T16:30:12.197069+00:00] query_params={'contract_number': ['CON002']}
[2026-02-08T16:31:24.402952+00:00] query_params={}
[2026-02-08T16:31:24.440843+00:00] query_params={}
[2026-02-08T16:31:26.623606+00:00] query_params={'contract_number': ['CON005']}
[2026-02-08T16:31:26.759245+00:00] query_params={'contract_number': ['CON005']}
[2026-02-08T16:31:37.349068+00:00] query_params={}
[2026-02-09T01:25:24.858559+00:00] query_params={}
[2026-02-09T01:25:24.897465+00:00] query_params={}
[2026-02-09T01:34:25.786901+00:00] query_params={}
[2026-02-09T01:34:25.819372+00:00] query_params={}
[2026-02-09T01:34:54.012877+00:00] query_params={}
[2026-02-09T01:34:54.040470+00:00] query_params={}
[2026-02-09T01:35:01.298811+00:00] query_params={}
[2026-02-09T01:35:01.326734+00:00] query_params={}
[2026-02-09T01:36:02.179392+00:00] query_params={}
[2026-02-09T01:36:02.209687+00:00] query_params={}
[2026-02-09T02:19:10.939704+00:00] query_params={}
[2026-02-09T02:19:10.960311+00:00] query_params={}
[2026-02-09T02:19:15.116511+00:00] query_params={}
[2026-02-09T02:19:15.133905+00:00] query_params={}
[2026-02-09T02:19:47.501960+00:00] query_params={}
[2026-02-09T02:19:47.525263+00:00] query_params={}
[2026-02-09T02:21:14.185345+00:00] query_params={}
[2026-02-09T02:21:14.199914+00:00] query_params={}
[2026-02-09T02:21:25.905364+00:00] query_params={'contract_number': ['CON002']}
[2026-02-09T02:21:26.585172+00:00] query_params={'contract_number': ['CON002']}
[2026-02-09T02:21:38.228037+00:00] query_params={'contract_number': ['CON002']}
[2026-02-09T02:21:48.622262+00:00] query_params={'contract_number': ['CON002']}
[2026-02-09T02:21:55.021481+00:00] query_params={}
[2026-02-09T02:23:27.465184+00:00] query_params={}
[2026-02-09T02:23:27.491900+00:00] query_params={}
[2026-02-09T03:02:13.625401+00:00] query_params={}
[2026-02-09T03:02:13.649796+00:00] query_params={}
[2026-02-09T03:02:18.527231+00:00] query_params={}
[2026-02-09T03:02:18.550965+00:00] query_params={}
[2026-02-09T03:04:20.881216+00:00] query_params={}
[2026-02-09T03:04:20.912133+00:00] query_params={}
[2026-02-09T03:04:47.798610+00:00] query_params={}
[2026-02-09T03:04:47.822004+00:00] query_params={}
[2026-02-09T03:05:39.398664+00:00] query_params={}
[2026-02-09T03:05:39.422738+00:00] query_params={}
[2026-02-09T03:07:54.692095+00:00] query_params={}
[2026-02-09T03:07:54.721234+00:00] query_params={}
[2026-02-09T03:13:38.975348+00:00] query_params={}
[2026-02-09T03:13:38.997101+00:00] query_params={}
[2026-02-09T03:13:42.767516+00:00] query_params={}
[2026-02-09T03:13:42.788912+00:00] query_params={}
[2026-02-09T03:14:46.705287+00:00] query_params={}
[2026-02-09T03:14:46.730970+00:00] query_params={}
[2026-02-09T03:14:59.130736+00:00] query_params={}
[2026-02-09T03:14:59.154102+00:00] query_params={}
[2026-02-09T03:15:06.020880+00:00] query_params={}
[2026-02-09T03:15:06.042912+00:00] query_params={}
[2026-02-09T06:13:25.445910+00:00] query_params={}
[2026-02-09T06:13:25.466546+00:00] query_params={}
[2026-02-09T06:13:38.521996+00:00] query_params={'contract_number': ['c']}
[2026-02-09T06:13:38.881989+00:00] query_params={'contract_number': ['co']}
[2026-02-09T06:13:39.158485+00:00] query_params={'contract_number': ['con']}
[2026-02-09T06:13:39.364776+00:00] query_params={'contract_number': ['con0']}
[2026-02-09T06:13:39.519744+00:00] query_params={'contract_number': ['con00']}
[2026-02-09T06:13:40.076977+00:00] query_params={'contract_number': ['con002']}
[2026-02-09T06:13:52.732371+00:00] query_params={'contract_number': ['CON001']}
[2026-02-09T06:13:53.357269+00:00] query_params={'contract_number': ['CON001']}
[2026-02-09T06:14:16.483681+00:00] query_params={'contract_number': ['CON001']}
[2026-02-09T06:14:25.986182+00:00] query_params={'contract_number': ['CON001']}
[2026-02-09T06:15:41.633058+00:00] query_params={}
[2026-02-09T06:15:41.650831+00:00] query_params={}
[2026-02-09T06:15:54.656497+00:00] query_params={}
[2026-02-09T06:15:54.684421+00:00] query_params={}
[2026-02-09T06:16:28.556066+00:00] query_params={}
[2026-02-09T06:16:28.572839+00:00] query_params={}
[2026-02-09T06:16:44.650463+00:00] query_params={}
[2026-02-09T06:16:44.673739+00:00] query_params={}
[2026-02-09T06:17:54.141649+00:00] query_params={}
[2026-02-09T06:17:54.157715+00:00] query_params={}
[2026-02-09T06:17:59.384321+00:00] query_params={}
[2026-02-09T06:17:59.405972+00:00] query_params={}
[2026-02-09T06:18:06.718027+00:00] query_params={}
[2026-02-09T06:18:06.733429+00:00] query_params={}
[2026-02-09T06:18:51.953358+00:00] query_params={}
[2026-02-09T06:18:51.969810+00:00] query_params={}
[2026-02-09T07:08:22.492320+00:00] query_params={}
[2026-02-09T07:08:22.524289+00:00] query_params={}
[2026-02-09T07:11:30.522776+00:00] query_params={}
[2026-02-09T07:11:30.549238+00:00] query_params={}
[2026-02-09T07:15:00.202311+00:00] query_params={}
[2026-02-09T07:15:00.225901+00:00] query_params={}
[2026-02-09T07:31:33.617201+00:00] query_params={}
[2026-02-09T07:31:33.641596+00:00] query_params={}
[2026-02-09T09:18:08.696092+00:00] query_params={}
[2026-02-09T09:18:08.728730+00:00] query_params={}
[2026-02-09T09:41:48.582019+00:00] query_params={}
[2026-02-09T09:41:48.604368+00:00] query_params={}
[2026-02-09T12:44:19.543192+00:00] query_params={}
[2026-02-09T12:44:19.571023+00:00] query_params={}
[2026-02-09T12:44:36.734210+00:00] query_params={}
[2026-02-09T12:44:36.755641+00:00] query_params={}
[2026-02-09T12:51:52.477590+00:00] query_params={}
[2026-02-09T12:51:52.503352+00:00] query_params={}
[2026-02-09T12:52:08.502338+00:00] query_params={}
[2026-02-09T12:52:08.524877+00:00] query_params={}
[2026-02-09T12:52:52.101569+00:00] query_params={'contract_number': ['CON001']}
[2026-02-09T12:52:52.793862+00:00] query_params={'contract_number': ['CON001']}
[2026-02-09T12:52:55.827312+00:00] query_params={'contract_number': ['CON001']}
[2026-02-09T12:52:59.646436+00:00] query_params={'contract_number': ['CON001']}
[2026-02-09T12:53:07.697790+00:00] query_params={'contract_number': ['CON005']}
[2026-02-09T12:53:07.885219+00:00] query_params={'contract_number': ['CON005']}
[2026-02-09T12:53:10.216606+00:00] query_params={}
[2026-02-09T12:53:21.669198+00:00] query_params={'contract_number': ['CON001']}
[2026-02-09T12:53:21.787719+00:00] query_params={'contract_number': ['CON001']}
[2026-02-09T12:53:29.894995+00:00] query_params={'contract_number': ['CON001']}
[2026-02-09T12:53:30.032352+00:00] query_params={'contract_number': ['CON001']}
[2026-02-09T12:53:43.561230+00:00] query_params={'contract_number': ['CON003']}
[2026-02-09T12:53:43.660180+00:00] query_params={'contract_number': ['CON003']}
[2026-02-09T12:53:49.981243+00:00] query_params={'contract_number': ['CON003']}
[2026-02-09T12:53:50.083082+00:00] query_params={'contract_number': ['CON003']}
[2026-02-09T12:56:20.159514+00:00] query_params={}
[2026-02-09T12:56:20.178973+00:00] query_params={}
[2026-02-09T13:05:50.325191+00:00] query_params={}
[2026-02-09T13:05:50.348681+00:00] query_params={}
[2026-02-09T13:07:00.997587+00:00] query_params={}
[2026-02-09T13:07:01.021088+00:00] query_params={}
[2026-02-09T13:08:53.731339+00:00] query_params={}
[2026-02-09T13:08:53.765250+00:00] query_params={}
[2026-02-09T13:11:09.597086+00:00] query_params={}
[2026-02-09T13:11:09.622267+00:00] query_params={}
[2026-02-09T13:13:05.571563+00:00] query_params={}
[2026-02-09T13:13:05.600020+00:00] query_params={}
[2026-02-09T13:17:39.760547+00:00] query_params={}
[2026-02-09T13:17:39.787483+00:00] query_params={}
[2026-02-09T13:18:36.809734+00:00] query_params={}
[2026-02-09T13:18:36.834095+00:00] query_params={}
[2026-02-09T13:25:59.657886+00:00] query_params={}
[2026-02-09T13:25:59.682149+00:00] query_params={}
[2026-02-09T13:29:01.178472+00:00] query_params={}
[2026-02-09T13:29:01.204452+00:00] query_params={}
[2026-02-09T13:29:03.411030+00:00] query_params={}
[2026-02-09T13:29:03.438355+00:00] query_params={}
[2026-02-09T13:31:44.881988+00:00] query_params={}
[2026-02-09T13:31:44.907940+00:00] query_params={}
[2026-02-09T13:31:50.169141+00:00] query_params={'contract_number': ['CON002']}
[2026-02-09T13:31:50.334855+00:00] query_params={'contract_number': ['CON002']}
[2026-02-09T13:31:59.111895+00:00] query_params={}
[2026-02-09T13:32:01.739850+00:00] query_params={'contract_number': ['CON001']}
[2026-02-09T13:32:01.879201+00:00] query_params={'contract_number': ['CON001']}
[2026-02-09T13:32:22.388314+00:00] query_params={'contract_number': ['CON003']}
[2026-02-09T13:32:22.519005+00:00] query_params={'contract_number': ['CON003']}
[2026-02-09T13:36:33.478271+00:00] query_params={}
[2026-02-09T13:36:33.503526+00:00] query_params={}
[2026-02-09T13:57:32.681663+00:00] query_params={}
[2026-02-09T13:57:32.714598+00:00] query_params={}
[2026-02-09T13:57:41.694180+00:00] query_params={}
[2026-02-09T14:03:24.472177+00:00] query_params={'contract_number': ['CON001']}
[2026-02-09T14:03:25.172155+00:00] query_params={'contract_number': ['CON001']}
[2026-02-09T14:03:39.415911+00:00] query_params={'contract_number': ['CON001']}
[2026-02-09T14:03:47.677626+00:00] query_params={'contract_number': ['CON001']}
[2026-02-09T14:03:57.896584+00:00] query_params={'contract_number': ['CON002']}
[2026-02-09T14:03:58.090594+00:00] query_params={'contract_number': ['CON002']}
[2026-02-09T14:04:05.862352+00:00] query_params={'contract_number': ['CON001']}
[2026-02-09T14:04:05.999856+00:00] query_params={'contract_number': ['CON001']}
[2026-02-09T14:04:18.796761+00:00] query_params={'contract_number': ['CON003']}
[2026-02-09T14:04:18.951496+00:00] query_params={'contract_number': ['CON003']}
[2026-02-09T14:06:38.256272+00:00] query_params={}
[2026-02-09T14:06:38.283390+00:00] query_params={}
[2026-02-09T14:06:41.438142+00:00] query_params={'contract_number': ['CON001']}
[2026-02-09T14:06:41.602585+00:00] query_params={'contract_number': ['CON001']}
[2026-02-09T14:06:56.031627+00:00] query_params={'contract_number': ['CON003']}
[2026-02-09T14:06:56.162452+00:00] query_params={'contract_number': ['CON003']}
[2026-02-09T14:07:03.263098+00:00] query_params={'contract_number': ['CON003']}
[2026-02-09T14:07:03.411280+00:00] query_params={'contract_number': ['CON003']}
[2026-02-09T14:07:11.212550+00:00] query_params={}
[2026-02-09T14:07:11.236283+00:00] query_params={}
[2026-02-09T14:07:25.528347+00:00] query_params={}
[2026-02-09T14:07:25.553608+00:00] query_params={}
[2026-02-09T14:07:30.554735+00:00] query_params={'contract_number': ['CON001']}
[2026-02-09T14:07:31.225781+00:00] query_params={'contract_number': ['CON001']}
[2026-02-09T14:09:16.908959+00:00] query_params={}
[2026-02-09T14:09:16.954867+00:00] query_params={}
[2026-02-09T14:09:19.938849+00:00] query_params={'contract_number': ['CON002']}
[2026-02-09T14:09:20.066238+00:00] query_params={'contract_number': ['CON002']}
[2026-02-09T14:09:43.675542+00:00] query_params={}
[2026-02-09T14:09:58.043959+00:00] query_params={}
[2026-02-09T14:09:58.069486+00:00] query_params={}
[2026-02-09T14:10:01.851519+00:00] query_params={'contract_number': ['CON001']}
[2026-02-09T14:10:02.046983+00:00] query_params={'contract_number': ['CON001']}
[2026-02-09T14:13:54.665256+00:00] query_params={}
[2026-02-09T14:13:54.695876+00:00] query_params={}
[2026-02-09T14:13:57.930378+00:00] query_params={'contract_number': ['CON002']}
[2026-02-09T14:13:58.102010+00:00] query_params={'contract_number': ['CON002']}
[2026-02-09T14:14:25.472372+00:00] query_params={'contract_number': ['CON002']}
[2026-02-09T14:14:26.193261+00:00] query_params={'contract_number': ['CON002']}
[2026-02-09T14:14:33.929502+00:00] query_params={'contract_number': ['CON002']}
[2026-02-09T14:14:47.724750+00:00] query_params={'contract_number': ['CON002']}
[2026-02-09T14:14:47.893707+00:00] query_params={'contract_number': ['CON002']}
[2026-02-09T14:15:21.397770+00:00] query_params={'contract_number': ['CON002']}
[2026-02-09T14:15:21.568252+00:00] query_params={'contract_number': ['CON002']}
[2026-02-09T14:15:45.020097+00:00] query_params={'contract_number': ['CON003']}
[2026-02-09T14:15:45.184739+00:00] query_params={'contract_number': ['CON003']}
[2026-02-09T14:15:51.232892+00:00] query_params={'contract_number': ['CON001']}
[2026-02-09T14:15:51.400219+00:00] query_params={'contract_number': ['CON001']}
[2026-02-09T14:17:35.188986+00:00] query_params={'contract_number': ['TEST-DEFAULTS-001']}
[2026-02-09T14:20:43.467104+00:00] query_params={'contract_number': ['TEST-DEFAULTS-001']}
[2026-02-09T14:21:31.749843+00:00] query_params={}
[2026-02-09T14:21:31.790354+00:00] query_params={}
[2026-02-09T14:21:35.424049+00:00] query_params={'contract_number': ['CON002']}
[2026-02-09T14:21:35.536931+00:00] query_params={'contract_number': ['CON002']}
[2026-02-09T14:21:42.223666+00:00] query_params={'contract_number': ['CON003']}
[2026-02-09T14:21:42.380819+00:00] query_params={'contract_number': ['CON003']}
[2026-02-09T14:23:00.078363+00:00] query_params={'contract_number': ['CON002']}
[2026-02-09T14:23:00.239898+00:00] query_params={'contract_number': ['CON002']}
[2026-02-09T14:23:32.307599+00:00] query_params={'contract_number': ['CON005']}
[2026-02-09T14:23:32.515621+00:00] query_params={'contract_number': ['CON005']}
[2026-02-09T14:24:39.293580+00:00] query_params={'contract_number': ['TEST-COLL-001']}
[2026-02-09T14:28:25.212788+00:00] query_params={}
[2026-02-09T14:28:25.241086+00:00] query_params={}
[2026-02-09T14:28:56.046570+00:00] query_params={}
[2026-02-09T14:28:56.061337+00:00] query_params={}
[2026-02-09T14:29:23.459944+00:00] query_params={}
[2026-02-09T14:29:23.478209+00:00] query_params={}
[2026-02-09T14:31:22.210411+00:00] query_params={}
[2026-02-09T14:31:22.226980+00:00] query_params={}
[2026-02-09T14:31:27.926468+00:00] query_params={}
[2026-02-09T14:31:27.941072+00:00] query_params={}
[2026-02-09T14:32:13.731321+00:00] query_params={}
[2026-02-09T14:32:13.747554+00:00] query_params={}
[2026-02-09T14:32:45.491165+00:00] query_params={}
[2026-02-09T14:32:45.507803+00:00] query_params={}
[2026-02-09T14:33:04.540731+00:00] query_params={}
[2026-02-09T14:33:04.554841+00:00] query_params={}
[2026-02-09T14:34:27.764229+00:00] query_params={}
[2026-02-09T14:34:27.784402+00:00] query_params={}
[2026-02-09T14:34:57.624404+00:00] query_params={}
[2026-02-09T14:34:57.642658+00:00] query_params={}
[2026-02-09T14:35:29.762783+00:00] query_params={}
[2026-02-09T14:35:29.784088+00:00] query_params={}
[2026-02-09T14:36:05.968874+00:00] query_params={}
[2026-02-09T14:36:05.985086+00:00] query_params={}
[2026-02-09T14:52:02.808889+00:00] query_params={}
[2026-02-09T14:52:02.833981+00:00] query_params={}
[2026-02-09T14:53:18.765874+00:00] query_params={}
[2026-02-09T14:53:18.804472+00:00] query_params={}
[2026-02-09T14:57:48.095944+00:00] query_params={}
[2026-02-09T14:57:48.111233+00:00] query_params={}
[2026-02-09T15:16:12.848642+00:00] query_params={}
[2026-02-09T15:16:12.861868+00:00] query_params={}
[2026-02-09T15:16:17.233078+00:00] query_params={'contract_number': ['CON003']}
[2026-02-09T15:16:17.266100+00:00] query_params={'contract_number': ['CON003']}
[2026-02-09T15:18:14.388799+00:00] query_params={}
[2026-02-09T15:18:14.415566+00:00] query_params={}
[2026-02-09T15:19:00.724452+00:00] query_params={'contract_number': ['CON001']}
[2026-02-09T15:19:01.356423+00:00] query_params={'contract_number': ['CON001']}
[2026-02-09T15:20:47.017439+00:00] query_params={}
[2026-02-09T15:20:47.031261+00:00] query_params={}
[2026-02-09T15:26:15.084236+00:00] query_params={}
[2026-02-09T15:26:15.101877+00:00] query_params={}
[2026-02-09T15:38:38.470112+00:00] query_params={}
[2026-02-09T15:38:38.480412+00:00] query_params={}
[2026-02-09T16:02:24.266303+00:00] query_params={'contract_number': ['CON999']}
[2026-02-09T16:02:24.950646+00:00] query_params={'contract_number': ['CON999']}
[2026-02-09T16:02:27.467195+00:00] query_params={'contract_number': ['CON999']}
[2026-02-09T16:02:29.592610+00:00] query_params={'contract_number': ['CON999']}
[2026-02-10T00:45:22.986034+00:00] query_params={}
[2026-02-10T00:45:23.017502+00:00] query_params={}
[2026-02-10T00:51:02.836772+00:00] query_params={'contract_number': ['TEST-DEFAULTS-001']}
[2026-02-10T00:51:03.517011+00:00] query_params={'contract_number': ['TEST-DEFAULTS-001']}
[2026-02-10T00:51:09.224422+00:00] query_params={'contract_number': ['TEST-DEFAULTS-001']}
[2026-02-10T00:51:11.231767+00:00] query_params={'contract_number': ['TEST-DEFAULTS-001']}
[2026-02-10T00:51:15.025938+00:00] query_params={'contract_number': ['TEST-DEFAULTS-001']}
[2026-02-10T00:51:27.877497+00:00] query_params={'contract_number': ['CON002']}
[2026-02-10T00:51:28.538833+00:00] query_params={'contract_number': ['CON002']}
[2026-02-10T00:51:47.872054+00:00] query_params={'contract_number': ['CON999']}
[2026-02-10T00:51:48.534574+00:00] query_params={'contract_number': ['CON999']}
[2026-02-10T01:51:29.328838+00:00] query_params={}
[2026-02-10T01:51:29.353563+00:00] query_params={}
[2026-02-10T06:14:38.453466+00:00] query_params={}
[2026-02-10T06:14:38.479429+00:00] query_params={}
[2026-02-10T06:23:18.715210+00:00] query_params={'contract_number': ['CON002']}
[2026-02-10T06:23:19.399852+00:00] query_params={'contract_number': ['CON002']}
[2026-02-10T06:23:22.461001+00:00] query_params={'contract_number': ['CON002']}
[2026-02-10T06:23:24.120755+00:00] query_params={'contract_number': ['CON002']}
[2026-02-10T06:46:41.845919+00:00] query_params={}
[2026-02-10T06:46:41.874303+00:00] query_params={}
[2026-02-10T06:46:53.094100+00:00] query_params={}
[2026-02-10T06:46:53.117864+00:00] query_params={}
[2026-02-10T07:00:07.585793+00:00] query_params={}
[2026-02-10T07:00:07.622526+00:00] query_params={}
[2026-02-10T07:00:41.738594+00:00] query_params={}
[2026-02-10T07:00:41.762688+00:00] query_params={}
[2026-02-10T07:03:34.846291+00:00] query_params={}
[2026-02-10T07:03:34.869121+00:00] query_params={}
[2026-02-10T07:03:41.942674+00:00] query_params={'contract_number': ['CON001']}
[2026-02-10T07:03:42.583964+00:00] query_params={'contract_number': ['CON001']}
[2026-02-10T07:03:51.250861+00:00] query_params={'contract_number': ['CON001']}
[2026-02-10T07:03:58.635459+00:00] query_params={'contract_number': ['CON001']}
[2026-02-10T07:34:25.117104+00:00] query_params={}
[2026-02-10T07:34:25.132274+00:00] query_params={}
[2026-02-10T08:11:19.108623+00:00] query_params={}
[2026-02-10T08:11:19.149923+00:00] query_params={}
[2026-02-10T08:15:39.576648+00:00] query_params={}
[2026-02-10T08:15:39.602777+00:00] query_params={}
[2026-02-10T08:16:24.276650+00:00] query_params={}
[2026-02-10T08:16:24.297548+00:00] query_params={}
[2026-02-10T08:58:17.228170+00:00] query_params={}
[2026-02-10T08:58:17.250848+00:00] query_params={}
[2026-02-10T09:06:21.877656+00:00] query_params={}
[2026-02-10T09:06:21.904658+00:00] query_params={}
[2026-02-10T09:08:44.818998+00:00] query_params={}
[2026-02-10T09:08:44.841433+00:00] query_params={}
[2026-02-10T09:22:15.389571+00:00] query_params={}
[2026-02-10T09:22:15.410918+00:00] query_params={}
[2026-02-10T09:24:34.525179+00:00] query_params={}
[2026-02-10T09:24:34.541540+00:00] query_params={}
[2026-02-10T09:37:46.675963+00:00] query_params={}
[2026-02-10T09:37:46.699806+00:00] query_params={}
[2026-02-10T09:40:58.709397+00:00] query_params={}
[2026-02-10T09:40:58.755784+00:00] query_params={}
[2026-02-10T09:42:48.802446+00:00] query_params={}
[2026-02-10T09:42:48.825115+00:00] query_params={}
[2026-02-10T09:49:23.271499+00:00] query_params={}
[2026-02-10T09:51:00.502182+00:00] query_params={}
[2026-02-10T09:51:00.522635+00:00] query_params={}
[2026-02-10T09:55:05.179577+00:00] query_params={}
[2026-02-10T09:55:05.197542+00:00] query_params={}
[2026-02-10T09:55:31.262723+00:00] query_params={}
[2026-02-10T09:55:31.282581+00:00] query_params={}
[2026-02-10T10:03:46.972821+00:00] query_params={}
[2026-02-10T10:03:46.991045+00:00] query_params={}
[2026-02-10T10:03:48.728725+00:00] query_params={}
[2026-02-10T10:07:43.536950+00:00] query_params={}
[2026-02-10T10:07:43.561044+00:00] query_params={}
[2026-02-10T10:12:01.917050+00:00] query_params={}
[2026-02-10T10:12:01.930806+00:00] query_params={}
[2026-02-10T10:13:10.523173+00:00] query_params={}
[2026-02-10T10:13:10.534863+00:00] query_params={}
[2026-02-10T10:14:46.732448+00:00] query_params={}
[2026-02-10T10:14:46.749317+00:00] query_params={}
[2026-02-10T10:22:37.813985+00:00] query_params={}
[2026-02-10T10:22:37.826481+00:00] query_params={}
[2026-02-10T10:23:28.506445+00:00] query_params={}
[2026-02-10T10:23:28.524313+00:00] query_params={}
[2026-02-10T10:24:19.685137+00:00] query_params={}
[2026-02-10T10:24:19.696989+00:00] query_params={}
[2026-02-10T10:27:09.447232+00:00] query_params={}
[2026-02-10T10:27:09.691198+00:00] query_params={}
[2026-02-10T10:30:49.211035+00:00] query_params={}
[2026-02-10T10:30:49.235345+00:00] query_params={}
[2026-02-10T10:35:39.189286+00:00] query_params={}
[2026-02-10T10:35:39.217015+00:00] query_params={}
[2026-02-10T10:36:32.492853+00:00] query_params={}
[2026-02-10T10:36:32.521810+00:00] query_params={}
[2026-02-10T10:38:40.682501+00:00] query_params={}
[2026-02-10T10:38:40.707489+00:00] query_params={}
[2026-02-10T10:42:29.842394+00:00] query_params={}
[2026-02-10T10:42:29.867538+00:00] query_params={}
[2026-02-10T10:43:25.057668+00:00] query_params={}
[2026-02-10T10:43:25.097189+00:00] query_params={}
[2026-02-10T10:44:15.502623+00:00] query_params={}
[2026-02-10T10:44:15.529066+00:00] query_params={}
[2026-02-10T10:46:41.452540+00:00] query_params={}
[2026-02-10T10:46:41.473390+00:00] query_params={}
[2026-02-10T10:50:08.506514+00:00] query_params={}
[2026-02-10T10:50:08.526626+00:00] query_params={}
[2026-02-10T10:52:58.835464+00:00] query_params={}
[2026-02-10T10:52:58.855132+00:00] query_params={}
[2026-02-10T10:54:31.271845+00:00] query_params={}
[2026-02-10T10:54:31.290352+00:00] query_params={}
[2026-02-10T10:56:41.185237+00:00] query_params={}
[2026-02-10T10:58:55.285391+00:00] query_params={}
[2026-02-10T10:58:55.306030+00:00] query_params={}
[2026-02-10T11:06:39.983073+00:00] query_params={}
[2026-02-10T11:06:40.001598+00:00] query_params={}
[2026-02-10T11:06:46.438087+00:00] query_params={}
[2026-02-10T11:13:39.100728+00:00] query_params={}
[2026-02-10T11:13:39.163786+00:00] query_params={}
[2026-02-10T11:14:02.101003+00:00] query_params={}
[2026-02-10T11:14:02.128580+00:00] query_params={}
[2026-02-10T11:17:30.037874+00:00] query_params={}
[2026-02-10T11:17:30.062592+00:00] query_params={}
[2026-02-10T11:17:51.625427+00:00] query_params={'contract_number': ['CON001']}
[2026-02-10T11:18:01.384693+00:00] query_params={'contract_number': ['CON001']}
[2026-02-10T11:20:06.923460+00:00] query_params={}
[2026-02-10T11:20:06.945222+00:00] query_params={}
[2026-02-10T11:26:51.583300+00:00] query_params={}
[2026-02-10T11:26:51.600657+00:00] query_params={}
[2026-02-10T11:33:03.104711+00:00] query_params={}
[2026-02-10T11:33:03.137166+00:00] query_params={}
[2026-02-10T11:41:03.332244+00:00] query_params={}
[2026-02-10T11:41:03.350554+00:00] query_params={}
[2026-02-10T11:41:13.567110+00:00] query_params={'contract_number': ['CON']}
[2026-02-10T11:41:14.691854+00:00] query_params={'contract_number': ['CON001']}
[2026-02-10T11:41:30.560241+00:00] query_params={'contract_number': ['CON001']}
[2026-02-10T11:46:07.880690+00:00] query_params={}
[2026-02-10T11:46:07.900407+00:00] query_params={}
[2026-02-10T11:50:27.407279+00:00] query_params={}
[2026-02-10T11:50:27.435464+00:00] query_params={}
[2026-02-10T12:01:00.387351+00:00] query_params={}
[2026-02-10T12:01:00.408322+00:00] query_params={}
[2026-02-10T12:01:12.096772+00:00] query_params={'contract_number': ['CON001']}
[2026-02-10T12:01:34.908730+00:00] query_params={'contract_number': ['CON001']}
[2026-02-10T12:03:52.380741+00:00] query_params={}
[2026-02-10T12:03:52.396811+00:00] query_params={}
[2026-02-10T12:04:22.345355+00:00] query_params={'contract_number': ['CON002']}
[2026-02-10T12:04:39.234995+00:00] query_params={'contract_number': ['CON002']}
[2026-02-10T12:05:09.229485+00:00] query_params={}
[2026-02-10T12:09:39.074092+00:00] query_params={}
[2026-02-10T12:09:39.097484+00:00] query_params={}
[2026-02-10T12:10:08.174507+00:00] query_params={}
[2026-02-10T12:10:08.192509+00:00] query_params={}
[2026-02-10T12:13:08.227734+00:00] query_params={'contract_number': ['CO']}
[2026-02-10T12:13:09.062994+00:00] query_params={'contract_number': ['CON001']}
[2026-02-10T12:13:09.718854+00:00] query_params={'contract_number': ['CON001']}
[2026-02-10T13:00:01.067496+00:00] query_params={}
[2026-02-10T13:00:01.095083+00:00] query_params={}
[2026-02-10T13:02:45.601778+00:00] query_params={}
[2026-02-10T13:02:45.627593+00:00] query_params={}
[2026-02-10T13:10:37.347267+00:00] query_params={}
[2026-02-10T13:10:37.365739+00:00] query_params={}
[2026-02-10T13:10:54.530247+00:00] query_params={'contract_number': ['CON001']}
[2026-02-10T13:14:18.489573+00:00] query_params={}
[2026-02-10T13:14:18.509648+00:00] query_params={}
[2026-02-10T13:17:18.874236+00:00] query_params={}
[2026-02-10T13:17:18.893165+00:00] query_params={}
[2026-02-10T13:17:57.237137+00:00] query_params={}
[2026-02-10T13:17:57.258791+00:00] query_params={}
[2026-02-10T13:18:09.760663+00:00] query_params={}
[2026-02-10T13:18:09.786740+00:00] query_params={}
[2026-02-10T13:55:58.652790+00:00] query_params={}
[2026-02-10T13:55:58.673572+00:00] query_params={}
[2026-02-10T14:05:22.017711+00:00] query_params={}
[2026-02-10T14:05:22.038937+00:00] query_params={}
[2026-02-10T14:05:38.412169+00:00] query_params={'contract_number': ['CON']}
[2026-02-10T14:05:39.861405+00:00] query_params={'contract_number': ['CON001']}
[2026-02-10T14:05:44.270450+00:00] query_params={'contract_number': ['CON001']}
[2026-02-10T14:57:15.413169+00:00] query_params={}
[2026-02-10T14:57:15.440575+00:00] query_params={}
[2026-02-10T15:23:10.853268+00:00] query_params={}
[2026-02-10T15:23:10.882439+00:00] query_params={}
[2026-02-10T15:23:21.584995+00:00] query_params={'contract_number': ['X']}
[2026-02-10T15:23:23.643854+00:00] query_params={'contract_number': ['C']}
[2026-02-10T15:23:23.828111+00:00] query_params={'contract_number': ['CO']}
[2026-02-10T15:23:24.063130+00:00] query_params={'contract_number': ['CON']}
[2026-02-10T15:23:24.784702+00:00] query_params={'contract_number': ['CON0']}
[2026-02-10T15:23:24.967867+00:00] query_params={'contract_number': ['CON00']}
[2026-02-10T15:23:25.067042+00:00] query_params={'contract_number': ['CON001']}
[2026-02-10T15:30:25.427857+00:00] query_params={}
[2026-02-10T15:30:25.452462+00:00] query_params={}
[2026-02-10T15:30:30.041824+00:00] query_params={'contract_number': ['C']}
[2026-02-10T15:30:32.257835+00:00] query_params={'contract_number': ['CON002']}
[2026-02-10T15:30:37.052192+00:00] query_params={'contract_number': ['CON002']}
[2026-02-10T15:30:39.516363+00:00] query_params={'contract_number': ['CON002']}
[2026-02-10T15:36:56.295348+00:00] query_params={}
[2026-02-10T15:36:56.311360+00:00] query_params={}
[2026-02-10T15:37:00.285014+00:00] query_params={'contract_number': ['C']}
[2026-02-10T15:37:00.480705+00:00] query_params={'contract_number': ['CO']}
[2026-02-10T15:37:00.849002+00:00] query_params={'contract_number': ['CON']}
[2026-02-10T15:37:01.598733+00:00] query_params={'contract_number': ['CON0']}
[2026-02-10T15:37:01.764437+00:00] query_params={'contract_number': ['CON00']}
[2026-02-10T15:37:01.911958+00:00] query_params={'contract_number': ['CON001']}
[2026-02-10T15:37:09.817391+00:00] query_params={'contract_number': ['CON001']}
[2026-02-10T15:37:23.145601+00:00] query_params={'contract_number': ['CON001']}
[2026-02-10T15:37:28.849152+00:00] query_params={'contract_number': ['CON001']}
[2026-02-10T15:42:01.569011+00:00] query_params={}
[2026-02-10T15:42:01.582223+00:00] query_params={}
[2026-02-10T15:42:08.279323+00:00] query_params={'contract_number': ['CON001\\']}
[2026-02-10T15:42:10.175129+00:00] query_params={'contract_number': ['CON001']}
[2026-02-10T15:42:25.113984+00:00] query_params={'contract_number': ['CON001']}
[2026-02-10T15:42:29.333377+00:00] query_params={'contract_number': ['CON001']}
[2026-02-10T15:43:38.865918+00:00] query_params={'contract_number': ['CON001']}
[2026-02-10T15:45:18.696540+00:00] query_params={}
[2026-02-10T15:45:18.709619+00:00] query_params={}
[2026-02-10T15:45:23.239117+00:00] query_params={'contract_number': ['CON']}
[2026-02-10T15:45:24.315684+00:00] query_params={'contract_number': ['CON001']}
[2026-02-10T15:45:38.920190+00:00] query_params={'contract_number': ['CON001']}
[2026-02-10T15:45:42.279692+00:00] query_params={'contract_number': ['CON001']}
[2026-02-10T15:47:24.804287+00:00] query_params={'contract_number': ['CON001']}
[2026-02-10T15:58:42.391195+00:00] query_params={}
[2026-02-10T15:58:42.406326+00:00] query_params={}
[2026-02-10T16:22:30.131123+00:00] query_params={}
[2026-02-10T16:22:30.144949+00:00] query_params={}
[2026-02-11T00:52:22.770481+00:00] query_params={}
[2026-02-11T00:52:22.818094+00:00] query_params={}
[2026-02-11T00:53:51.254949+00:00] query_params={}
[2026-02-11T00:53:51.282353+00:00] query_params={}
[2026-02-11T00:53:54.677285+00:00] query_params={}
[2026-02-11T00:53:54.696312+00:00] query_params={}
[2026-02-11T00:56:10.856110+00:00] query_params={}
[2026-02-11T00:56:10.888469+00:00] query_params={}
[2026-02-11T01:14:22.455263+00:00] query_params={}
[2026-02-11T01:14:22.486746+00:00] query_params={}
[2026-02-11T01:19:01.600590+00:00] query_params={}
[2026-02-11T01:19:01.626298+00:00] query_params={}
[2026-02-11T01:36:53.579098+00:00] query_params={}
[2026-02-11T01:36:53.607274+00:00] query_params={}
[2026-02-11T01:37:07.060726+00:00] query_params={}
[2026-02-11T01:37:07.088817+00:00] query_params={}
[2026-02-11T01:47:46.544791+00:00] query_params={}
[2026-02-11T01:47:46.575600+00:00] query_params={}
[2026-02-11T01:48:42.785951+00:00] query_params={}
[2026-02-11T01:48:42.812871+00:00] query_params={}
[2026-02-11T01:49:35.630766+00:00] query_params={}
[2026-02-11T01:49:35.657713+00:00] query_params={}
[2026-02-11T01:50:31.586442+00:00] query_params={}
[2026-02-11T01:50:31.612234+00:00] query_params={}
[2026-02-11T01:52:07.073146+00:00] query_params={}
[2026-02-11T01:52:07.100903+00:00] query_params={}
[2026-02-11T01:54:26.937972+00:00] query_params={}
[2026-02-11T01:54:26.955236+00:00] query_params={}
[2026-02-11T02:30:44.680785+00:00] query_params={}
[2026-02-11T02:30:44.715591+00:00] query_params={}
[2026-02-11T02:42:07.818967+00:00] query_params={}
[2026-02-11T02:42:07.853395+00:00] query_params={}
[2026-02-11T03:40:24.527189+00:00] query_params={}
[2026-02-11T03:40:24.557496+00:00] query_params={}
[2026-02-11T04:00:22.087260+00:00] query_params={}
[2026-02-11T04:00:22.109116+00:00] query_params={}
[2026-02-11T04:00:26.630934+00:00] query_params={'contract_number': ['CON']}
[2026-02-11T04:00:27.739925+00:00] query_params={'contract_number': ['CON001']}
[2026-02-11T04:00:37.914843+00:00] query_params={'contract_number': ['CON001']}
[2026-02-11T04:00:41.427317+00:00] query_params={'contract_number': ['CON001']}
[2026-02-11T04:00:42.615575+00:00] query_params={'contract_number': ['CON001']}
[2026-02-11T04:03:40.877026+00:00] query_params={}
[2026-02-11T04:03:40.903749+00:00] query_params={}
[2026-02-11T04:03:44.982410+00:00] query_params={'contract_number': ['COn001']}
[2026-02-11T04:27:38.316406+00:00] query_params={}
[2026-02-11T04:27:38.344877+00:00] query_params={}
[2026-02-11T04:27:43.423963+00:00] query_params={'contract_number': ['CON001']}
[2026-02-11T04:27:53.892097+00:00] query_params={'contract_number': ['CON001']}
[2026-02-11T04:27:58.468628+00:00] query_params={'contract_number': ['CON001']}
[2026-02-11T04:42:45.900294+00:00] query_params={}
[2026-02-11T04:42:45.925718+00:00] query_params={}
[2026-02-11T04:42:48.197784+00:00] query_params={}
[2026-02-11T04:42:48.219817+00:00] query_params={}
[2026-02-11T04:42:54.871533+00:00] query_params={'contract_number': ['CON']}
[2026-02-11T04:42:55.819441+00:00] query_params={'contract_number': ['CON001']}
[2026-02-11T04:43:06.018361+00:00] query_params={'contract_number': ['CON001']}
[2026-02-11T04:43:08.014833+00:00] query_params={'contract_number': ['CON001']}
[2026-02-11T04:46:06.886990+00:00] query_params={'contract_number': ['CON']}
[2026-02-11T04:46:08.493627+00:00] query_params={'contract_number': ['CON001']}
[2026-02-11T04:46:45.782305+00:00] query_params={}
[2026-02-11T04:46:45.798885+00:00] query_params={}
[2026-02-11T04:47:06.818017+00:00] query_params={}
[2026-02-11T04:47:06.842450+00:00] query_params={}
[2026-02-11T04:47:31.862050+00:00] query_params={}
[2026-02-11T04:47:31.895802+00:00] query_params={}
[2026-02-11T04:51:16.785306+00:00] query_params={}
[2026-02-11T04:51:16.796045+00:00] query_params={}
[2026-02-11T04:51:18.109440+00:00] query_params={}
[2026-02-11T04:51:18.114796+00:00] query_params={}
[2026-02-11T04:55:30.347319+00:00] query_params={}
[2026-02-11T04:55:30.384070+00:00] query_params={}
[2026-02-11T04:56:20.097026+00:00] query_params={}
[2026-02-11T04:56:20.113424+00:00] query_params={}
[2026-02-11T04:56:21.154659+00:00] query_params={'contract_number': ['CON002']}
[2026-02-11T04:56:21.233222+00:00] query_params={'contract_number': ['CON002']}
[2026-02-11T04:57:45.198035+00:00] query_params={'contract_number': ['CON001']}
[2026-02-11T04:58:16.253622+00:00] query_params={}
[2026-02-11T04:58:16.274337+00:00] query_params={}
[2026-02-11T05:01:41.875732+00:00] query_params={}
[2026-02-11T05:01:41.888739+00:00] query_params={}
[2026-02-11T05:05:42.618693+00:00] query_params={}
[2026-02-11T05:05:42.633080+00:00] query_params={}
[2026-02-11T05:10:32.801403+00:00] query_params={}
[2026-02-11T05:10:32.821130+00:00] query_params={}
[2026-02-11T05:11:35.204355+00:00] query_params={}
[2026-02-11T05:11:35.221175+00:00] query_params={}
[2026-02-11T05:13:14.229806+00:00] query_params={}
[2026-02-11T05:13:14.252960+00:00] query_params={}
[2026-02-11T05:13:21.505395+00:00] query_params={}
[2026-02-11T05:13:21.527491+00:00] query_params={}
[2026-02-11T06:56:04.223633+00:00] query_params={}
[2026-02-11T06:56:04.262274+00:00] query_params={}
[2026-02-11T06:56:28.686584+00:00] query_params={}
[2026-02-11T06:56:28.705086+00:00] query_params={}
[2026-02-11T07:27:14.076214+00:00] query_params={}
[2026-02-11T07:27:14.101205+00:00] query_params={}
[2026-02-11T07:30:13.448088+00:00] query_params={}
[2026-02-11T07:30:16.490487+00:00] query_params={'contract_number': ['C']}
[2026-02-11T07:30:16.957395+00:00] query_params={'contract_number': ['CO']}
[2026-02-11T07:30:17.147848+00:00] query_params={'contract_number': ['CON']}
[2026-02-11T07:30:17.831388+00:00] query_params={'contract_number': ['CON1']}
[2026-02-11T07:30:17.953283+00:00] query_params={'contract_number': ['CON12']}
[2026-02-11T07:30:18.180766+00:00] query_params={'contract_number': ['CON123']}
[2026-02-11T07:30:45.179483+00:00] query_params={}
[2026-02-11T07:30:50.901439+00:00] query_params={'contract_number': ['CON123']}
[2026-02-11T07:30:53.755882+00:00] query_params={'contract_number': ['CON123']}
[2026-02-11T07:30:54.708854+00:00] query_params={'contract_number': ['CON123']}
[2026-02-11T07:31:12.056030+00:00] query_params={}
[2026-02-11T07:34:19.565499+00:00] query_params={}
[2026-02-11T07:34:19.605463+00:00] query_params={}
[2026-02-11T07:39:22.523389+00:00] query_params={'contract_number': ['CON123']}
[2026-02-11T07:39:26.268381+00:00] query_params={'contract_number': ['CON123']}
[2026-02-11T07:39:27.535459+00:00] query_params={'contract_number': ['CON123']}
[2026-02-11T08:01:27.141304+00:00] query_params={'contract_number': ['CO']}
[2026-02-11T08:01:28.814655+00:00] query_params={'contract_number': ['CON123']}
[2026-02-11T08:01:34.494546+00:00] query_params={'contract_number': ['CON123']}
[2026-02-11T08:01:36.945990+00:00] query_params={'contract_number': ['CON123']}
[2026-02-11T08:01:56.961052+00:00] query_params={}
[2026-02-11T08:01:56.980211+00:00] query_params={}
[2026-02-11T08:02:02.966570+00:00] query_params={'contract_number': ['CON123']}
[2026-02-11T08:16:23.473749+00:00] query_params={}
[2026-02-11T08:16:23.494290+00:00] query_params={}
[2026-02-11T08:16:46.711522+00:00] query_params={'contract_number': ['CON123']}
[2026-02-11T08:19:38.685969+00:00] query_params={}
[2026-02-11T08:19:38.702513+00:00] query_params={}
[2026-02-11T08:19:43.186796+00:00] query_params={'contract_number': ['CON123']}
[2026-02-11T08:20:00.313691+00:00] query_params={'contract_number': ['CON']}
[2026-02-11T08:20:01.352236+00:00] query_params={'contract_number': ['CON123']}
[2026-02-11T08:20:07.149806+00:00] query_params={'contract_number': ['CON123']}
[2026-02-11T08:20:08.706859+00:00] query_params={'contract_number': ['CON123']}
[2026-02-11T08:20:38.032831+00:00] query_params={'contract_number': ['CON002']}
[2026-02-11T08:20:41.311893+00:00] query_params={'contract_number': ['CON002']}
[2026-02-11T08:20:42.663207+00:00] query_params={'contract_number': ['CON002']}
[2026-02-11T08:53:23.520981+00:00] query_params={'contract_number': ['CON123']}
[2026-02-11T08:53:28.328294+00:00] query_params={'contract_number': ['CON123']}
[2026-02-11T08:53:29.427816+00:00] query_params={'contract_number': ['CON123']}
[2026-02-11T08:55:51.302834+00:00] query_params={'contract_number': ['CON123']}
[2026-02-11T08:55:53.426762+00:00] query_params={'contract_number': ['CON123']}
[2026-02-11T08:55:55.359059+00:00] query_params={'contract_number': ['CON123']}
[2026-02-11T09:07:40.154354+00:00] query_params={}
[2026-02-11T09:07:40.178638+00:00] query_params={}
[2026-02-11T09:08:51.989515+00:00] query_params={'contract_number': ['CON123']}
[2026-02-11T09:08:55.714853+00:00] query_params={'contract_number': ['CON123']}
[2026-02-11T09:08:56.963377+00:00] query_params={'contract_number': ['CON123']}
[2026-02-11T09:17:23.821162+00:00] query_params={'contract_number': ['CON123']}
[2026-02-11T09:17:25.852565+00:00] query_params={'contract_number': ['CON123']}
[2026-02-11T09:17:27.046364+00:00] query_params={'contract_number': ['CON123']}
[2026-02-11T09:20:14.739121+00:00] query_params={'contract_number': ['CON123']}
[2026-02-11T09:20:18.019771+00:00] query_params={'contract_number': ['CON123']}
[2026-02-11T09:20:19.155705+00:00] query_params={'contract_number': ['CON123']}
[2026-02-11T09:22:44.021956+00:00] query_params={'contract_number': ['CON123']}
[2026-02-11T09:22:46.135853+00:00] query_params={'contract_number': ['CON123']}
[2026-02-11T09:22:47.297591+00:00] query_params={'contract_number': ['CON123']}
[2026-02-11T09:29:38.201037+00:00] query_params={'contract_number': ['CON']}
[2026-02-11T09:29:39.530466+00:00] query_params={'contract_number': ['CON123']}
[2026-02-11T09:29:44.838057+00:00] query_params={'contract_number': ['CON123']}
[2026-02-11T09:29:46.117642+00:00] query_params={'contract_number': ['CON123']}
[2026-02-11T09:33:28.255048+00:00] query_params={'contract_number': ['CON']}
[2026-02-11T09:33:29.504936+00:00] query_params={'contract_number': ['CON123']}
[2026-02-11T09:33:32.499061+00:00] query_params={'contract_number': ['CON123']}
[2026-02-11T09:33:34.353675+00:00] query_params={'contract_number': ['CON123']}
[2026-02-11T09:41:05.867365+00:00] query_params={}
[2026-02-11T09:41:05.894275+00:00] query_params={}
[2026-02-11T09:41:13.578379+00:00] query_params={'contract_number': ['CON']}
[2026-02-11T09:41:14.892308+00:00] query_params={'contract_number': ['CON321']}
[2026-02-11T09:41:17.467064+00:00] query_params={'contract_number': ['CON321']}
[2026-02-11T09:41:18.547099+00:00] query_params={'contract_number': ['CON321']}
[2026-02-11T09:42:45.256327+00:00] query_params={'contract_number': ['COON31']}
[2026-02-11T09:42:46.560360+00:00] query_params={'contract_number': ['COON321']}
[2026-02-11T09:42:48.321289+00:00] query_params={'contract_number': ['CON321']}
[2026-02-11T09:42:50.954844+00:00] query_params={'contract_number': ['CON321']}
[2026-02-11T09:42:51.967092+00:00] query_params={'contract_number': ['CON321']}
[2026-02-11T09:43:07.692965+00:00] query_params={'contract_number': ['CON']}
[2026-02-11T09:43:08.848273+00:00] query_params={'contract_number': ['CON123']}
[2026-02-11T09:43:58.564122+00:00] query_params={'contract_number': ['CON2']}
[2026-02-11T09:43:59.774990+00:00] query_params={'contract_number': ['CON123']}
[2026-02-11T09:44:03.098317+00:00] query_params={'contract_number': ['CON123']}
[2026-02-11T09:44:04.499590+00:00] query_params={'contract_number': ['CON123']}
[2026-02-11T09:56:29.042293+00:00] query_params={'contract_number': ['CON001']}
[2026-02-11T09:56:31.390444+00:00] query_params={'contract_number': ['CON001']}
[2026-02-11T09:56:32.582395+00:00] query_params={'contract_number': ['CON001']}
[2026-02-11T09:57:12.049855+00:00] query_params={'contract_number': ['CON']}
[2026-02-11T09:57:13.650615+00:00] query_params={'contract_number': ['CON321']}
[2026-02-11T09:57:16.906864+00:00] query_params={'contract_number': ['CON321']}
[2026-02-11T09:57:17.981280+00:00] query_params={'contract_number': ['CON321']}
[2026-02-11T09:57:36.356407+00:00] query_params={'contract_number': ['CON321']}
[2026-02-11T09:57:50.513550+00:00] query_params={'contract_number': ['CON321']}
[2026-02-11T09:57:53.487430+00:00] query_params={'contract_number': ['CON321']}
[2026-02-11T09:57:54.885299+00:00] query_params={'contract_number': ['CON321']}
[2026-02-11T09:58:27.236139+00:00] query_params={'contract_number': ['BL']}
[2026-02-11T09:58:29.925012+00:00] query_params={'contract_number': ['CON321']}
[2026-02-11T09:58:32.558117+00:00] query_params={'contract_number': ['CON321']}
[2026-02-11T09:58:33.831142+00:00] query_params={'contract_number': ['CON321']}
[2026-02-11T11:09:08.023612+00:00] query_params={'contract_number': ['CON']}
[2026-02-11T11:09:09.638471+00:00] query_params={'contract_number': ['CON123']}
[2026-02-11T11:09:12.164769+00:00] query_params={'contract_number': ['CON321']}
[2026-02-11T11:09:14.522607+00:00] query_params={'contract_number': ['CON321']}
[2026-02-11T11:09:17.116773+00:00] query_params={'contract_number': ['CON321']}
[2026-02-11T11:09:49.022431+00:00] query_params={}
[2026-02-11T11:09:49.040638+00:00] query_params={}
[2026-02-11T11:09:53.334179+00:00] query_params={'contract_number': ['CON']}
[2026-02-11T11:09:54.382412+00:00] query_params={'contract_number': ['CON123']}
[2026-02-11T11:10:08.582547+00:00] query_params={'contract_number': ['CON123']}
[2026-02-11T11:10:10.834073+00:00] query_params={'contract_number': ['CON123']}
[2026-02-11T11:14:27.204551+00:00] query_params={}
[2026-02-11T11:14:27.228833+00:00] query_params={}
[2026-02-11T11:35:53.323971+00:00] query_params={}
[2026-02-11T11:35:53.346428+00:00] query_params={}
[2026-02-11T11:38:20.462202+00:00] query_params={}
[2026-02-11T11:38:20.487767+00:00] query_params={}
[2026-02-11T11:42:06.475876+00:00] query_params={}
[2026-02-11T11:42:06.501919+00:00] query_params={}
[2026-02-11T11:46:20.712996+00:00] query_params={}
[2026-02-11T11:46:20.741294+00:00] query_params={}
[2026-02-11T11:51:01.278587+00:00] query_params={}
[2026-02-11T11:51:01.303700+00:00] query_params={}
[2026-02-11T11:51:12.231293+00:00] query_params={}
[2026-02-11T11:51:12.251142+00:00] query_params={}
[2026-02-11T11:59:31.296814+00:00] query_params={}
[2026-02-11T11:59:31.328904+00:00] query_params={}
[2026-02-11T12:04:40.230693+00:00] query_params={}
[2026-02-11T12:04:40.261619+00:00] query_params={}
[2026-02-11T12:23:08.945745+00:00] query_params={}
[2026-02-11T12:23:08.971621+00:00] query_params={}
[2026-02-11T12:23:37.101431+00:00] query_params={'contract_number': ['CON002']}
[2026-02-11T12:23:44.108034+00:00] query_params={'contract_number': ['CON002']}
[2026-02-11T12:23:46.274505+00:00] query_params={'contract_number': ['CON002']}
[2026-02-11T12:23:55.071429+00:00] query_params={'contract_number': ['CON089']}
[2026-02-11T12:32:26.671711+00:00] query_params={}
[2026-02-11T12:32:26.693698+00:00] query_params={}
[2026-02-11T12:35:10.153968+00:00] query_params={}
[2026-02-11T12:35:10.203726+00:00] query_params={}
[2026-02-11T12:35:13.708172+00:00] query_params={'contract_number': ['C']}
[2026-02-11T12:35:13.886651+00:00] query_params={'contract_number': ['CO']}
[2026-02-11T12:35:14.084745+00:00] query_params={'contract_number': ['CON']}
[2026-02-11T12:35:14.604634+00:00] query_params={'contract_number': ['CON0']}
[2026-02-11T12:35:14.773781+00:00] query_params={'contract_number': ['CON00']}
[2026-02-11T12:35:14.908078+00:00] query_params={'contract_number': ['CON001']}
[2026-02-11T12:35:57.362631+00:00] query_params={'contract_number': ['CON123']}
[2026-02-11T12:35:57.487786+00:00] query_params={'contract_number': ['CON123']}
[2026-02-11T12:36:56.235965+00:00] query_params={'contract_number': ['CON001']}
[2026-02-11T12:37:05.493802+00:00] query_params={'contract_number': ['CON001']}
[2026-02-11T12:37:08.273752+00:00] query_params={'contract_number': ['CON001']}
[2026-02-11T12:52:49.559661+00:00] query_params={}
[2026-02-11T12:52:49.587663+00:00] query_params={}
[2026-02-11T12:59:02.774039+00:00] query_params={}
[2026-02-11T12:59:02.805058+00:00] query_params={}
[2026-02-11T13:01:04.759562+00:00] query_params={}
[2026-02-11T13:01:04.786462+00:00] query_params={}
[2026-02-11T13:03:15.505383+00:00] query_params={}
[2026-02-11T13:03:15.532024+00:00] query_params={}
[2026-02-11T13:05:05.457516+00:00] query_params={}
[2026-02-11T13:05:05.479829+00:00] query_params={}
[2026-02-11T13:07:19.872513+00:00] query_params={}
[2026-02-11T13:07:19.899892+00:00] query_params={}
[2026-02-11T13:13:41.699869+00:00] query_params={}
[2026-02-11T13:13:41.732522+00:00] query_params={}
[2026-02-11T13:21:11.779909+00:00] query_params={}
[2026-02-11T13:21:11.801493+00:00] query_params={}
[2026-02-11T13:22:49.643955+00:00] query_params={}
[2026-02-11T13:22:49.668353+00:00] query_params={}
[2026-02-11T13:26:33.686940+00:00] query_params={}
[2026-02-11T13:26:33.707511+00:00] query_params={}
[2026-02-11T13:34:50.428709+00:00] query_params={'contract_number': ['COn']}
[2026-02-11T13:34:51.571588+00:00] query_params={'contract_number': ['CON']}
[2026-02-11T13:34:52.601324+00:00] query_params={'contract_number': ['CON001']}
[2026-02-11T13:35:02.100647+00:00] query_params={'contract_number': ['CON001']}
[2026-02-11T13:35:07.549619+00:00] query_params={'contract_number': ['CON001']}
[2026-02-11T13:35:15.145366+00:00] query_params={'contract_number': ['CON001']}
[2026-02-11T13:35:38.071716+00:00] query_params={}
[2026-02-11T13:36:55.544307+00:00] query_params={}
[2026-02-11T13:36:55.562619+00:00] query_params={}
[2026-02-11T13:37:26.497867+00:00] query_params={'contract_number': ['CON001']}
[2026-02-11T13:37:29.493349+00:00] query_params={'contract_number': ['CON001']}
[2026-02-11T13:37:31.637397+00:00] query_params={'contract_number': ['CON001']}
[2026-02-11T13:41:52.273506+00:00] query_params={'contract_number': ['CON001']}
[2026-02-11T13:41:55.352092+00:00] query_params={'contract_number': ['CON001']}
[2026-02-11T13:41:57.214792+00:00] query_params={'contract_number': ['CON001']}
[2026-02-11T13:47:31.613331+00:00] query_params={'contract_number': ['CI']}
[2026-02-11T13:47:33.805861+00:00] query_params={'contract_number': ['CON001']}
[2026-02-11T13:47:37.281296+00:00] query_params={'contract_number': ['CON001']}
[2026-02-11T13:47:39.081034+00:00] query_params={'contract_number': ['CON001']}
[2026-02-11T15:54:52.135685+00:00] query_params={}
[2026-02-11T16:23:44.814410+00:00] query_params={}
[2026-02-11T16:23:44.861930+00:00] query_params={}
[2026-02-11T19:42:23.155111+00:00] query_params={}
[2026-02-11T19:42:23.183164+00:00] query_params={}
[2026-02-11T20:27:15.362117+00:00] query_params={}
[2026-02-11T20:27:15.395126+00:00] query_params={}
[2026-02-11T23:25:25.347539+00:00] query_params={}
[2026-02-11T23:25:25.388095+00:00] query_params={}
[2026-02-11T23:43:59.410631+00:00] query_params={}
[2026-02-11T23:43:59.438447+00:00] query_params={}
[2026-02-11T23:58:10.443437+00:00] query_params={}
[2026-02-11T23:58:10.471109+00:00] query_params={}
[2026-02-12T01:36:20.619046+00:00] query_params={}
[2026-02-12T01:36:20.650632+00:00] query_params={}
[2026-02-12T01:45:24.729700+00:00] query_params={}
[2026-02-12T01:45:24.751323+00:00] query_params={}
[2026-02-12T01:57:17.807781+00:00] query_params={}
[2026-02-12T01:57:17.824746+00:00] query_params={}
[2026-02-12T02:13:15.133705+00:00] query_params={}
[2026-02-12T02:13:15.159320+00:00] query_params={}
[2026-02-12T02:22:27.762124+00:00] query_params={}
[2026-02-12T02:22:27.784616+00:00] query_params={}
[2026-02-12T02:31:36.245431+00:00] query_params={}
[2026-02-12T02:31:36.267752+00:00] query_params={}
[2026-02-12T02:37:25.958287+00:00] query_params={}
[2026-02-12T02:37:25.976991+00:00] query_params={}
[2026-02-12T02:42:43.089576+00:00] query_params={}
[2026-02-12T02:42:47.116948+00:00] query_params={'contract_number': ['C']}
[2026-02-12T02:42:47.316936+00:00] query_params={'contract_number': ['CO']}
[2026-02-12T02:42:47.670848+00:00] query_params={'contract_number': ['CON']}
[2026-02-12T02:42:48.145444+00:00] query_params={'contract_number': ['CON1']}
[2026-02-12T02:42:48.336807+00:00] query_params={'contract_number': ['CON11']}
[2026-02-12T02:42:48.544919+00:00] query_params={'contract_number': ['CON111']}
[2026-02-12T02:43:34.011234+00:00] query_params={}
[2026-02-12T02:43:39.229104+00:00] query_params={'contract_number': ['CON']}
[2026-02-12T02:43:40.330558+00:00] query_params={'contract_number': ['CON111']}
[2026-02-12T02:43:43.362836+00:00] query_params={'contract_number': ['CON111']}
[2026-02-12T02:43:44.593208+00:00] query_params={'contract_number': ['CON111']}
[2026-02-12T02:44:00.019539+00:00] query_params={}
[2026-02-12T02:48:57.498991+00:00] query_params={}
[2026-02-12T02:48:57.522590+00:00] query_params={}
[2026-02-12T02:59:14.058529+00:00] query_params={}
[2026-02-12T02:59:14.093524+00:00] query_params={}
[2026-02-12T03:00:52.660814+00:00] query_params={}
[2026-02-12T03:00:52.674292+00:00] query_params={}
[2026-02-12T03:05:17.284535+00:00] query_params={}
[2026-02-12T03:05:17.306796+00:00] query_params={}
[2026-02-12T03:05:18.556706+00:00] query_params={}
[2026-02-12T03:05:18.588147+00:00] query_params={}
[2026-02-12T03:05:19.935661+00:00] query_params={}
[2026-02-12T03:05:19.952229+00:00] query_params={}
[2026-02-12T03:05:25.810912+00:00] query_params={}
[2026-02-12T03:05:25.829702+00:00] query_params={}
[2026-02-12T03:09:18.166652+00:00] query_params={}
[2026-02-12T03:09:18.196880+00:00] query_params={}
[2026-02-12T03:09:19.795238+00:00] query_params={}
[2026-02-12T03:09:19.813365+00:00] query_params={}
[2026-02-12T03:23:08.987744+00:00] query_params={}
[2026-02-12T03:24:09.002236+00:00] query_params={}
[2026-02-12T03:24:09.026932+00:00] query_params={}
[2026-02-12T03:28:48.501842+00:00] query_params={}
[2026-02-12T03:28:48.524815+00:00] query_params={}
[2026-02-12T03:29:17.968943+00:00] query_params={}
[2026-02-12T03:29:17.993288+00:00] query_params={}
[2026-02-12T03:32:20.568889+00:00] query_params={}
[2026-02-12T03:32:20.591563+00:00] query_params={}
[2026-02-12T03:32:23.505899+00:00] query_params={'contract_number': ['CON111']}
[2026-02-12T03:32:23.608314+00:00] query_params={'contract_number': ['CON111']}
[2026-02-12T03:37:30.582787+00:00] query_params={'contract_number': ['CON123']}
[2026-02-12T03:37:30.642686+00:00] query_params={'contract_number': ['CON123']}
[2026-02-12T03:37:30.689137+00:00] query_params={'contract_number': ['CON123']}
[2026-02-12T03:38:11.093389+00:00] query_params={}
[2026-02-12T03:38:11.114889+00:00] query_params={}
[2026-02-12T03:38:12.570197+00:00] query_params={'contract_number': ['CON001']}
[2026-02-12T03:38:12.642631+00:00] query_params={'contract_number': ['CON001']}
[2026-02-12T03:38:17.809893+00:00] query_params={}
[2026-02-12T03:38:31.515328+00:00] query_params={'contract_number': ['CON111']}
[2026-02-12T03:38:31.583788+00:00] query_params={'contract_number': ['CON111']}
[2026-02-12T03:46:32.077026+00:00] query_params={}
[2026-02-12T03:46:32.091905+00:00] query_params={}
[2026-02-12T03:46:33.230649+00:00] query_params={'contract_number': ['CON111']}
[2026-02-12T03:46:33.284689+00:00] query_params={'contract_number': ['CON111']}
[2026-02-12T03:47:05.852600+00:00] query_params={'contract_number': ['CON001']}
[2026-02-12T03:47:05.916245+00:00] query_params={'contract_number': ['CON001']}
[2026-02-12T03:47:31.679353+00:00] query_params={'contract_number': ['CON123']}
[2026-02-12T03:47:31.750277+00:00] query_params={'contract_number': ['CON123']}
[2026-02-12T03:47:31.799358+00:00] query_params={'contract_number': ['CON123']}
[2026-02-12T03:59:58.029257+00:00] query_params={}
[2026-02-12T03:59:58.043409+00:00] query_params={}
[2026-02-12T03:59:59.701927+00:00] query_params={'contract_number': ['CON111']}
[2026-02-12T03:59:59.763005+00:00] query_params={'contract_number': ['CON111']}
[2026-02-12T04:01:01.639166+00:00] query_params={}
[2026-02-12T04:01:35.282576+00:00] query_params={'contract_number': ['CON123']}
[2026-02-12T04:01:35.371759+00:00] query_params={'contract_number': ['CON123']}
[2026-02-12T04:01:35.472273+00:00] query_params={'contract_number': ['CON123']}
[2026-02-12T04:01:43.966595+00:00] query_params={'contract_number': ['CON123']}
[2026-02-12T04:01:44.063447+00:00] query_params={'contract_number': ['CON123']}
[2026-02-12T04:01:44.094666+00:00] query_params={'contract_number': ['CON123']}
[2026-02-12T04:04:00.573046+00:00] query_params={}
[2026-02-12T04:04:00.589823+00:00] query_params={}
[2026-02-12T04:04:05.270893+00:00] query_params={}
[2026-02-12T04:04:05.285659+00:00] query_params={}
[2026-02-12T04:13:20.686146+00:00] query_params={}
[2026-02-12T04:13:20.707354+00:00] query_params={}
[2026-02-12T04:13:26.389680+00:00] query_params={'contract_number': ['CON']}
[2026-02-12T04:13:27.438303+00:00] query_params={'contract_number': ['CON004']}
[2026-02-12T04:13:29.702114+00:00] query_params={'contract_number': ['CON004']}
[2026-02-12T04:13:30.914596+00:00] query_params={'contract_number': ['CON004']}
[2026-02-12T04:13:53.348340+00:00] query_params={'contract_number': ['CON003']}
[2026-02-12T04:16:49.374241+00:00] query_params={}
[2026-02-12T04:16:49.389837+00:00] query_params={}
[2026-02-12T04:16:50.939093+00:00] query_params={'contract_number': ['CON111']}
[2026-02-12T04:16:51.004789+00:00] query_params={'contract_number': ['CON111']}
[2026-02-12T04:17:55.781003+00:00] query_params={'contract_number': ['CON123']}
[2026-02-12T04:17:55.847287+00:00] query_params={'contract_number': ['CON123']}
[2026-02-12T04:17:55.877303+00:00] query_params={'contract_number': ['CON123']}
[2026-02-12T04:19:04.592103+00:00] query_params={}
[2026-02-12T04:19:04.605337+00:00] query_params={}
[2026-02-12T04:19:06.178915+00:00] query_params={'contract_number': ['CON123']}
[2026-02-12T04:19:06.209491+00:00] query_params={'contract_number': ['CON123']}
[2026-02-12T04:19:13.037569+00:00] query_params={}
[2026-02-12T04:24:38.983427+00:00] query_params={}
[2026-02-12T04:24:38.998836+00:00] query_params={}
[2026-02-12T04:24:43.690386+00:00] query_params={'contract_number': ['CON111']}
[2026-02-12T04:24:43.756813+00:00] query_params={'contract_number': ['CON111']}
[2026-02-12T04:24:54.927591+00:00] query_params={'contract_number': ['CON111']}
[2026-02-12T04:24:54.999354+00:00] query_params={'contract_number': ['CON111']}
[2026-02-12T04:25:29.659019+00:00] query_params={}
[2026-02-12T04:25:29.680032+00:00] query_params={}
[2026-02-12T04:25:30.995081+00:00] query_params={'contract_number': ['CON111']}
[2026-02-12T04:25:31.062636+00:00] query_params={'contract_number': ['CON111']}
[2026-02-12T04:25:47.110819+00:00] query_params={}
[2026-02-12T04:26:11.337269+00:00] query_params={'contract_number': ['CON123']}
[2026-02-12T04:26:11.396742+00:00] query_params={'contract_number': ['CON123']}
[2026-02-12T04:29:38.075086+00:00] query_params={}
[2026-02-12T04:29:38.091378+00:00] query_params={}
[2026-02-12T04:29:39.931720+00:00] query_params={'contract_number': ['CON001']}
[2026-02-12T04:29:39.994763+00:00] query_params={'contract_number': ['CON001']}
[2026-02-12T04:30:44.987314+00:00] query_params={'contract_number': ['CON002']}
[2026-02-12T04:30:47.079366+00:00] query_params={'contract_number': ['CON002']}
[2026-02-12T04:30:48.748808+00:00] query_params={'contract_number': ['CON002']}
[2026-02-12T04:32:08.915766+00:00] query_params={'contract_number': ['CON004']}
[2026-02-12T04:34:41.188701+00:00] query_params={}
[2026-02-12T04:35:16.962067+00:00] query_params={'contract_number': ['CON089']}
[2026-02-12T04:35:39.769766+00:00] query_params={'contract_number': ['CON']}
[2026-02-12T04:35:40.884959+00:00] query_params={'contract_number': ['CON001']}
[2026-02-12T04:35:47.693823+00:00] query_params={'contract_number': ['CON001']}
[2026-02-12T04:35:48.907912+00:00] query_params={'contract_number': ['CON001']}
[2026-02-12T04:35:56.134891+00:00] query_params={'contract_number': ['CON111']}
[2026-02-12T04:35:56.201507+00:00] query_params={'contract_number': ['CON111']}
[2026-02-12T04:36:06.170634+00:00] query_params={'contract_number': ['CON001']}
[2026-02-12T04:36:08.938631+00:00] query_params={'contract_number': ['CON001']}
[2026-02-12T04:36:10.078648+00:00] query_params={'contract_number': ['CON001']}
[2026-02-12T04:36:20.267425+00:00] query_params={'contract_number': ['CON001']}
[2026-02-12T05:20:42.639359+00:00] query_params={}
[2026-02-12T05:20:42.655759+00:00] query_params={}
[2026-02-12T06:16:15.465286+00:00] query_params={}
[2026-02-12T06:16:15.496397+00:00] query_params={}
[2026-02-12T06:21:40.466973+00:00] query_params={}
[2026-02-12T06:21:40.497212+00:00] query_params={}
[2026-02-12T06:24:10.694359+00:00] query_params={}
[2026-02-12T06:24:10.720086+00:00] query_params={}
[2026-02-12T06:26:07.813742+00:00] query_params={}
[2026-02-12T06:26:13.867022+00:00] query_params={'contract_number': ['C']}
[2026-02-12T06:26:14.099595+00:00] query_params={'contract_number': ['CO']}
[2026-02-12T06:26:14.311131+00:00] query_params={'contract_number': ['CON']}
[2026-02-12T06:26:14.960206+00:00] query_params={'contract_number': ['CON0']}
[2026-02-12T06:26:15.107613+00:00] query_params={'contract_number': ['CON00']}
[2026-02-12T06:26:15.534670+00:00] query_params={'contract_number': ['CON007']}
[2026-02-12T06:26:40.235452+00:00] query_params={}
[2026-02-12T06:26:54.191696+00:00] query_params={'contract_number': ['CON']}
[2026-02-12T06:26:55.242568+00:00] query_params={'contract_number': ['CON007']}
[2026-02-12T06:27:05.413762+00:00] query_params={'contract_number': ['CON007']}
[2026-02-12T06:27:15.908141+00:00] query_params={'contract_number': ['CON007']}
[2026-02-12T06:27:28.527082+00:00] query_params={}
[2026-02-12T06:29:08.430835+00:00] query_params={'contract_number': ['CO']}
[2026-02-12T06:29:10.091908+00:00] query_params={'contract_number': ['CON007']}
[2026-02-12T06:29:14.557386+00:00] query_params={'contract_number': ['CON007']}
[2026-02-12T06:29:15.646458+00:00] query_params={'contract_number': ['CON007']}
[2026-02-12T07:09:49.137023+00:00] query_params={}
[2026-02-12T07:09:49.168020+00:00] query_params={}
[2026-02-12T07:11:53.100814+00:00] query_params={}
[2026-02-12T07:11:59.298413+00:00] query_params={'contract_number': ['C']}
[2026-02-12T07:11:59.540190+00:00] query_params={'contract_number': ['CO']}
[2026-02-12T07:12:00.392302+00:00] query_params={'contract_number': ['CON']}
[2026-02-12T07:12:01.363699+00:00] query_params={'contract_number': ['CON0']}
[2026-02-12T07:12:01.514310+00:00] query_params={'contract_number': ['CON00']}
[2026-02-12T07:12:01.719403+00:00] query_params={'contract_number': ['CON008']}
[2026-02-12T07:12:18.162189+00:00] query_params={}
[2026-02-12T07:12:27.143060+00:00] query_params={'contract_number': ['CON007']}
[2026-02-12T07:12:28.393600+00:00] query_params={'contract_number': ['CON008']}
[2026-02-12T07:12:42.501389+00:00] query_params={'contract_number': ['CON008']}
[2026-02-12T07:12:55.368109+00:00] query_params={'contract_number': ['CON008']}
[2026-02-12T07:13:14.722187+00:00] query_params={}
[2026-02-12T07:14:40.485688+00:00] query_params={'contract_number': ['CON']}
[2026-02-12T07:14:41.601860+00:00] query_params={'contract_number': ['CON00']}
[2026-02-12T07:14:43.247459+00:00] query_params={'contract_number': ['CON008']}
[2026-02-12T07:14:46.714345+00:00] query_params={'contract_number': ['CON008']}
[2026-02-12T07:14:48.223382+00:00] query_params={'contract_number': ['CON008']}
[2026-02-12T07:15:23.775590+00:00] query_params={'contract_number': ['CON008']}
[2026-02-12T07:15:26.104162+00:00] query_params={'contract_number': ['CON008']}
[2026-02-12T07:15:27.119753+00:00] query_params={'contract_number': ['CON008']}
[2026-02-12T07:16:03.562700+00:00] query_params={'contract_number': ['COM']}
[2026-02-12T07:16:06.126536+00:00] query_params={'contract_number': ['CON008']}
[2026-02-12T07:16:09.567445+00:00] query_params={'contract_number': ['CON008']}
[2026-02-12T07:16:11.197799+00:00] query_params={'contract_number': ['CON008']}
[2026-02-12T07:46:02.852740+00:00] query_params={'contract_number': ['C']}
[2026-02-12T07:46:04.645055+00:00] query_params={'contract_number': ['CON008']}
[2026-02-12T07:46:07.043393+00:00] query_params={'contract_number': ['CON008']}
[2026-02-12T07:46:10.734124+00:00] query_params={'contract_number': ['CON008']}
[2026-02-12T07:48:38.484125+00:00] query_params={'contract_number': ['CON008']}
[2026-02-12T07:48:42.413894+00:00] query_params={'contract_number': ['CON008']}
[2026-02-12T07:48:43.605290+00:00] query_params={'contract_number': ['CON008']}
[2026-02-12T08:25:29.292881+00:00] query_params={}
[2026-02-12T08:25:29.326821+00:00] query_params={}
[2026-02-12T08:25:40.716597+00:00] query_params={'contract_number': ['CON']}
[2026-02-12T08:25:41.660012+00:00] query_params={'contract_number': ['CON002']}
[2026-02-12T08:25:45.606081+00:00] query_params={'contract_number': ['CON002']}
[2026-02-12T08:25:46.803692+00:00] query_params={'contract_number': ['CON002']}
[2026-02-12T08:27:37.539859+00:00] query_params={'contract_number': ['CON']}
[2026-02-12T08:27:38.395165+00:00] query_params={'contract_number': ['CON00']}
[2026-02-12T08:27:39.242949+00:00] query_params={'contract_number': ['CON007']}
[2026-02-12T08:27:42.070443+00:00] query_params={'contract_number': ['CON007']}
[2026-02-12T08:27:44.189080+00:00] query_params={'contract_number': ['CON007']}
[2026-02-12T09:12:57.536875+00:00] query_params={}
[2026-02-12T09:12:57.562874+00:00] query_params={}
[2026-02-12T09:13:14.255983+00:00] query_params={'contract_number': ['CO ']}
[2026-02-12T09:13:16.089491+00:00] query_params={'contract_number': ['CON008']}
[2026-02-12T09:13:19.815654+00:00] query_params={'contract_number': ['CON008']}
[2026-02-12T09:13:21.071763+00:00] query_params={'contract_number': ['CON008']}
[2026-02-12T09:13:27.117833+00:00] query_params={}
[2026-02-13T14:08:51.969096+00:00] query_params={}
[2026-02-13T14:08:51.991358+00:00] query_params={}
[2026-02-13T14:13:51.958686+00:00] query_params={}
[2026-02-13T14:13:51.975731+00:00] query_params={}
[2026-02-13T14:14:00.933429+00:00] query_params={}
[2026-02-13T14:14:00.955316+00:00] query_params={}
[2026-02-13T14:14:42.930191+00:00] query_params={}
[2026-02-13T14:14:42.950699+00:00] query_params={}
[2026-02-13T14:16:14.542466+00:00] query_params={}
[2026-02-13T14:16:14.554646+00:00] query_params={}
[2026-02-13T14:16:26.991169+00:00] query_params={'contract_number': ['C']}
[2026-02-13T14:16:27.186559+00:00] query_params={'contract_number': ['CO']}
[2026-02-13T14:16:27.395937+00:00] query_params={'contract_number': ['CON']}
[2026-02-13T14:16:27.700205+00:00] query_params={'contract_number': ['CON0']}
[2026-02-13T14:16:27.852206+00:00] query_params={'contract_number': ['CON00']}
[2026-02-13T14:16:28.000118+00:00] query_params={'contract_number': ['CON001']}
[2026-02-13T14:19:00.139782+00:00] query_params={'contract_number': ['CON111']}
[2026-02-13T14:19:00.221836+00:00] query_params={'contract_number': ['CON111']}
[2026-02-13T14:23:17.035304+00:00] query_params={}
[2026-02-13T14:23:17.059517+00:00] query_params={}
[2026-02-13T14:28:56.911951+00:00] query_params={}
[2026-02-13T14:28:56.929179+00:00] query_params={}
[2026-02-13T14:53:06.877076+00:00] query_params={}
[2026-02-13T14:53:06.899270+00:00] query_params={}
[2026-02-13T14:57:37.563337+00:00] query_params={}
[2026-02-13T14:57:37.581281+00:00] query_params={}
[2026-02-13T14:57:45.663061+00:00] query_params={}
[2026-02-13T15:00:39.525414+00:00] query_params={}
[2026-02-13T15:00:42.978866+00:00] query_params={'contract_number': ['C']}
[2026-02-13T15:00:43.224869+00:00] query_params={'contract_number': ['CO']}
[2026-02-13T15:00:43.470391+00:00] query_params={'contract_number': ['CON']}
[2026-02-13T15:00:43.878839+00:00] query_params={'contract_number': ['CON8']}
[2026-02-13T15:00:44.028396+00:00] query_params={'contract_number': ['CON88']}
[2026-02-13T15:00:44.245616+00:00] query_params={'contract_number': ['CON888']}
[2026-02-13T15:00:44.959566+00:00] query_params={'contract_number': ['CON88']}
[2026-02-13T15:00:45.111284+00:00] query_params={'contract_number': ['CON8']}
[2026-02-13T15:00:45.340918+00:00] query_params={'contract_number': ['CON']}
[2026-02-13T15:00:45.581530+00:00] query_params={'contract_number': ['CON3']}
[2026-02-13T15:00:45.770161+00:00] query_params={'contract_number': ['CON33']}
[2026-02-13T15:00:46.032746+00:00] query_params={'contract_number': ['CON333']}
[2026-02-13T15:01:15.259687+00:00] query_params={}
[2026-02-13T15:01:22.525229+00:00] query_params={'contract_number': ['CON']}
[2026-02-13T15:02:08.355966+00:00] query_params={'contract_number': ['CON333']}
[2026-02-13T15:02:13.049006+00:00] query_params={'contract_number': ['CON333']}
[2026-02-13T15:02:20.401235+00:00] query_params={'contract_number': ['CON333']}
[2026-02-13T15:02:21.596330+00:00] query_params={'contract_number': ['CON333']}
[2026-02-13T15:03:07.169963+00:00] query_params={}
[2026-02-13T15:04:29.998847+00:00] query_params={}
[2026-02-13T15:04:30.014372+00:00] query_params={}
[2026-02-13T15:07:14.223748+00:00] query_params={}
[2026-02-13T15:07:14.249224+00:00] query_params={}
[2026-02-13T15:15:16.614572+00:00] query_params={}
[2026-02-13T15:15:16.630678+00:00] query_params={}
[2026-02-13T15:29:16.546828+00:00] query_params={}
[2026-02-13T15:29:16.575622+00:00] query_params={}
[2026-02-13T15:40:07.517144+00:00] query_params={}
[2026-02-13T15:40:07.542345+00:00] query_params={}
[2026-02-13T15:46:16.934659+00:00] query_params={}
[2026-02-13T15:46:16.958532+00:00] query_params={}
[2026-02-13T16:03:07.051615+00:00] query_params={}
[2026-02-13T16:03:07.078643+00:00] query_params={}
[2026-02-13T16:03:17.890824+00:00] query_params={'contract_number': ['CON']}
[2026-02-13T16:03:18.919126+00:00] query_params={'contract_number': ['CON00']}
[2026-02-13T16:03:19.693131+00:00] query_params={'contract_number': ['CON001']}
[2026-02-13T16:04:02.420321+00:00] query_params={'contract_number': ['CON001']}
[2026-02-13T16:04:34.676450+00:00] query_params={}
[2026-02-13T16:04:34.696647+00:00] query_params={}
[2026-02-13T16:07:23.368931+00:00] query_params={}
[2026-02-13T16:07:33.106496+00:00] query_params={'contract_number': ['C']}
[2026-02-13T16:07:33.349696+00:00] query_params={'contract_number': ['CO']}
[2026-02-13T16:07:33.638307+00:00] query_params={'contract_number': ['CON']}
[2026-02-13T16:07:34.032701+00:00] query_params={'contract_number': ['CON3']}
[2026-02-13T16:07:34.245902+00:00] query_params={'contract_number': ['CON33']}
[2026-02-13T16:07:35.873276+00:00] query_params={'contract_number': ['CON334']}
[2026-02-13T16:08:21.288029+00:00] query_params={}
[2026-02-13T16:08:36.473626+00:00] query_params={'contract_number': ['C']}
[2026-02-13T16:08:37.642608+00:00] query_params={'contract_number': ['Co']}
[2026-02-13T16:08:39.710678+00:00] query_params={'contract_number': ['CON']}
[2026-02-13T16:08:41.238052+00:00] query_params={'contract_number': ['CON9']}
[2026-02-13T16:08:42.164377+00:00] query_params={'contract_number': ['CON']}
[2026-02-13T16:08:43.546868+00:00] query_params={'contract_number': ['CON334']}
[2026-02-13T16:08:47.646667+00:00] query_params={'contract_number': ['CON334']}
[2026-02-13T16:08:57.304491+00:00] query_params={}
[2026-02-13T16:10:10.341857+00:00] query_params={'contract_number': ['CON334']}
[2026-02-13T16:10:13.468269+00:00] query_params={'contract_number': ['CON334']}
[2026-02-13T16:11:02.191947+00:00] query_params={'contract_number': ['CON']}
[2026-02-13T16:11:05.325762+00:00] query_params={'contract_number': ['CON334']}
[2026-02-13T16:11:08.434578+00:00] query_params={'contract_number': ['CON334']}
[2026-02-13T16:12:45.178800+00:00] query_params={'contract_number': ['CON334']}
[2026-02-13T16:12:48.350247+00:00] query_params={'contract_number': ['CON334']}
[2026-02-13T16:19:10.022916+00:00] query_params={}
[2026-02-13T16:19:10.045149+00:00] query_params={}
[2026-02-13T16:19:16.877373+00:00] query_params={'contract_number': ['con004']}
[2026-02-13T16:19:26.120986+00:00] query_params={'contract_number': ['con334']}
[2026-02-13T16:40:22.541048+00:00] query_params={}
[2026-02-13T16:40:22.562288+00:00] query_params={}
[2026-02-14T07:06:35.244395+00:00] query_params={}
[2026-02-14T07:06:35.279343+00:00] query_params={}
[2026-02-14T07:33:01.695423+00:00] query_params={}
[2026-02-14T07:33:01.719615+00:00] query_params={}
[2026-02-14T07:33:06.455280+00:00] query_params={'contract_number': ['CON004']}
[2026-02-14T07:33:06.571553+00:00] query_params={'contract_number': ['CON004']}
[2026-02-14T07:33:17.105954+00:00] query_params={'contract_number': ['CON111']}
[2026-02-14T07:33:17.251214+00:00] query_params={'contract_number': ['CON111']}
[2026-02-14T07:33:38.044546+00:00] query_params={'contract_number': ['CON333']}
[2026-02-14T07:33:38.199483+00:00] query_params={'contract_number': ['CON333']}
[2026-02-14T08:58:05.680883+00:00] query_params={}
[2026-02-14T08:58:05.701805+00:00] query_params={}
[2026-02-14T09:46:14.105729+00:00] query_params={}
[2026-02-14T09:46:14.130507+00:00] query_params={}
[2026-02-14T09:50:07.248928+00:00] query_params={}
[2026-02-14T09:50:07.271690+00:00] query_params={}
[2026-02-14T09:52:19.688778+00:00] query_params={}
[2026-02-14T09:52:19.702857+00:00] query_params={}
[2026-02-14T09:56:09.835837+00:00] query_params={'contract_number': ['CON']}
[2026-02-14T09:56:10.805805+00:00] query_params={'contract_number': ['CON334']}
[2026-02-14T09:56:26.525651+00:00] query_params={'contract_number': ['CON334']}
[2026-02-14T10:01:58.816413+00:00] query_params={}
[2026-02-14T10:01:58.827996+00:00] query_params={}
[2026-02-14T10:02:01.569863+00:00] query_params={'contract_number': ['CON334']}
[2026-02-14T10:02:01.629997+00:00] query_params={'contract_number': ['CON334']}
[2026-02-14T10:02:46.922934+00:00] query_params={'contract_number': ['CON334']}
[2026-02-14T10:02:46.977565+00:00] query_params={'contract_number': ['CON334']}
[2026-02-14T10:47:20.544368+00:00] query_params={}
[2026-02-14T10:47:20.566209+00:00] query_params={}
[2026-02-14T10:48:39.683846+00:00] query_params={}
[2026-02-14T10:48:39.704838+00:00] query_params={}
[2026-02-14T10:50:06.124990+00:00] query_params={}
[2026-02-14T10:50:06.154664+00:00] query_params={}
[2026-02-14T11:00:23.118158+00:00] query_params={'contract_number': ['CON']}
[2026-02-14T11:00:24.564881+00:00] query_params={'contract_number': ['CON001']}
[2026-02-14T11:00:51.282498+00:00] query_params={'contract_number': ['CON001']}
[2026-02-14T18:25:16.875392+07:00] query_params={}
[2026-02-14T18:25:16.936729+07:00] query_params={}
[2026-02-14T18:39:46.637966+07:00] query_params={}
[2026-02-14T18:39:46.669313+07:00] query_params={}
[2026-02-14T18:41:48.212796+07:00] query_params={}
[2026-02-14T18:41:48.227730+07:00] query_params={}
[2026-02-14T18:43:19.302477+07:00] query_params={}
[2026-02-14T18:43:19.326218+07:00] query_params={}
[2026-02-14T18:43:36.243277+07:00] query_params={}
[2026-02-14T18:43:36.255740+07:00] query_params={}
[2026-02-14T18:43:51.419653+07:00] query_params={}
[2026-02-14T18:43:51.434378+07:00] query_params={}
[2026-02-14T18:45:06.190145+07:00] query_params={}
[2026-02-14T18:45:06.210585+07:00] query_params={}
[2026-02-14T18:46:32.713115+07:00] query_params={}
[2026-02-14T18:46:32.740071+07:00] query_params={}
[2026-02-14T19:06:44.958238+07:00] query_params={}
[2026-02-14T19:06:44.986070+07:00] query_params={}
[2026-02-14T19:07:01.282688+07:00] query_params={'contract_number': ['CON007']}
[2026-02-14T19:07:01.342085+07:00] query_params={'contract_number': ['CON007']}
[2026-02-14T19:07:01.390525+07:00] query_params={'contract_number': ['CON007']}
[2026-02-14T19:08:20.857423+07:00] query_params={'contract_number': ['CON001']}
[2026-02-14T19:08:27.230139+07:00] query_params={'contract_number': ['CON001']}
[2026-02-14T19:31:21.772577+07:00] query_params={'contract_number': ['CON001']}
[2026-02-14T19:31:24.211262+07:00] query_params={'contract_number': ['CON001']}
[2026-02-14T19:31:50.424479+07:00] query_params={'contract_number': ['CON002']}
[2026-02-14T19:31:53.115642+07:00] query_params={'contract_number': ['CON002']}
[2026-02-14T19:32:13.161607+07:00] query_params={'contract_number': ['CON001']}
[2026-02-14T19:32:18.080036+07:00] query_params={'contract_number': ['CON001']}
[2026-02-14T19:32:19.602983+07:00] query_params={'contract_number': ['CON002']}
[2026-02-14T19:33:17.426313+07:00] query_params={'contract_number': ['CON001']}
[2026-02-14T19:33:17.525838+07:00] query_params={'contract_number': ['CON001']}
[2026-02-14T19:33:17.571194+07:00] query_params={'contract_number': ['CON001']}
[2026-02-14T19:33:27.773359+07:00] query_params={'contract_number': ['C']}
[2026-02-14T19:33:29.620916+07:00] query_params={'contract_number': ['CON']}
[2026-02-14T19:33:31.250740+07:00] query_params={'contract_number': ['CON003']}
[2026-02-14T19:35:08.254602+07:00] query_params={'contract_number': ['CON001']}
[2026-02-14T19:35:08.403035+07:00] query_params={'contract_number': ['CON001']}
[2026-02-14T19:35:08.474099+07:00] query_params={'contract_number': ['CON001']}
[2026-02-14T19:36:17.490701+07:00] query_params={}
[2026-02-14T19:36:17.522285+07:00] query_params={}
[2026-02-14T19:46:30.153928+07:00] query_params={}
[2026-02-14T19:46:30.286598+07:00] query_params={}
[2026-02-14T19:54:24.455540+07:00] query_params={}
[2026-02-14T19:54:24.475909+07:00] query_params={}
[2026-02-14T19:59:34.996525+07:00] query_params={'contract_number': ['CON']}
[2026-02-14T19:59:35.958767+07:00] query_params={'contract_number': ['CON003']}
[2026-02-14T19:59:40.651193+07:00] query_params={'contract_number': ['CON003']}
[2026-02-14T19:59:43.028230+07:00] query_params={}
[2026-02-14T20:00:30.504079+07:00] query_params={'contract_number': ['CON003']}
[2026-02-14T20:00:37.364600+07:00] query_params={'contract_number': ['CON003']}
[2026-02-14T20:03:57.147281+07:00] query_params={}
[2026-02-14T20:03:57.183596+07:00] query_params={}
[2026-02-14T20:04:46.075521+07:00] query_params={'contract_number': ['CON201']}
[2026-02-14T20:04:47.972360+07:00] query_params={'contract_number': ['CON201']}
[2026-02-14T20:11:38.938329+07:00] query_params={}
[2026-02-14T20:11:38.949972+07:00] query_params={}
[2026-02-14T20:13:47.282650+07:00] query_params={}
[2026-02-14T20:14:22.465303+07:00] query_params={'contract_number': ['C']}
[2026-02-14T20:14:22.646065+07:00] query_params={'contract_number': ['CO']}
[2026-02-14T20:14:22.865134+07:00] query_params={'contract_number': ['CON']}
[2026-02-14T20:14:23.901211+07:00] query_params={'contract_number': ['CON4']}
[2026-02-14T20:14:24.038614+07:00] query_params={'contract_number': ['CON40']}
[2026-02-14T20:14:24.819111+07:00] query_params={'contract_number': ['CON401']}
[2026-02-14T20:14:42.285079+07:00] query_params={}
[2026-02-14T20:14:59.960521+07:00] query_params={'contract_number': ['CON401']}
[2026-02-14T20:15:02.253217+07:00] query_params={'contract_number': ['CON401']}
[2026-02-14T20:17:16.240890+07:00] query_params={'contract_number': ['C']}
[2026-02-14T20:17:16.414805+07:00] query_params={'contract_number': ['CO']}
[2026-02-14T20:17:16.621042+07:00] query_params={'contract_number': ['CON']}
[2026-02-14T20:17:17.002503+07:00] query_params={'contract_number': ['CON4']}
[2026-02-14T20:17:17.145891+07:00] query_params={'contract_number': ['CON40']}
[2026-02-14T20:17:17.315398+07:00] query_params={'contract_number': ['CON401']}
[2026-02-14T20:17:47.945142+07:00] query_params={'contract_number': ['CON401']}
[2026-02-14T20:17:50.554465+07:00] query_params={'contract_number': ['CON401']}
[2026-02-14T20:30:00.944490+07:00] query_params={'contract_number': ['CON']}
[2026-02-14T20:30:02.083056+07:00] query_params={'contract_number': ['CON00']}
[2026-02-14T20:30:30.274222+07:00] query_params={'contract_number': ['CON002']}
[2026-02-14T20:30:32.692094+07:00] query_params={'contract_number': ['CON002']}
[2026-02-14T20:31:38.197853+07:00] query_params={'contract_number': ['CON002']}
[2026-02-14T20:31:40.350250+07:00] query_params={'contract_number': ['CON002']}
[2026-02-14T20:51:09.085131+07:00] query_params={}
[2026-02-14T20:51:09.104729+07:00] query_params={}
[2026-02-14T20:51:15.740297+07:00] query_params={'contract_number': ['CON401']}
[2026-02-14T20:51:19.011537+07:00] query_params={'contract_number': ['CON401']}
[2026-02-14T14:42:18.790105+00:00] query_params={'contract_number': ['TEST-COLL-001']}
[2026-02-14T14:42:18.973396+00:00] query_params={'contract_number': ['TEST-DEFAULTS-001']}
[2026-02-14T14:52:21.778165+00:00] query_params={}
[2026-02-14T14:52:21.804643+00:00] query_params={}
[2026-02-14T15:00:05.375452+00:00] query_params={'contract_number': ['TEST-COLL-001']}
[2026-02-14T15:00:16.877220+00:00] query_params={'contract_number': ['TEST-COLL-001']}
[2026-02-14T15:00:16.899245+00:00] query_params={'contract_number': ['TEST-DEFAULTS-001']}
[2026-02-14T15:15:36.293224+00:00] query_params={'contract_number': ['TEST-COLL-001']}
[2026-02-14T15:15:37.964309+00:00] query_params={'contract_number': ['TEST-DEFAULTS-001']}
[2026-02-14T15:26:07.519177+00:00] query_params={'contract_number': ['TEST-COLL-001']}
[2026-02-14T15:26:09.344727+00:00] query_params={'contract_number': ['TEST-DEFAULTS-001']}
[2026-02-14T15:31:27.289336+00:00] query_params={'contract_number': ['TEST-COLL-001']}
[2026-02-14T15:31:29.083040+00:00] query_params={'contract_number': ['TEST-DEFAULTS-001']}
[2026-02-14T15:32:37.713284+00:00] query_params={'contract_number': ['TEST-COLL-001']}
[2026-02-14T15:32:39.514940+00:00] query_params={'contract_number': ['TEST-DEFAULTS-001']}
[2026-02-14T15:33:44.335540+00:00] query_params={'contract_number': ['TEST-COLL-001']}
[2026-02-14T15:35:49.911139+00:00] query_params={'contract_number': ['TEST-COLL-001']}
[2026-02-14T15:36:07.984862+00:00] query_params={'contract_number': ['TEST-COLL-001']}
[2026-02-14T15:36:26.774515+00:00] query_params={'contract_number': ['TEST-COLL-001']}
[2026-02-14T15:37:05.867408+00:00] query_params={'contract_number': ['TEST-COLL-001']}
[2026-02-14T15:37:25.822142+00:00] query_params={'contract_number': ['TEST-COLL-001']}
[2026-02-14T15:37:57.037463+00:00] query_params={'contract_number': ['TEST-COLL-001']}
[2026-02-14T15:39:20.067169+00:00] query_params={'contract_number': ['TEST-COLL-001']}
[2026-02-14T15:42:59.809457+00:00] query_params={'contract_number': ['TEST-COLL-001']}
[2026-02-14T15:44:44.101485+00:00] query_params={'contract_number': ['TEST-COLL-001']}
[2026-02-14T15:44:45.897508+00:00] query_params={'contract_number': ['TEST-DEFAULTS-001']}
[2026-02-14T15:47:28.351929+00:00] query_params={'contract_number': ['TEST-COLL-001']}
[2026-02-14T15:47:30.130841+00:00] query_params={'contract_number': ['TEST-DEFAULTS-001']}
