[2026-02-16T13:56:45.754652+00:00] repaired=C:\Users\LTP-IT~1\AppData\Local\Temp\tmpi0tvbzy2.docx contract=CON201 files=['word/document.xml']
[2026-02-16T13:57:01.431381+00:00] repaired=C:\Users\LTP-IT~1\AppData\Local\Temp\tmpb2543x4r.docx contract=CON201 files=['word/document.xml']
[2026-02-16T13:58:31.104354+00:00] repaired=C:\Users\LTP-IT~1\AppData\Local\Temp\tmpvxe1zad7.docx contract=CON201 files=['word/document.xml']
[2026-02-16T14:03:12.153087+00:00] repaired=C:\Users\LTP-IT~1\AppData\Local\Temp\tmp7ceui889.docx contract=CON001 files=['word/document.xml']
[2026-02-16T14:04:59.585577+00:00] repaired=C:\Users\LTP-IT~1\AppData\Local\Temp\tmp30lzkbon.docx contract=CON201 files=['word/document.xml']
[2026-02-16T14:05:13.423887+00:00] repaired=C:\Users\LTP-IT~1\AppData\Local\Temp\tmpd8dq7qze.docx contract=CON007 files=['word/document.xml']
[2026-02-16T14:07:11.938542+00:00] repaired=C:\Users\LTP-IT~1\AppData\Local\Temp\tmprs4x1jf6.docx contract=CON001 files=['word/document.xml']
[2026-02-16T14:08:08.998591+00:00] repaired=C:\Users\LTP-IT~1\AppData\Local\Temp\tmproaqj2d1.docx contract=CON001 files=['word/document.xml']
[2026-02-16T14:08:36.809433+00:00] repaired=C:\Users\LTP-IT~1\AppData\Local\Temp\tmpc0mvrj45.docx contract=CON007 files=['word/document.xml']
[2026-02-16T14:12:16.633284+00:00] repaired=C:\Users\LTP-IT~1\AppData\Local\Temp\tmpvi8xs6aa.docx contract=CON001 files=['word/document.xml']
[2026-02-16T14:12:56.042238+00:00] repaired=C:\Users\LTP-IT~1\AppData\Local\Temp\tmp8cpcp01i.docx contract=CON007 files=['word/document.xml']
[2026-02-16T15:45:07.109896+00:00] repaired=C:\Users\LTP-IT~1\AppData\Local\Temp\tmpa_uupmia.docx contract=CON007 files=['word/document.xml']
[2026-02-16T15:47:25.132470+00:00] repaired=C:\Users\LTP-IT~1\AppData\Local\Temp\tmpdcvob_fi.docx contract=CON007 files=['word/document.xml']
[2026-02-16T23:37:00.592147+00:00] repaired=C:\Users\LTP-IT~1\AppData\Local\Temp\tmps9jb7_pn.docx contract=CON007 files=['word/document.xml']
[2026-02-16T23:38:40.070185+00:00] repaired=C:\Users\LTP-IT~1\AppData\Local\Temp\tmp65bakbfd.docx contract=CON001 files=['word/document.xml']
[2026-02-16T23:39:53.029849+00:00] repaired=C:\Users\LTP-IT~1\AppData\Local\Temp\tmp66eapi7p.docx contract=CON001 files=['word/document.xml']
[2026-02-16T23:40:30.860169+00:00] repaired=C:\Users\LTP-IT~1\AppData\Local\Temp\tmp0r_7dem3.docx contract=CON001 files=['word/document.xml']
[2026-02-16T23:52:31.802088+00:00] repaired=C:\Users\LTP-IT~1\AppData\Local\Temp\tmp0uwvif95.docx contract=CON001 files=['word/document.xml']
[2026-02-16T23:53:20.050113+00:00] repaired=C:\Users\LTP-IT~1\AppData\Local\Temp\tmp0aw7e1o3.docx contract=CON007 files=['word/document.xml']
[2026-02-16T23:53:36.117934+00:00] repaired=C:\Users\LTP-IT~1\AppData\Local\Temp\tmpiy6l9u_w.docx contract=CON001 files=['word/document.xml']
[2026-02-16T23:53:41.762219+00:00] repaired=C:\Users\LTP-IT~1\AppData\Local\Temp\tmphd8wzuf9.docx contract=CON001 files=['word/document.xml']
[2026-02-17T02:21:38.562106+00:00] repaired=C:\Users\LTP-IT~1\AppData\Local\Temp\tmp8hj4qs5e.docx contract=con12345 files=['word/document.xml']
[2026-02-17T02:22:12.695495+00:00] repaired=C:\Users\LTP-IT~1\AppData\Local\Temp\tmpfsa7iqkf.docx contract=con12345 files=['word/document.xml']
[2026-02-17T02:37:45.418215+00:00] repaired=C:\Users\LTP-IT~1\AppData\Local\Temp\tmphjv1hwn1.docx contract=CON890 files=['word/document.xml']
[2026-02-17T02:49:18.081928+00:00] repaired=C:\Users\LTP-IT~1\AppData\Local\Temp\tmp4kznw_cp.docx contract=con12345 files=['word/document.xml']
[2026-02-17T02:49:28.083917+00:00] repaired=C:\Users\LTP-IT~1\AppData\Local\Temp\tmp24l7onxk.docx contract=CON890 files=['word/document.xml']
[2026-02-17T04:30:24.619632+00:00] repaired=C:\Users\LTP-IT~1\AppData\Local\Temp\tmp3xrwchp8.docx contract=CON001 files=['word/document.xml']
[2026-02-17T04:30:25.704103+00:00] repaired=C:\Users\LTP-IT~1\AppData\Local\Temp\tmpl47lp238.docx contract=CON001 files=['word/document.xml']
[2026-02-17T04:36:01.877184+00:00] repaired=C:\Users\LTP-IT~1\AppData\Local\Temp\tmpr70zipyq.docx contract=CON890 files=['word/document.xml']
[2026-02-17T04:36:09.243443+00:00] repaired=C:\Users\LTP-IT~1\AppData\Local\Temp\tmp8qr219ls.docx contract=CON890 files=['word/document.xml']
[2026-02-17T04:47:13.679763+00:00] repaired=C:\Users\LTP-IT~1\AppData\Local\Temp\tmpqytt_9tj.docx contract=con12345 files=['word/document.xml']
[2026-02-17T04:47:22.710964+00:00] repaired=C:\Users\LTP-IT~1\AppData\Local\Temp\tmplldgq05d.docx contract=con12345 files=['word/document.xml']
[2026-02-17T04:54:20.280042+00:00] repaired=C:\Users\LTP-IT~1\AppData\Local\Temp\tmp_8s68vhh.docx contract=CON001 files=['word/document.xml']
[2026-02-17T04:56:40.359949+00:00] repaired=C:\Users\LTP-IT~1\AppData\Local\Temp\tmpnbt2fkxt.docx contract=CON890 files=['word/document.xml']
[2026-02-17T04:56:50.970452+00:00] repaired=C:\Users\LTP-IT~1\AppData\Local\Temp\tmpa0h_evxf.docx contract=CON890 files=['word/document.xml']
[2026-02-17T05:09:38.251483+00:00] repaired=C:\Users\LTP-IT~1\AppData\Local\Temp\tmp5nurwffp.docx contract=CON001 files=['word/document.xml']
[2026-02-17T05:11:29.329248+00:00] repaired=C:\Users\LTP-IT~1\AppData\Local\Temp\tmp2jlnwbmx.docx contract=CON890 files=['word/document.xml']
[2026-02-17T05:11:37.988623+00:00] repaired=C:\Users\LTP-IT~1\AppData\Local\Temp\tmpdatba0wh.docx contract=CON890 files=['word/document.xml']
[2026-02-17T05:13:42.359172+00:00] repaired=C:\Users\LTP-IT~1\AppData\Local\Temp\tmpnepgre5y.docx contract=con12345 files=['word/document.xml']
[2026-02-17T05:13:57.787284+00:00] repaired=C:\Users\LTP-IT~1\AppData\Local\Temp\tmpawailfv2.docx contract=con12345 files=['word/document.xml']
[2026-02-17T12:25:57.882445+00:00] repaired=C:\Users\LTP-IT~1\AppData\Local\Temp\tmp22aoge2v.docx contract=CON890 files=['word/document.xml']
[2026-02-17T12:26:03.706172+00:00] repaired=C:\Users\LTP-IT~1\AppData\Local\Temp\tmpd4672qp1.docx contract=CON890 files=['word/document.xml']
[2026-02-18T01:34:22.823093+00:00] repaired=C:\Users\LTP-IT~1\AppData\Local\Temp\tmplh1atrj4.docx contract=CON890 files=['word/document.xml']
[2026-02-18T01:34:29.243145+00:00] repaired=C:\Users\LTP-IT~1\AppData\Local\Temp\tmp20lqp575.docx contract=CON890 files=['word/document.xml']
[2026-02-18T01:43:08.348240+00:00] repaired=C:\Users\LTP-IT~1\AppData\Local\Temp\tmpmgwzplan.docx contract=CON001 files=['word/document.xml']
[2026-02-18T01:57:50.099685+00:00] repaired=C:\Users\LTP-IT~1\AppData\Local\Temp\tmp5htyw1f1.docx contract=CON890 files=['word/document.xml']
[2026-02-18T01:58:06.396222+00:00] repaired=C:\Users\LTP-IT~1\AppData\Local\Temp\tmp0bwbi31i.docx contract=CON890 files=['word/document.xml']
[2026-02-18T01:58:36.550736+00:00] repaired=C:\Users\LTP-IT~1\AppData\Local\Temp\tmp00m58sdj.docx contract=CON890 files=['word/document.xml']
[2026-02-18T01:58:42.370699+00:00] repaired=C:\Users\LTP-IT~1\AppData\Local\Temp\tmpc92x9k0h.docx contract=CON890 files=['word/document.xml']
[2026-02-18T03:00:40.980602+00:00] repaired=C:\Users\LTP-IT~1\AppData\Local\Temp\tmputr2a5n6.docx contract=CON890 files=['word/document.xml']
[2026-02-18T03:00:52.125654+00:00] repaired=C:\Users\LTP-IT~1\AppData\Local\Temp\tmpupewj49d.docx contract=CON890 files=['word/document.xml']
[2026-02-18T03:03:17.733234+00:00] repaired=C:\Users\LTP-IT~1\AppData\Local\Temp\tmprhk7o_5e.docx contract=CON890 files=['word/document.xml']
[2026-02-18T03:03:42.615099+00:00] repaired=C:\Users\LTP-IT~1\AppData\Local\Temp\tmp22y2nx25.docx contract=CON890 files=['word/document.xml']
[2026-02-18T03:03:50.574391+00:00] repaired=C:\Users\LTP-IT~1\AppData\Local\Temp\tmpdl4qieh7.docx contract=CON890 files=['word/document.xml']
[2026-02-18T09:51:19.418455+00:00] repaired=C:\Users\LTP-IT~1\AppData\Local\Temp\tmplxt94n72.docx contract=CON006 files=['word/document.xml']
[2026-02-18T09:51:28.250474+00:00] repaired=C:\Users\LTP-IT~1\AppData\Local\Temp\tmpzk6gxtwj.docx contract=CON006 files=['word/document.xml']
[2026-02-18T11:28:50.274895+00:00] repaired=C:\Users\LTP-IT~1\AppData\Local\Temp\tmp98vk3tpx.docx contract=CON006 files=['word/document.xml']
[2026-02-18T11:28:52.271545+00:00] repaired=C:\Users\LTP-IT~1\AppData\Local\Temp\tmpfz8lsog3.docx contract=CON006 files=['word/document.xml']
[2026-02-18T11:46:50.403183+00:00] repaired=C:\Users\LTP-IT~1\AppData\Local\Temp\tmpsag5ag_6.docx contract=CON006 files=['word/document.xml']
[2026-02-18T11:58:20.031535+00:00] repaired=C:\Users\LTP-IT~1\AppData\Local\Temp\tmpnkhcqkbc.docx contract=CON006 files=['word/document.xml']
[2026-02-19T01:17:12.336915+00:00] repaired=C:\Users\LTP-IT~1\AppData\Local\Temp\tmpcj8ypxsw.docx contract=CON006 files=['word/document.xml']
[2026-02-19T01:17:52.623413+00:00] repaired=C:\Users\LTP-IT~1\AppData\Local\Temp\tmpx60_974c.docx contract=CON006 files=['word/document.xml']
[2026-02-19T01:58:23.975794+00:00] repaired=C:\Users\LTP-IT~1\AppData\Local\Temp\tmpu3mw7687.docx contract=CON006 files=['word/document.xml']
[2026-02-19T01:58:33.239793+00:00] repaired=C:\Users\LTP-IT~1\AppData\Local\Temp\tmplpryvpy_.docx contract=CON006 files=['word/document.xml']
[2026-02-19T02:06:21.467470+00:00] repaired=C:\Users\LTP-IT~1\AppData\Local\Temp\tmpsdo_e2sa.docx contract=CON006 files=['word/document.xml']
[2026-02-19T02:06:28.842096+00:00] repaired=C:\Users\LTP-IT~1\AppData\Local\Temp\tmppw_1rq3o.docx contract=CON006 files=['word/document.xml']
[2026-02-19T03:30:17.384771+00:00] repaired=C:\Users\LTP-IT~1\AppData\Local\Temp\tmpi634vn15.docx contract=CON890 files=['word/document.xml']
[2026-02-19T03:30:24.423663+00:00] repaired=C:\Users\LTP-IT~1\AppData\Local\Temp\tmp_oojneqd.docx contract=CON890 files=['word/document.xml']
[2026-02-19T03:31:30.886247+00:00] repaired=C:\Users\LTP-IT~1\AppData\Local\Temp\tmp1lp9qvl5.docx contract=CON890 files=['word/document.xml']
[2026-02-19T03:31:36.484049+00:00] repaired=C:\Users\LTP-IT~1\AppData\Local\Temp\tmpcgp6v0sh.docx contract=CON890 files=['word/document.xml']
[2026-02-19T03:34:24.141491+00:00] repaired=C:\Users\LTP-IT~1\AppData\Local\Temp\tmpqxpli6m_.docx contract=CON890 files=['word/document.xml']
[2026-02-19T03:34:30.570211+00:00] repaired=C:\Users\LTP-IT~1\AppData\Local\Temp\tmpncax7wiy.docx contract=CON890 files=['word/document.xml']
[2026-02-19T03:44:46.809169+00:00] repaired=C:\Users\LTP-IT~1\AppData\Local\Temp\tmpvw_wlct7.docx contract=CON890 files=['word/document.xml']
[2026-02-19T03:44:52.972842+00:00] repaired=C:\Users\LTP-IT~1\AppData\Local\Temp\tmp1hz9akyd.docx contract=CON890 files=['word/document.xml']
[2026-02-20T07:25:55.747251+00:00] repaired=C:\Users\LTP-IT~1\AppData\Local\Temp\tmppofc_3mx.docx contract=S6-02-004ETE files=['word/document.xml']
[2026-02-20T07:26:05.680430+00:00] repaired=C:\Users\LTP-IT~1\AppData\Local\Temp\tmpr16dz3v0.docx contract=S6-02-004ETE files=['word/document.xml']
[2026-02-20T13:00:02.107488+00:00] repaired=C:\Users\LTP-IT~1\AppData\Local\Temp\tmpjg9wsj1i.docx contract=CON800 files=['word/document.xml']
[2026-02-20T13:00:22.545210+00:00] repaired=C:\Users\LTP-IT~1\AppData\Local\Temp\tmpw1jgtn7t.docx contract=CON800 files=['word/document.xml']
[2026-02-21T09:20:43.983659+00:00] repaired=C:\Users\LTP-IT~1\AppData\Local\Temp\tmprj_4z9so.docx contract=S6-02-004ETE files=['word/document.xml']
[2026-02-21T09:21:00.252258+00:00] repaired=C:\Users\LTP-IT~1\AppData\Local\Temp\tmp76y_zf5_.docx contract=S6-02-004ETE files=['word/document.xml']
[2026-02-21T12:57:24.038159+00:00] repaired=C:\Users\LTP-IT~1\AppData\Local\Temp\tmpwi7_5wjc.docx contract=S6-02-004ETE files=['word/document.xml']
[2026-02-21T12:57:29.270481+00:00] repaired=C:\Users\LTP-IT~1\AppData\Local\Temp\tmpf3nduwcn.docx contract=S6-02-004ETE files=['word/document.xml']
[2026-02-21T12:57:34.520476+00:00] repaired=C:\Users\LTP-IT~1\AppData\Local\Temp\tmpo0z591o1.docx contract=S6-02-004ETE files=['word/document.xml']
[2026-02-21T12:57:47.318385+00:00] repaired=C:\Users\LTP-IT~1\AppData\Local\Temp\tmp5mfmd1y0.docx contract=S6-02-004ETE files=['word/document.xml']
[2026-02-22T04:27:27.320438+00:00] repaired=C:\Users\LTP-IT~1\AppData\Local\Temp\tmpio1gl_mq.docx contract=S6-02-004ETE files=['word/document.xml']
[2026-02-22T04:27:43.363058+00:00] repaired=C:\Users\LTP-IT~1\AppData\Local\Temp\tmprhdf9r_g.docx contract=S6-02-004ETE files=['word/document.xml']
[2026-02-22T04:39:24.965427+00:00] repaired=C:\Users\LTP-IT~1\AppData\Local\Temp\tmptkqelzeb.docx contract=CON003 files=['word/document.xml']
[2026-02-22T04:39:35.333888+00:00] repaired=C:\Users\LTP-IT~1\AppData\Local\Temp\tmp8n6z01fs.docx contract=CON003 files=['word/document.xml']
[2026-02-22T05:00:52.853927+00:00] repaired=C:\Users\LTP-IT~1\AppData\Local\Temp\tmplpz1mvgb.docx contract=con001 files=['word/document.xml']
[2026-02-22T05:01:13.846470+00:00] repaired=C:\Users\LTP-IT~1\AppData\Local\Temp\tmpd3ht4gu6.docx contract=con001 files=['word/document.xml']
[2026-02-22T05:01:22.217679+00:00] repaired=C:\Users\LTP-IT~1\AppData\Local\Temp\tmp0cy3u2t2.docx contract=con001 files=['word/document.xml']
[2026-02-22T07:32:54.802293+00:00] repaired=C:\Users\LTP-IT~1\AppData\Local\Temp\tmp9c4na8vx.docx contract=S6-02-004ETE files=['word/document.xml']
[2026-02-22T07:32:58.578781+00:00] repaired=C:\Users\LTP-IT~1\AppData\Local\Temp\tmpdd6ktda7.docx contract=S6-02-004ETE files=['word/document.xml']
[2026-02-22T07:48:38.490131+00:00] repaired=C:\Users\LTP-IT~1\AppData\Local\Temp\tmpvjuhkx48.docx contract=con001 files=['word/document.xml']
[2026-02-22T07:48:46.189568+00:00] repaired=C:\Users\LTP-IT~1\AppData\Local\Temp\tmpcza132zj.docx contract=con001 files=['word/document.xml']
[2026-02-22T08:02:39.084131+00:00] repaired=C:\Users\LTP-IT~1\AppData\Local\Temp\tmpsp32lx3b.docx contract=con001 files=['word/document.xml']
[2026-02-22T08:02:47.049564+00:00] repaired=C:\Users\LTP-IT~1\AppData\Local\Temp\tmp3tinfto5.docx contract=con001 files=['word/document.xml']
[2026-02-22T08:06:31.577251+00:00] repaired=C:\Users\LTP-IT~1\AppData\Local\Temp\tmpja28lqwi.docx contract=CON003 files=['word/document.xml']
[2026-02-22T08:06:39.819637+00:00] repaired=C:\Users\LTP-IT~1\AppData\Local\Temp\tmppphydqrx.docx contract=CON003 files=['word/document.xml']
[2026-02-22T10:33:34.178608+00:00] repaired=C:\Users\LTP-IT~1\AppData\Local\Temp\tmp1jv84071.docx contract=S6-02-009ABC files=['word/document.xml']
[2026-02-22T10:33:45.541601+00:00] repaired=C:\Users\LTP-IT~1\AppData\Local\Temp\tmph0m4rggk.docx contract=S6-02-009ABC files=['word/document.xml']
