[2026-02-10T01:49:50.392282+00:00] repaired=C:\Users\LTP-IT~1\AppData\Local\Temp\tmpt32gmmas.docx contract=TEST123 files=['word/document.xml']
[2026-02-10T06:34:31.348181+00:00] repaired=C:\Users\LTP-IT~1\AppData\Local\Temp\tmp05s4l4pj.docx contract=CON003 files=['word/document.xml']
[2026-02-10T08:58:44.350212+00:00] repaired=C:\Users\LTP-IT~1\AppData\Local\Temp\tmps0bh6kp2.docx contract=CON003 files=['word/document.xml']
[2026-02-10T10:27:03.404616+00:00] repaired=C:\Users\LTP-IT~1\AppData\Local\Temp\tmpkhudo3wc.docx contract=CON003 files=['word/document.xml']
[2026-02-11T05:05:29.455594+00:00] repaired=C:\Users\LTP-IT~1\AppData\Local\Temp\tmpu30vp521.docx contract=CON003 files=['word/document.xml']
[2026-02-11T09:01:42.902995+00:00] repaired=C:\Users\LTP-IT~1\AppData\Local\Temp\tmp51otqblh.docx contract=CON321 files=['word/document.xml']
[2026-02-11T09:18:37.038088+00:00] repaired=C:\Users\LTP-IT~1\AppData\Local\Temp\tmpfzjzbc8g.docx contract=CON123 files=['word/document.xml']
[2026-02-11T11:11:01.399511+00:00] repaired=C:\Users\LTP-IT~1\AppData\Local\Temp\tmp71elmzt8.docx contract=CON321 files=['word/document.xml']
[2026-02-11T11:14:09.309086+00:00] repaired=C:\Users\LTP-IT~1\AppData\Local\Temp\tmpelo69qpf.docx contract=CON003 files=['word/document.xml']
[2026-02-11T12:17:05.950758+00:00] repaired=C:\Users\LTP-IT~1\AppData\Local\Temp\tmpgusoornv.docx contract=con089 files=['word/document.xml']
[2026-02-11T12:34:14.993562+00:00] repaired=C:\Users\LTP-IT~1\AppData\Local\Temp\tmpell7uv3_.docx contract=CON321 files=['word/document.xml']
[2026-02-11T12:53:49.196025+00:00] repaired=C:\Users\LTP-IT~1\AppData\Local\Temp\tmptuj75d6q.docx contract=CON003 files=['word/document.xml']
[2026-02-11T13:00:05.908775+00:00] repaired=C:\Users\LTP-IT~1\AppData\Local\Temp\tmp4a6puq43.docx contract=CON003 files=['word/document.xml']
[2026-02-11T13:05:54.653808+00:00] repaired=C:\Users\LTP-IT~1\AppData\Local\Temp\tmpvrbi9sf4.docx contract=CON321 files=['word/document.xml']
[2026-02-11T14:02:21.019810+00:00] repaired=C:\Users\LTP-IT~1\AppData\Local\Temp\tmpwtinmlta.docx contract=CON001 files=['word/document.xml']
[2026-02-11T14:03:06.223599+00:00] repaired=C:\Users\LTP-IT~1\AppData\Local\Temp\tmp_rpbtwyk.docx contract=CON003 files=['word/document.xml']
[2026-02-11T14:06:56.713123+00:00] repaired=C:\Users\LTP-IT~1\AppData\Local\Temp\tmp2itg_o3u.docx contract=CON003 files=['word/document.xml']
[2026-02-11T15:25:12.168728+00:00] repaired=C:\Users\LTP-IT~1\AppData\Local\Temp\tmp3dgc0kf4.docx contract=CON089 files=['word/document.xml']
[2026-02-11T15:29:39.612782+00:00] repaired=C:\Users\LTP-IT~1\AppData\Local\Temp\tmpp9b8chb1.docx contract=CON003 files=['word/document.xml']
[2026-02-11T15:31:44.283611+00:00] repaired=C:\Users\LTP-IT~1\AppData\Local\Temp\tmp6jea_dtl.docx contract=CON089\ files=['word/document.xml']
[2026-02-11T15:40:43.163876+00:00] repaired=C:\Users\LTP-IT~1\AppData\Local\Temp\tmpe5m2lvp1.docx contract=CON004 files=['word/document.xml']
[2026-02-11T15:45:21.572685+00:00] repaired=C:\Users\LTP-IT~1\AppData\Local\Temp\tmpcslbiq6_.docx contract=CON089 files=['word/document.xml']
[2026-02-11T15:46:12.186599+00:00] repaired=C:\Users\LTP-IT~1\AppData\Local\Temp\tmpa8ev5g5c.docx contract=CON003 files=['word/document.xml']
[2026-02-11T15:47:43.181518+00:00] repaired=C:\Users\LTP-IT~1\AppData\Local\Temp\tmp82tzy117.docx contract=CON321 files=['word/document.xml']
[2026-02-11T17:48:00.094660+00:00] repaired=C:\Users\LTP-IT~1\AppData\Local\Temp\tmpiyo6l02e.docx contract=con321 files=['word/document.xml']
[2026-02-11T17:54:24.958291+00:00] repaired=C:\Users\LTP-IT~1\AppData\Local\Temp\tmpoimivxgu.docx contract=CON004 files=['word/document.xml']
[2026-02-11T18:53:36.798013+00:00] repaired=C:\Users\LTP-IT~1\AppData\Local\Temp\tmpv8jj20ql.docx contract=CON321 files=['word/document.xml']
[2026-02-11T18:54:38.748398+00:00] repaired=C:\Users\LTP-IT~1\AppData\Local\Temp\tmpcz2ocnk8.docx contract=CON089 files=['word/document.xml']
[2026-02-11T23:26:10.467561+00:00] repaired=C:\Users\LTP-IT~1\AppData\Local\Temp\tmpebp98jjf.docx contract=CON089 files=['word/document.xml']
[2026-02-11T23:44:31.302069+00:00] repaired=C:\Users\LTP-IT~1\AppData\Local\Temp\tmpo1t2r86d.docx contract=CON089 files=['word/document.xml']
[2026-02-11T23:57:07.519386+00:00] repaired=C:\Users\LTP-IT~1\AppData\Local\Temp\tmpobh1grbe.docx contract=CON321 files=['word/document.xml']
[2026-02-11T23:59:21.548150+00:00] repaired=C:\Users\LTP-IT~1\AppData\Local\Temp\tmp96srbtxi.docx contract=CON321 files=['word/document.xml']
[2026-02-13T15:05:02.637196+00:00] repaired=C:\Users\LTP-IT~1\AppData\Local\Temp\tmp11lengtk.docx contract=CON089 files=['word/document.xml']
[2026-02-13T16:37:30.359515+00:00] repaired=C:\Users\LTP-IT~1\AppData\Local\Temp\tmp7mrr8ich.docx contract=con334 files=['word/document.xml']
[2026-02-14T07:41:28.179863+00:00] repaired=C:\Users\LTP-IT~1\AppData\Local\Temp\tmpttpxsh91.docx contract=CON003 files=['word/document.xml']
[2026-02-14T07:44:49.339367+00:00] repaired=C:\Users\LTP-IT~1\AppData\Local\Temp\tmpwhuk7s18.docx contract=con001 files=['word/document.xml']
[2026-02-14T07:46:38.927953+00:00] repaired=C:\Users\LTP-IT~1\AppData\Local\Temp\tmphtj80oa7.docx contract=CON003 files=['word/document.xml']
[2026-02-14T07:55:22.338424+00:00] repaired=C:\Users\LTP-IT~1\AppData\Local\Temp\tmp0ahkwk5l.docx contract=CON002 files=['word/document.xml']
[2026-02-14T08:59:40.167318+00:00] repaired=C:\Users\LTP-IT~1\AppData\Local\Temp\tmpn0ifxopc.docx contract=CON001 files=['word/document.xml']
[2026-02-14T18:29:01.279447+07:00] repaired=C:\Users\LTP-IT~1\AppData\Local\Temp\tmph0yi9xz8.docx contract=con201 files=['word/document.xml']
[2026-02-14T14:42:19.752910+00:00] repaired=C:\Users\LTP-IT~1\AppData\Local\Temp\tmpqz5y4y23.docx contract=TEST123 files=['word/document.xml']
[2026-02-14T14:53:40.994384+00:00] repaired=C:\Users\LTP-IT~1\AppData\Local\Temp\tmpg3680_rc.docx contract=CON001 files=['word/document.xml']
[2026-02-14T15:00:17.130388+00:00] repaired=C:\Users\LTP-IT~1\AppData\Local\Temp\tmp881wrh_9.docx contract=TEST123 files=['word/document.xml']
[2026-02-14T15:06:11.973573+00:00] repaired=C:\Users\LTP-IT~1\AppData\Local\Temp\tmp1a32w8sy.docx contract=TEST123 files=['word/document.xml']
[2026-02-14T15:15:52.433115+00:00] repaired=C:\Users\LTP-IT~1\AppData\Local\Temp\tmps4kzooin.docx contract=TEST123 files=['word/document.xml']
[2026-02-14T15:26:24.153318+00:00] repaired=C:\Users\LTP-IT~1\AppData\Local\Temp\tmpv7ppq007.docx contract=TEST123 files=['word/document.xml']
[2026-02-14T15:31:44.080130+00:00] repaired=C:\Users\LTP-IT~1\AppData\Local\Temp\tmpz120klwa.docx contract=TEST123 files=['word/document.xml']
[2026-02-14T15:32:55.094105+00:00] repaired=C:\Users\LTP-IT~1\AppData\Local\Temp\tmp_thqrw2a.docx contract=TEST123 files=['word/document.xml']
[2026-02-14T15:45:01.051722+00:00] repaired=C:\Users\LTP-IT~1\AppData\Local\Temp\tmp3pc3a8xh.docx contract=TEST123 files=['word/document.xml']
[2026-02-14T15:47:45.065354+00:00] repaired=C:\Users\LTP-IT~1\AppData\Local\Temp\tmpje6jpcs6.docx contract=TEST123 files=['word/document.xml']
[2026-02-14T16:33:23.012337+00:00] repaired=C:\Users\LTP-IT~1\AppData\Local\Temp\tmpv0k0agbe.docx contract=CON006 files=['word/document.xml']
[2026-02-15T16:15:03.607758+00:00] repaired=C:\Users\LTP-IT~1\AppData\Local\Temp\tmps2p0isei.docx contract=CON007 files=['word/document.xml']
[2026-02-15T16:24:32.017401+00:00] repaired=C:\Users\LTP-IT~1\AppData\Local\Temp\tmp9z0uxlbq.docx contract=CON007 files=['word/document.xml']
[2026-02-15T16:26:25.136641+00:00] repaired=C:\Users\LTP-IT~1\AppData\Local\Temp\tmp71u23ekd.docx contract=CON007 files=['word/document.xml']
[2026-02-15T16:54:43.650333+00:00] repaired=C:\Users\LTP-IT~1\AppData\Local\Temp\tmpm55h53c5.docx contract=CON007 files=['word/document.xml']
[2026-02-15T16:56:55.701914+00:00] repaired=C:\Users\LTP-IT~1\AppData\Local\Temp\tmpxc7uuzpq.docx contract=CON007 files=['word/document.xml']
[2026-02-15T17:09:20.879696+00:00] repaired=C:\Users\LTP-IT~1\AppData\Local\Temp\tmp7e1p4i52.docx contract=CON007 files=['word/document.xml']
[2026-02-16T02:00:17.119907+00:00] repaired=C:\Users\LTP-IT~1\AppData\Local\Temp\tmp3tf0flxr.docx contract=CON007 files=['word/document.xml']
[2026-02-16T02:53:41.583690+00:00] repaired=C:\Users\LTP-IT~1\AppData\Local\Temp\tmp9bp77l01.docx contract=CON007 files=['word/document.xml']
[2026-02-16T02:56:21.688455+00:00] repaired=C:\Users\LTP-IT~1\AppData\Local\Temp\tmpt2nj4d6s.docx contract=CON007 files=['word/document.xml']
[2026-02-16T03:02:36.966866+00:00] repaired=C:\Users\LTP-IT~1\AppData\Local\Temp\tmpieix6o08.docx contract=CON007 files=['word/document.xml']
[2026-02-16T03:05:33.694797+00:00] repaired=C:\Users\LTP-IT~1\AppData\Local\Temp\tmpx78ac4ng.docx contract=CON007 files=['word/document.xml']
[2026-02-16T03:08:45.044421+00:00] repaired=C:\Users\LTP-IT~1\AppData\Local\Temp\tmp289jiy9v.docx contract=CON007 files=['word/document.xml']
[2026-02-16T03:11:02.861238+00:00] repaired=C:\Users\LTP-IT~1\AppData\Local\Temp\tmpdy__klvr.docx contract=CON007 files=['word/document.xml']
