[2026-02-23T02:14:38.999390+00:00] download_check contract=con000 created_by=None created_by_id=None caller_uname=adadi caller_uid=29 permitted=False
[2026-02-23T02:19:41.578435+00:00] download_check contract=con000 created_by=None created_by_id=None caller_uname=adadi caller_uid=29 permitted=False
[2026-02-23T02:21:55.354577+00:00] download_check contract=con000 created_by=None created_by_id=None caller_uname=adadi caller_uid=29 permitted=False
[2026-02-23T02:36:10.206763+00:00] access_incoming contract=S6-02-009ABC role=CSA user_username=adadi user_id=29
[2026-02-23T02:36:10.221446+00:00] access_fallback_username contract=S6-02-009ABC created_by=None caller_uname=adadi
[2026-02-23T02:36:10.250462+00:00] access_incoming contract=S6-02-009ABC role=CSA user_username=adadi user_id=29
[2026-02-23T02:36:10.256893+00:00] access_fallback_username contract=S6-02-009ABC created_by=None caller_uname=adadi
[2026-02-23T02:36:17.426494+00:00] access_incoming contract=S6-02-009ABC role=CSA user_username=adadi user_id=29
[2026-02-23T02:36:17.430664+00:00] access_fallback_username contract=S6-02-009ABC created_by=None caller_uname=adadi
[2026-02-23T02:36:17.438820+00:00] access_incoming contract=con000 role=CSA user_username=adadi user_id=29
[2026-02-23T02:36:17.446824+00:00] access_fallback_username contract=con000 created_by=None caller_uname=adadi
[2026-02-23T02:36:21.337265+00:00] download_check contract=con000 created_by=None created_by_id=None caller_uname=adadi caller_uid=29 permitted=False
[2026-02-23T02:49:46.105785+00:00] access_incoming contract=S6-02-009ABC role=CSA user_username=adadi user_id=29
[2026-02-23T02:49:46.160332+00:00] access_incoming contract=S6-02-009ABC role=CSA user_username=adadi user_id=29
[2026-02-23T02:49:53.368909+00:00] access_incoming contract=con000 role=CSA user_username=adadi user_id=29
[2026-02-23T02:49:56.974054+00:00] download_check contract=con000 created_by=adadi created_by_id=29 caller_uname=adadi caller_uid=29 permitted=True
[2026-02-23T02:50:20.866083+00:00] download_check contract=con000 created_by=adadi created_by_id=29 caller_uname=adadi caller_uid=29 permitted=True
[2026-02-23T02:52:22.679847+00:00] download_check contract=con000 created_by=adadi created_by_id=29 caller_uname=adadi caller_uid=29 permitted=True
[2026-02-23T02:52:33.284748+00:00] download_check contract=con000 created_by=adadi created_by_id=29 caller_uname=adadi caller_uid=29 permitted=True
[2026-02-23T02:52:42.922974+00:00] download_check contract=con000 created_by=adadi created_by_id=29 caller_uname=adadi caller_uid=29 permitted=True
[2026-02-23T02:52:43.367159+00:00] download_check contract=con000 created_by=adadi created_by_id=29 caller_uname=adadi caller_uid=29 permitted=True
[2026-02-23T02:52:43.422910+00:00] download_check contract=con000 created_by=adadi created_by_id=29 caller_uname=adadi caller_uid=29 permitted=True
[2026-02-23T02:52:43.463464+00:00] download_check contract=con000 created_by=adadi created_by_id=29 caller_uname=adadi caller_uid=29 permitted=True
[2026-02-23T02:52:43.499800+00:00] download_check contract=con000 created_by=adadi created_by_id=29 caller_uname=adadi caller_uid=29 permitted=True
[2026-02-23T02:52:52.499259+00:00] download_check contract=con000 created_by=adadi created_by_id=29 caller_uname=adadi caller_uid=29 permitted=True
[2026-02-23T03:01:20.754009+00:00] access_incoming contract=S6-02-009ABC role=CSA user_username=adadi user_id=29
[2026-02-23T03:01:20.839197+00:00] access_incoming contract=con000 role=CSA user_username=adadi user_id=29
[2026-02-23T03:01:20.839197+00:00] access_incoming contract=S6-02-009ABC role=CSA user_username=adadi user_id=29
[2026-02-23T03:01:44.019719+00:00] access_incoming contract=S6-02-009ABC role=CSA user_username=adadi user_id=29
[2026-02-23T03:01:44.126716+00:00] access_incoming contract=con000 role=CSA user_username=adadi user_id=29
d=29
[2026-02-23T03:10:29.713928+00:00] access_incoming contract=con000 role=CSA user_username=adadi user_id=29
[2026-02-23T03:10:29.732212+00:00] access_incoming contract=S6-02-009ABC role=CSA user_username=adadi user_id=29
[2026-02-23T03:10:29.830336+00:00] access_incoming contract=S6-02-009ABC role=CSA user_username=adadi user_id=29
[2026-02-23T03:10:29.830336+00:00] access_incoming contract=con000 role=CSA user_username=adadi user_id=29
[2026-02-23T03:10:39.009792+00:00] post_update_consume_check contract=con000 created_by=adadi created_by_id=0 caller_uname=adadi caller_uid=29 permitted=False
[2026-02-23T03:10:58.367170+00:00] access_incoming contract=con000 role=CSA user_username=adadi user_id=29
[2026-02-23T03:10:58.375342+00:00] access_incoming contract=S6-02-009ABC role=CSA user_username=adadi user_id=29
[2026-02-23T03:10:58.434354+00:00] access_incoming contract=S6-02-009ABC role=CSA user_username=adadi user_id=29
[2026-02-23T03:18:41.068288+00:00] access_incoming contract=con000 role=CSA user_username=adadi user_id=29
[2026-02-23T03:18:41.068288+00:00] access_incoming contract=S6-02-009ABC role=CSA user_username=adadi user_id=29
[2026-02-23T03:18:41.168413+00:00] access_incoming contract=con000 role=CSA user_username=adadi user_id=29
[2026-02-23T03:18:41.172447+00:00] access_incoming contract=S6-02-009ABC role=CSA user_username=adadi user_id=29
[2026-02-23T03:20:07.216811+00:00] access_incoming contract=con000 role=CSA user_username=adadi user_id=29
[2026-02-23T03:20:07.222504+00:00] access_incoming contract=S6-02-009ABC role=CSA user_username=adadi user_id=29
[2026-02-23T03:20:07.320500+00:00] access_incoming contract=S6-02-009ABC role=CSA user_username=adadi user_id=29
[2026-02-23T03:20:07.320500+00:00] access_incoming contract=con000 role=CSA user_username=adadi user_id=29
[2026-02-23T03:20:12.115869+00:00] access_incoming contract=S6-02-003QWE role=CSA user_username=adadi user_id=29
[2026-02-23T03:20:20.708555+00:00] download_check contract=S6-02-003QWE created_by=adadi created_by_id=29 caller_uname=adadi caller_uid=29 permitted=True
[2026-02-23T03:20:31.544021+00:00] download_check contract=S6-02-003QWE created_by=adadi created_by_id=29 caller_uname=adadi caller_uid=29 permitted=True
[2026-02-23T03:20:52.138834+00:00] access_incoming contract=con000 role=CSA user_username=adadi user_id=29
[2026-02-23T03:20:52.138834+00:00] access_incoming contract=S6-02-003QWE role=CSA user_username=adadi user_id=29
[2026-02-23T03:20:52.143202+00:00] access_incoming contract=S6-02-009ABC role=CSA user_username=adadi user_id=29
[2026-02-23T03:20:52.243670+00:00] access_incoming contract=con000 role=CSA user_username=adadi user_id=29
[2026-02-23T03:20:52.243670+00:00] access_incoming contract=S6-02-003QWE role=CSA user_username=adadi user_id=29
[2026-02-23T03:21:35.812501+00:00] post_update_consume_check contract=S6-02-003QWE created_by=adadi created_by_id=0 caller_uname=adadi caller_uid=29 permitted=False
[2026-02-23T03:22:13.701026+00:00] access_incoming contract=con000 role=CSA user_username=adadi user_id=29
[2026-02-23T03:22:56.945273+00:00] access_incoming contract=con000 role=CSA user_username=adadi user_id=29
[2026-02-23T03:22:56.953300+00:00] access_incoming contract=S6-02-009ABC role=CSA user_username=adadi user_id=29
[2026-02-23T03:22:56.953300+00:00] access_incoming contract=S6-02-003QWE role=CSA user_username=adadi user_id=29
[2026-02-23T03:22:57.050370+00:00] access_incoming contract=S6-02-009ABC role=CSA user_username=adadi user_id=29
[2026-02-23T03:22:57.050370+00:00] access_incoming contract=con000 role=CSA user_username=adadi user_id=29
[2026-02-23T03:22:57.050370+00:00] access_incoming contract=S6-02-003QWE role=CSA user_username=adadi user_id=29
[2026-02-23T03:37:42.658367+00:00] access_incoming contract=con000 role=CSA user_username=adadi user_id=29
[2026-02-23T03:37:42.666791+00:00] access_incoming contract=S6-02-009ABC role=CSA user_username=adadi user_id=29
[2026-02-23T03:37:42.746070+00:00] access_incoming contract=S6-02-009ABC role=CSA user_username=adadi user_id=29
[2026-02-23T03:37:42.746070+00:00] access_incoming contract=con000 role=CSA user_username=adadi user_id=29
[2026-02-23T03:37:58.650669+00:00] access_incoming contract=S6-02-003QWE role=CSA user_username=adadi user_id=29
[2026-02-23T03:38:22.116171+00:00] post_update_consume_check contract=S6-02-003QWE created_by=adadi created_by_id=0 caller_uname=adadi caller_uid=29 permitted=False
[2026-02-23T03:39:10.843761+00:00] access_incoming contract=S6-02-009ABC role=CSA user_username=adadi user_id=29
[2026-02-23T03:39:10.853220+00:00] access_incoming contract=con000 role=CSA user_username=adadi user_id=29
[2026-02-23T03:39:10.858296+00:00] access_incoming contract=S6-02-003QWE role=CSA user_username=adadi user_id=29
[2026-02-23T03:39:10.964316+00:00] access_incoming contract=S6-02-003QWE role=CSA user_username=adadi user_id=29
[2026-02-23T03:39:10.964316+00:00] access_incoming contract=con000 role=CSA user_username=adadi user_id=29
d=29
[2026-02-23T03:39:17.188181+00:00] access_incoming contract=S6-02-006BYF role=CSA user_username=adadi user_id=29
[2026-02-23T03:39:21.510809+00:00] download_check contract=S6-02-006BYF created_by=adadi created_by_id=29 caller_uname=adadi caller_uid=29 permitted=True
[2026-02-23T03:39:33.208350+00:00] download_check contract=S6-02-006BYF created_by=adadi created_by_id=29 caller_uname=adadi caller_uid=29 permitted=True
[2026-02-23T03:39:47.958037+00:00] access_incoming contract=S6-02-003QWE role=CSA user_username=adadi user_id=29
[2026-02-23T03:39:47.958037+00:00] access_incoming contract=con000 role=CSA user_username=adadi user_id=29
[2026-02-23T03:39:47.958037+00:00] access_incoming contract=S6-02-006BYF role=CSA user_username=adadi user_id=29
[2026-02-23T03:39:47.982089+00:00] access_incoming contract=S6-02-009ABC role=CSA user_username=adadi user_id=29
[2026-02-23T03:39:48.094066+00:00] access_incoming contract=S6-02-006BYF role=CSA user_username=adadi user_id=29
[2026-02-23T03:39:48.096278+00:00] access_incoming contract=S6-02-009ABC role=CSA user_username=adadi user_id=29
[2026-02-23T03:39:48.108102+00:00] access_incoming contract=con000 role=CSA user_username=adadi user_id=29
[2026-02-23T03:40:13.094538+00:00] post_update_consume_check contract=S6-02-006BYF created_by=adadi created_by_id=0 caller_uname=adadi caller_uid=29 permitted=False
[2026-02-23T04:16:56.470969+00:00] access_incoming contract=con000 role=CSA user_username=adadi user_id=29
[2026-02-23T04:16:56.476044+00:00] access_incoming contract=S6-02-003QWE role=CSA user_username=adadi user_id=29
[2026-02-23T04:16:56.531153+00:00] access_incoming contract=S6-02-006BYF role=CSA user_username=adadi user_id=29
[2026-02-23T04:16:56.534943+00:00] access_incoming contract=S6-02-009ABC role=CSA user_username=adadi user_id=29
[2026-02-23T04:16:56.571111+00:00] access_incoming contract=con000 role=CSA user_username=adadi user_id=29
[2026-02-23T04:16:56.582876+00:00] access_incoming contract=S6-02-003QWE role=CSA user_username=adadi user_id=29
[2026-02-23T04:16:56.590164+00:00] access_incoming contract=S6-02-006BYF role=CSA user_username=adadi user_id=29
[2026-02-23T04:16:56.624389+00:00] access_incoming contract=S6-02-009ABC role=CSA user_username=adadi user_id=29
[2026-02-23T04:17:08.280981+00:00] pre_update_permission_check contract=S6-02-003QWE created_by=adadi created_by_id=0 caller_uname=adadi caller_uid=29 permitted=True
[2026-02-23T04:17:08.306864+00:00] post_update_consume_try contract=S6-02-003QWE uid=29 aa_exists=True aa_edit_consumed=0 aa_edit_grants=1
[2026-02-23T04:17:08.337546+00:00] post_update_consume_result contract=S6-02-003QWE uid=29 result=True aa_edit_consumed_after=1 aa_edit_grants=1
[2026-02-23T04:17:13.023245+00:00] download_check contract=S6-02-003QWE created_by=adadi created_by_id=0 caller_uname=adadi caller_uid=29 permitted=True
[2026-02-23T04:17:32.691180+00:00] download_check contract=S6-02-003QWE created_by=adadi created_by_id=0 caller_uname=adadi caller_uid=29 permitted=True
[2026-02-23T04:19:14.419288+00:00] access_incoming contract=con000 role=CSA user_username=adadi user_id=29
[2026-02-23T04:19:14.421315+00:00] access_incoming contract=S6-02-006BYF role=CSA user_username=adadi user_id=29
[2026-02-23T04:19:14.429385+00:00] access_incoming contract=S6-02-003QWE role=CSA user_username=adadi user_id=29
[2026-02-23T04:19:14.534079+00:00] access_incoming contract=con000 role=CSA user_username=adadi user_id=29
[2026-02-23T04:19:14.536091+00:00] access_incoming contract=S6-02-006BYF role=CSA user_username=adadi user_id=29
[2026-02-23T04:19:14.541130+00:00] access_incoming contract=S6-02-003QWE role=CSA user_username=adadi user_id=29
[2026-02-23T04:19:14.541130+00:00] access_incoming contract=S6-02-009ABC role=CSA user_username=adadi user_id=29
[2026-02-23T04:19:25.840932+00:00] pre_update_permission_check contract=S6-02-006BYF created_by=adadi created_by_id=0 caller_uname=adadi caller_uid=29 permitted=True
[2026-02-23T04:19:25.863102+00:00] post_update_consume_try contract=S6-02-006BYF uid=29 aa_exists=True aa_edit_consumed=0 aa_edit_grants=1
[2026-02-23T04:19:25.887551+00:00] post_update_consume_result contract=S6-02-006BYF uid=29 result=True aa_edit_consumed_after=1 aa_edit_grants=1
[2026-02-23T04:19:28.913068+00:00] download_check contract=S6-02-006BYF created_by=adadi created_by_id=0 caller_uname=adadi caller_uid=29 permitted=True
[2026-02-23T04:19:47.102971+00:00] download_check contract=S6-02-006BYF created_by=adadi created_by_id=0 caller_uname=adadi caller_uid=29 permitted=True
[2026-02-23T04:20:10.172530+00:00] access_incoming contract=S6-02-009ABC role=CSA user_username=adadi user_id=29
[2026-02-23T04:20:10.172530+00:00] access_incoming contract=con000 role=CSA user_username=adadi user_id=29
[2026-02-23T04:20:10.180721+00:00] access_incoming contract=S6-02-006BYF role=CSA user_username=adadi user_id=29
[2026-02-23T04:20:10.180721+00:00] access_incoming contract=S6-02-003QWE role=CSA user_username=adadi user_id=29
[2026-02-23T04:20:10.300819+00:00] access_incoming contract=con000 role=CSA user_username=adadi user_id=29
d=29
[2026-02-23T04:20:10.304244+00:00] access_incoming contract=S6-02-003QWE role=CSA user_username=adadi user_id=29
[2026-02-23T04:27:52.903284+00:00] access_incoming contract=con000 role=CSA user_username=adadi user_id=29
[2026-02-23T04:27:52.943998+00:00] access_incoming contract=S6-02-006BYF role=CSA user_username=adadi user_id=29
[2026-02-23T04:27:52.966924+00:00] access_incoming contract=S6-02-009ABC role=CSA user_username=adadi user_id=29
[2026-02-23T04:27:52.998746+00:00] access_incoming contract=con000 role=CSA user_username=adadi user_id=29
[2026-02-23T04:27:53.021052+00:00] access_incoming contract=S6-02-006BYF role=CSA user_username=adadi user_id=29
[2026-02-23T04:27:53.034596+00:00] access_incoming contract=S6-02-009ABC role=CSA user_username=adadi user_id=29
[2026-02-23T04:34:32.373291+00:00] access_incoming contract=con000 role=CSA user_username=adadi user_id=29
[2026-02-23T04:34:32.385338+00:00] access_incoming contract=S6-02-009ABC role=CSA user_username=adadi user_id=29
[2026-02-23T04:34:32.521039+00:00] access_incoming contract=con000 role=CSA user_username=adadi user_id=29
[2026-02-23T04:34:32.523202+00:00] access_incoming contract=S6-02-009ABC role=CSA user_username=adadi user_id=29
[2026-02-23T04:34:32.529242+00:00] access_incoming contract=S6-02-006BYF role=CSA user_username=adadi user_id=29
[2026-02-23T04:50:47.991387+00:00] pre_update_permission_check contract=TESTCREATE_FLATRATE created_by=adadi created_by_id=29 caller_uname=adadi caller_uid=29 permitted=True
[2026-02-23T04:50:48.015446+00:00] post_update_consume_try contract=TESTCREATE_FLATRATE uid=29 aa_exists=True aa_edit_consumed=0 aa_edit_grants=1
[2026-02-23T04:50:48.035541+00:00] post_update_consume_result contract=TESTCREATE_FLATRATE uid=29 result=True aa_edit_consumed_after=1 aa_edit_grants=1
[2026-02-23T04:50:59.484957+00:00] pre_update_permission_check contract=TESTCREATE_FLATRATE created_by=adadi created_by_id=0 caller_uname=adadi caller_uid=29 permitted=True
[2026-02-23T04:50:59.495234+00:00] post_update_consume_try contract=TESTCREATE_FLATRATE uid=29 aa_exists=True aa_edit_consumed=1 aa_edit_grants=1
[2026-02-23T04:50:59.505860+00:00] post_update_consume_result contract=TESTCREATE_FLATRATE uid=29 result=False aa_edit_consumed_after=1 aa_edit_grants=1
[2026-02-23T04:53:59.089636+00:00] access_incoming contract=S6-02-006BYF role=CSA user_username=adadi user_id=29
[2026-02-23T04:53:59.103841+00:00] access_incoming contract=con000 role=CSA user_username=adadi user_id=29
[2026-02-23T04:53:59.126175+00:00] access_incoming contract=S6-02-009ABC role=CSA user_username=adadi user_id=29
[2026-02-23T04:53:59.186206+00:00] access_incoming contract=S6-02-006BYF role=CSA user_username=adadi user_id=29
[2026-02-23T04:53:59.186206+00:00] access_incoming contract=con000 role=CSA user_username=adadi user_id=29
[2026-02-23T04:53:59.216950+00:00] access_incoming contract=S6-02-009ABC role=CSA user_username=adadi user_id=29
[2026-02-23T05:18:44.090385+00:00] access_incoming contract=S6-02-006BYF role=CSA user_username=adadi user_id=29
[2026-02-23T05:18:44.091386+00:00] access_incoming contract=con000 role=CSA user_username=adadi user_id=29
[2026-02-23T05:18:44.092893+00:00] access_incoming contract=S6-02-009ABC role=CSA user_username=adadi user_id=29
[2026-02-23T05:18:44.151740+00:00] access_incoming contract=S6-02-009ABC role=CSA user_username=adadi user_id=29
[2026-02-23T05:18:44.172444+00:00] access_incoming contract=con000 role=CSA user_username=adadi user_id=29
d=29
[2026-02-23T05:19:43.225196+00:00] access_incoming contract=S6-02-006BYF role=CSA user_username=adadi user_id=29
[2026-02-23T05:19:43.227198+00:00] access_incoming contract=S6-02-009ABC role=CSA user_username=adadi user_id=29
[2026-02-23T05:19:43.228189+00:00] access_incoming contract=con000 role=CSA user_username=adadi user_id=29
[2026-02-23T05:19:43.307034+00:00] access_incoming contract=con000 role=CSA user_username=adadi user_id=29
d=29
[2026-02-23T05:19:43.307034+00:00] access_incoming contract=S6-02-009ABC role=CSA user_username=adadi user_id=29
[2026-02-23T06:00:59.223201+00:00] access_incoming contract=S6-02-009ABC role=CSA user_username=adadi user_id=29
[2026-02-23T06:00:59.237760+00:00] access_incoming contract=S6-02-006BYF role=CSA user_username=adadi user_id=29
[2026-02-23T06:00:59.245754+00:00] access_incoming contract=con000 role=CSA user_username=adadi user_id=29
[2026-02-23T06:00:59.307755+00:00] access_incoming contract=S6-02-009ABC role=CSA user_username=adadi user_id=29
[2026-02-23T06:00:59.307755+00:00] access_incoming contract=S6-02-006BYF role=CSA user_username=adadi user_id=29
[2026-02-23T06:42:36.826504+00:00] access_incoming contract=S6-02-006BYF role=CSA user_username=adadi user_id=29
[2026-02-23T06:42:36.851361+00:00] access_incoming contract=con000 role=CSA user_username=adadi user_id=29
[2026-02-23T06:42:36.883731+00:00] access_incoming contract=S6-02-009ABC role=CSA user_username=adadi user_id=29
[2026-02-23T06:42:36.943146+00:00] access_incoming contract=S6-02-006BYF role=CSA user_username=adadi user_id=29
[2026-02-23T06:42:36.975848+00:00] access_incoming contract=con000 role=CSA user_username=adadi user_id=29
[2026-02-23T07:53:14.328591+00:00] access_incoming contract=S6-02-004ETE role=CSA user_username=csa user_id=21
[2026-02-23T07:53:14.376716+00:00] access_incoming contract=S6-02-004ETE role=CSA user_username=csa user_id=21
[2026-02-23T08:01:21.791130+00:00] access_incoming contract=S6-02-004ETE role=CSA user_username=csa user_id=21
[2026-02-23T08:01:21.830911+00:00] access_incoming contract=S6-02-004ETE role=CSA user_username=csa user_id=21
[2026-02-23T08:31:19.704090+00:00] access_incoming contract=S6-02-004ETE role=CSA user_username=csa user_id=21
[2026-02-23T08:31:19.768082+00:00] access_incoming contract=S6-02-004ETE role=CSA user_username=csa user_id=21
[2026-02-23T08:31:59.939585+00:00] access_incoming contract=S6-01-007ENC role=CSA user_username=csa user_id=21
[2026-02-23T08:32:08.716637+00:00] access_incoming contract=S6-02-004ETE role=CSA user_username=csa user_id=21
[2026-02-23T08:32:08.813918+00:00] access_incoming contract=S6-02-004ETE role=CSA user_username=csa user_id=21
[2026-02-23T08:32:08.813918+00:00] access_incoming contract=S6-01-007ENC role=CSA user_username=csa user_id=21
[2026-02-23T08:32:10.016275+00:00] download_check contract=S6-01-007ENC created_by=csa created_by_id=21 caller_uname=csa caller_uid=21 permitted=True
[2026-02-23T08:32:15.497052+00:00] download_check contract=S6-01-007ENC created_by=csa created_by_id=21 caller_uname=csa caller_uid=21 permitted=True
[2026-02-23T08:32:34.478817+00:00] download_check contract=S6-01-007ENC created_by=csa created_by_id=21 caller_uname=csa caller_uid=21 permitted=True
[2026-02-23T08:34:02.310915+00:00] download_check contract=S6-01-007ENC created_by=csa created_by_id=21 caller_uname=csa caller_uid=21 permitted=True
[2026-02-23T08:41:54.958655+00:00] access_incoming contract=S6-01-007ENC role=CSA user_username=csa user_id=21
[2026-02-23T08:41:55.036874+00:00] access_incoming contract=S6-02-004ETE role=CSA user_username=csa user_id=21
[2026-02-23T08:41:55.036874+00:00] access_incoming contract=S6-01-007ENC role=CSA user_username=csa user_id=21
[2026-02-23T08:46:49.393829+00:00] access_incoming contract=S6-01-007ENC role=CSA user_username=csa user_id=21
[2026-02-23T08:46:49.393829+00:00] access_incoming contract=S6-02-004ETE role=CSA user_username=csa user_id=21
[2026-02-23T08:46:49.486003+00:00] access_incoming contract=S6-02-004ETE role=CSA user_username=csa user_id=21
[2026-02-23T08:46:49.486003+00:00] access_incoming contract=S6-01-007ENC role=CSA user_username=csa user_id=21
[2026-02-23T08:47:30.993951+00:00] access_incoming contract=S6-02-004ETE role=CSA user_username=csa user_id=21
[2026-02-23T08:47:30.995790+00:00] access_incoming contract=S6-01-007ENC role=CSA user_username=csa user_id=21
[2026-02-23T08:47:31.069909+00:00] access_incoming contract=S6-01-007ENC role=CSA user_username=csa user_id=21
[2026-02-23T08:51:10.499890+00:00] access_incoming contract=S6-01-007ENC role=CSA user_username=csa user_id=21
[2026-02-23T08:51:10.499890+00:00] access_incoming contract=S6-02-004ETE role=CSA user_username=csa user_id=21
[2026-02-23T08:51:10.600797+00:00] access_incoming contract=S6-01-007ENC role=CSA user_username=csa user_id=21
[2026-02-23T08:54:17.492631+00:00] access_incoming contract=S6-02-004ETE role=CSA user_username=csa user_id=21
[2026-02-23T08:54:17.500417+00:00] access_incoming contract=S6-01-007ENC role=CSA user_username=csa user_id=21
[2026-02-23T08:54:17.577034+00:00] access_incoming contract=S6-02-004ETE role=CSA user_username=csa user_id=21
[2026-02-23T08:54:17.577034+00:00] access_incoming contract=S6-01-007ENC role=CSA user_username=csa user_id=21
[2026-02-23T08:54:41.022026+00:00] pre_update_permission_check contract=S6-01-007ENC created_by=csa created_by_id=21 caller_uname=csa caller_uid=21 permitted=True
[2026-02-23T08:54:41.044338+00:00] post_update_consume_try contract=S6-01-007ENC uid=21 aa_exists=True aa_edit_consumed=0 aa_edit_grants=1
[2026-02-23T08:54:41.069197+00:00] post_update_consume_result contract=S6-01-007ENC uid=21 result=True aa_edit_consumed_after=1 aa_edit_grants=1
[2026-02-23T08:55:45.352534+00:00] access_incoming contract=S6-01-007ENC role=CSA user_username=csa user_id=21
[2026-02-23T08:55:45.433256+00:00] access_incoming contract=S6-02-004ETE role=CSA user_username=csa user_id=21
[2026-02-23T08:56:15.210288+00:00] access_incoming contract=S6-02-004ETE role=CSA user_username=csa user_id=21
[2026-02-23T08:56:15.210288+00:00] access_incoming contract=S6-01-007ENC role=CSA user_username=csa user_id=21
[2026-02-23T08:56:15.299463+00:00] access_incoming contract=S6-01-007ENC role=CSA user_username=csa user_id=21
[2026-02-23T08:56:15.308010+00:00] access_incoming contract=S6-02-004ETE role=CSA user_username=csa user_id=21
[2026-02-23T08:58:40.758191+00:00] pre_update_permission_check contract=S6-02-004ETE created_by=csa created_by_id=0 caller_uname=csa caller_uid=21 permitted=True
[2026-02-23T08:58:40.790582+00:00] post_update_consume_try contract=S6-02-004ETE uid=21 aa_exists=True aa_edit_consumed=0 aa_edit_grants=1
[2026-02-23T08:58:40.814823+00:00] post_update_consume_result contract=S6-02-004ETE uid=21 result=True aa_edit_consumed_after=1 aa_edit_grants=1
[2026-02-23T09:04:17.400026+00:00] access_incoming contract=S6-02-004ETE role=CSA user_username=csa user_id=21
[2026-02-23T09:04:17.448872+00:00] access_incoming contract=S6-02-004ETE role=CSA user_username=csa user_id=21
[2026-02-23T09:04:25.744822+00:00] access_incoming contract=S6-01-007ENC role=CSA user_username=csa user_id=21
[2026-02-23T09:04:30.298577+00:00] download_check contract=S6-01-007ENC created_by=csa created_by_id=21 caller_uname=csa caller_uid=21 permitted=True
[2026-02-23T09:04:41.570504+00:00] download_check contract=S6-01-007ENC created_by=csa created_by_id=21 caller_uname=csa caller_uid=21 permitted=True
[2026-02-23T09:05:06.559543+00:00] download_check contract=S6-01-007ENC created_by=csa created_by_id=21 caller_uname=csa caller_uid=21 permitted=True
[2026-02-23T09:05:10.463032+00:00] access_incoming contract=S6-01-007ENC role=CSA user_username=csa user_id=21
[2026-02-23T09:05:10.483360+00:00] access_incoming contract=S6-02-004ETE role=CSA user_username=csa user_id=21
[2026-02-23T09:05:10.530620+00:00] access_incoming contract=S6-02-004ETE role=CSA user_username=csa user_id=21
[2026-02-23T09:05:13.101401+00:00] download_check contract=S6-01-007ENC created_by=csa created_by_id=21 caller_uname=csa caller_uid=21 permitted=True
[2026-02-23T09:05:27.992391+00:00] access_incoming contract=S6-01-007ENC role=CSA user_username=csa user_id=21
[2026-02-23T09:05:27.992391+00:00] access_incoming contract=S6-02-004ETE role=CSA user_username=csa user_id=21
[2026-02-23T09:05:28.085583+00:00] access_incoming contract=S6-02-004ETE role=CSA user_username=csa user_id=21
[2026-02-23T09:05:44.353981+00:00] pre_update_permission_check contract=S6-01-007ENC created_by=csa created_by_id=21 caller_uname=csa caller_uid=21 permitted=True
[2026-02-23T09:05:44.379542+00:00] post_update_consume_try contract=S6-01-007ENC uid=21 aa_exists=True aa_edit_consumed=0 aa_edit_grants=1
[2026-02-23T09:05:44.412006+00:00] post_update_consume_result contract=S6-01-007ENC uid=21 result=True aa_edit_consumed_after=1 aa_edit_grants=1
[2026-02-23T09:05:50.116436+00:00] download_check contract=S6-01-007ENC created_by=csa created_by_id=21 caller_uname=csa caller_uid=21 permitted=True
[2026-02-23T09:05:59.728403+00:00] download_check contract=S6-01-007ENC created_by=csa created_by_id=21 caller_uname=csa caller_uid=21 permitted=True
[2026-02-23T09:58:00.122402+00:00] access_incoming contract=S6-01-007ENC role=CSA user_username=csa user_id=21
[2026-02-23T09:58:00.184834+00:00] access_incoming contract=S6-01-007ENC role=CSA user_username=csa user_id=21
[2026-02-23T09:58:11.265947+00:00] access_incoming contract=S6-02-004ETE role=CSA user_username=csa user_id=21
[2026-02-23T09:58:25.563537+00:00] pre_update_permission_check contract=S6-02-004ETE created_by=csa created_by_id=21 caller_uname=csa caller_uid=21 permitted=True
[2026-02-23T09:58:25.588614+00:00] post_update_consume_try contract=S6-02-004ETE uid=21 aa_exists=True aa_edit_consumed=0 aa_edit_grants=1
[2026-02-23T09:58:25.621238+00:00] post_update_consume_result contract=S6-02-004ETE uid=21 result=True aa_edit_consumed_after=1 aa_edit_grants=1
[2026-02-23T10:01:52.821173+00:00] access_incoming contract=S6-02-004ETE role=CSA user_username=csa user_id=21
[2026-02-23T10:02:16.017243+00:00] download_check contract=S6-02-004ETE created_by=csa created_by_id=21 caller_uname=csa caller_uid=21 permitted=True
[2026-02-23T10:02:38.384492+00:00] download_check contract=S6-02-004ETE created_by=csa created_by_id=21 caller_uname=csa caller_uid=21 permitted=True
[2026-02-23T10:03:10.950130+00:00] pre_update_permission_check contract=S6-02-004ETE created_by=csa created_by_id=21 caller_uname=csa caller_uid=21 permitted=True
[2026-02-23T10:03:10.966663+00:00] post_update_consume_try contract=S6-02-004ETE uid=21 aa_exists=True aa_edit_consumed=0 aa_edit_grants=1
[2026-02-23T10:03:11.000628+00:00] post_update_consume_result contract=S6-02-004ETE uid=21 result=True aa_edit_consumed_after=1 aa_edit_grants=1
[2026-02-23T10:03:30.225615+00:00] download_check contract=S6-02-004ETE created_by=csa created_by_id=21 caller_uname=csa caller_uid=21 permitted=True
[2026-02-23T10:03:48.046650+00:00] download_check contract=S6-02-004ETE created_by=csa created_by_id=21 caller_uname=csa caller_uid=21 permitted=True
[2026-02-23T10:04:28.551285+00:00] download_check contract=S6-02-004ETE created_by=csa created_by_id=21 caller_uname=csa caller_uid=21 permitted=True
[2026-02-23T10:08:17.933214+00:00] access_incoming contract=S6-02-004ETE role=CSA user_username=csa user_id=21
[2026-02-23T10:08:17.989743+00:00] access_incoming contract=S6-02-004ETE role=CSA user_username=csa user_id=21
[2026-02-23T10:08:24.540883+00:00] access_incoming contract=S6-02-004ETE role=CSA user_username=csa user_id=21
[2026-02-23T10:08:24.637702+00:00] access_incoming contract=S6-02-004ETE role=CSA user_username=csa user_id=21
[2026-02-23T10:13:58.251335+00:00] access_incoming contract=S6-02-004ETE role=CSA user_username=csa user_id=21
[2026-02-23T10:13:58.301296+00:00] access_incoming contract=S6-02-004ETE role=CSA user_username=csa user_id=21
[2026-02-23T12:40:55.722362+00:00] access_incoming contract=S6-02-004ETE role=CSA user_username=csa user_id=21
[2026-02-23T12:40:55.769289+00:00] access_incoming contract=S6-02-004ETE role=CSA user_username=csa user_id=21
[2026-02-23T12:42:00.017440+00:00] access_incoming contract=S6-02-004ETE role=CSA user_username=csa user_id=21
[2026-02-23T12:42:00.063519+00:00] access_incoming contract=S6-02-004ETE role=CSA user_username=csa user_id=21
[2026-02-23T12:42:53.848069+00:00] access_incoming contract=S6-02-004ETE role=CSA user_username=csa user_id=21
[2026-02-23T12:42:53.887149+00:00] access_incoming contract=S6-02-004ETE role=CSA user_username=csa user_id=21
[2026-02-23T12:46:51.066791+00:00] access_incoming contract=S6-02-004ETE role=CSA user_username=csa user_id=21
[2026-02-23T12:59:32.379005+00:00] access_incoming contract=S6-02-004ETE role=CSA user_username=csa user_id=21
[2026-02-23T12:59:32.411432+00:00] access_incoming contract=S6-02-004ETE role=CSA user_username=csa user_id=21
[2026-02-23T13:05:18.867226+00:00] access_incoming contract=S6-02-004ETE role=CSA user_username=csa user_id=21
[2026-02-23T13:05:18.900692+00:00] access_incoming contract=S6-02-004ETE role=CSA user_username=csa user_id=21
[2026-02-23T13:12:11.965379+00:00] access_incoming contract=S6-02-004ETE role=CSA user_username=csa user_id=21
[2026-02-23T13:12:12.018091+00:00] access_incoming contract=S6-02-004ETE role=CSA user_username=csa user_id=21
[2026-02-23T14:44:05.196222+00:00] access_incoming contract=S6-02-004ETE role=CSA user_username=csa user_id=21
[2026-02-23T14:44:05.238466+00:00] access_incoming contract=S6-02-004ETE role=CSA user_username=csa user_id=21
[2026-02-23T14:46:09.655963+00:00] access_incoming contract=CON401 role=CSA user_username=csa user_id=21
[2026-02-23T14:46:15.459879+00:00] download_check contract=CON401 created_by=csa created_by_id=21 caller_uname=csa caller_uid=21 permitted=True
[2026-02-23T14:46:35.345683+00:00] download_check contract=CON401 created_by=csa created_by_id=21 caller_uname=csa caller_uid=21 permitted=True
[2026-02-23T14:47:16.188435+00:00] pre_update_permission_check contract=CON401 created_by=csa created_by_id=21 caller_uname=csa caller_uid=21 permitted=True
[2026-02-23T14:47:16.216644+00:00] post_update_consume_try contract=CON401 uid=21 aa_exists=True aa_edit_consumed=0 aa_edit_grants=1
[2026-02-23T14:47:16.249782+00:00] post_update_consume_result contract=CON401 uid=21 result=True aa_edit_consumed_after=1 aa_edit_grants=1
[2026-02-23T14:47:21.754184+00:00] download_check contract=CON401 created_by=csa created_by_id=21 caller_uname=csa caller_uid=21 permitted=True
[2026-02-23T14:47:39.163525+00:00] download_check contract=CON401 created_by=csa created_by_id=21 caller_uname=csa caller_uid=21 permitted=True
[2026-02-23T14:48:03.182174+00:00] download_check contract=CON401 created_by=csa created_by_id=21 caller_uname=csa caller_uid=21 permitted=True
[2026-02-24T01:02:41.355383+00:00] access_incoming contract=S6-02-004ETE role=Admin user_username=admin user_id=1
[2026-02-24T01:05:50.757695+00:00] access_incoming contract=S6-02-006BYF role=Admin user_username=admin user_id=1
[2026-02-24T01:07:42.467798+00:00] access_incoming contract=S6-02-006BYF role=Admin user_username=admin user_id=1
[2026-02-24T07:19:15.521313+00:00] access_incoming contract=S6-02-004ETE role=CSA user_username=csa user_id=21
[2026-02-24T07:19:15.587261+00:00] access_incoming contract=S6-02-004ETE role=CSA user_username=csa user_id=21
[2026-02-24T07:20:04.574770+00:00] download_check contract=S6-02-006BYF created_by=admin created_by_id=1 caller_uname=csa caller_uid=21 permitted=False
[2026-02-24T07:20:38.746556+00:00] access_incoming contract=S6-02-004ETE role=CSA user_username=csa user_id=21
[2026-02-24T07:20:38.810646+00:00] access_incoming contract=S6-02-004ETE role=CSA user_username=csa user_id=21
[2026-02-24T07:20:43.596495+00:00] access_incoming contract=S6-02-004ETE role=CSA user_username=csa user_id=21
[2026-02-24T07:20:43.660113+00:00] access_incoming contract=S6-02-004ETE role=CSA user_username=csa user_id=21
[2026-02-24T07:20:49.958526+00:00] pre_update_permission_check contract=S6-02-006BYF created_by=admin created_by_id=1 caller_uname=csa caller_uid=21 permitted=False
[2026-02-24T07:20:59.903627+00:00] download_check contract=S6-02-006BYF created_by=admin created_by_id=1 caller_uname=csa caller_uid=21 permitted=False
[2026-02-24T07:22:39.660654+00:00] download_check contract=S6-02-006BYF created_by=admin created_by_id=1 caller_uname=csa caller_uid=21 permitted=False
[2026-02-24T07:22:46.210519+00:00] download_check contract=S6-02-006BYF created_by=admin created_by_id=1 caller_uname=csa caller_uid=21 permitted=False
[2026-02-24T07:22:51.026565+00:00] download_check contract=S6-02-006BYF created_by=admin created_by_id=1 caller_uname=csa caller_uid=21 permitted=False
[2026-02-24T07:27:02.398183+00:00] access_incoming contract=S6-02-004ETE role=CSA user_username=csa user_id=21
[2026-02-24T07:27:02.444846+00:00] access_incoming contract=S6-02-004ETE role=CSA user_username=csa user_id=21
[2026-02-24T07:27:12.762317+00:00] pre_update_permission_check contract=S6-02-006BYF created_by=admin created_by_id=1 caller_uname=csa caller_uid=21 permitted=False
[2026-02-25T22:52:27.187814+00:00] access_incoming contract=S6-02-004ETE role=CSA user_username=csa user_id=21
[2026-02-25T22:52:27.271316+00:00] access_incoming contract=S6-02-004ETE role=CSA user_username=csa user_id=21
[2026-02-25T22:53:25.500912+00:00] access_incoming contract=S6-02-004ETE role=CSA user_username=csa user_id=21
[2026-02-25T22:53:25.574664+00:00] access_incoming contract=S6-02-004ETE role=CSA user_username=csa user_id=21
[2026-02-25T22:55:56.737907+00:00] access_incoming contract=S6-02-123ABC role=CSA user_username=csa user_id=21
[2026-02-25T22:56:12.914362+00:00] download_check contract=S6-02-123ABC created_by=csa created_by_id=21 caller_uname=csa caller_uid=21 permitted=True
[2026-02-25T22:56:55.306950+00:00] download_check contract=S6-02-123ABC created_by=csa created_by_id=21 caller_uname=csa caller_uid=21 permitted=True
[2026-02-25T22:58:25.749697+00:00] download_check contract=S6-02-123ABC created_by=csa created_by_id=21 caller_uname=csa caller_uid=21 permitted=True
[2026-02-25T23:04:13.731247+00:00] access_incoming contract=S6-02-123ABC role=CSA user_username=csa user_id=21
[2026-02-25T23:04:13.733260+00:00] access_incoming contract=S6-02-004ETE role=CSA user_username=csa user_id=21
[2026-02-25T23:04:13.813266+00:00] access_incoming contract=S6-02-004ETE role=CSA user_username=csa user_id=21
[2026-02-25T23:04:13.813266+00:00] access_incoming contract=S6-02-123ABC role=CSA user_username=csa user_id=21
[2026-02-25T23:11:57.158997+00:00] access_incoming contract=S6-02-123ABC role=CSA user_username=csa user_id=21
[2026-02-25T23:11:57.191804+00:00] access_incoming contract=S6-02-004ETE role=CSA user_username=csa user_id=21
[2026-02-25T23:11:57.275602+00:00] access_incoming contract=S6-02-123ABC role=CSA user_username=csa user_id=21
[2026-02-25T23:11:57.275602+00:00] access_incoming contract=S6-02-004ETE role=CSA user_username=csa user_id=21
[2026-02-25T23:15:12.167016+00:00] access_incoming contract=S6-02-123ABC role=CSA user_username=csa user_id=21
[2026-02-25T23:15:12.201857+00:00] access_incoming contract=S6-02-004ETE role=CSA user_username=csa user_id=21
[2026-02-25T23:15:12.275038+00:00] access_incoming contract=S6-02-123ABC role=CSA user_username=csa user_id=21
[2026-02-25T23:21:12.488106+00:00] access_incoming contract=S6-02-123ABC role=CSA user_username=csa user_id=21
[2026-02-25T23:21:12.498394+00:00] access_incoming contract=S6-02-004ETE role=CSA user_username=csa user_id=21
[2026-02-25T23:21:12.595526+00:00] access_incoming contract=S6-02-004ETE role=CSA user_username=csa user_id=21
[2026-02-25T23:36:35.757417+00:00] access_incoming contract=S6-02-123ABC role=CSA user_username=csa user_id=21
[2026-02-25T23:36:35.757417+00:00] access_incoming contract=S6-02-004ETE role=CSA user_username=csa user_id=21
[2026-02-25T23:36:35.856812+00:00] access_incoming contract=S6-02-123ABC role=CSA user_username=csa user_id=21
[2026-02-25T23:42:02.285746+00:00] access_incoming contract=S6-02-123ABC role=CSA user_username=csa user_id=21
[2026-02-25T23:42:02.351794+00:00] access_incoming contract=S6-02-004ETE role=CSA user_username=csa user_id=21
[2026-02-25T23:42:02.430325+00:00] access_incoming contract=S6-02-123ABC role=CSA user_username=csa user_id=21
[2026-02-25T23:42:02.433431+00:00] access_incoming contract=S6-02-004ETE role=CSA user_username=csa user_id=21
[2026-02-25T23:43:16.425487+00:00] access_incoming contract=S6-02-123ABC role=CSA user_username=csa user_id=21
[2026-02-25T23:43:16.491579+00:00] access_incoming contract=S6-02-004ETE role=CSA user_username=csa user_id=21
[2026-02-25T23:43:16.511157+00:00] access_incoming contract=S6-02-123ABC role=CSA user_username=csa user_id=21
[2026-02-25T23:43:16.557558+00:00] access_incoming contract=S6-02-004ETE role=CSA user_username=csa user_id=21
[2026-02-25T23:44:01.562110+00:00] pre_update_permission_check contract=S6-02-123ABC created_by=csa created_by_id=21 caller_uname=csa caller_uid=21 permitted=True
[2026-02-25T23:44:01.601126+00:00] post_update_consume_try contract=S6-02-123ABC uid=21 aa_exists=True aa_edit_consumed=0 aa_edit_grants=1
[2026-02-25T23:44:01.650219+00:00] post_update_consume_result contract=S6-02-123ABC uid=21 result=True aa_edit_consumed_after=1 aa_edit_grants=1
[2026-02-25T23:44:13.557089+00:00] download_check contract=S6-02-123ABC created_by=csa created_by_id=21 caller_uname=csa caller_uid=21 permitted=True
[2026-02-25T23:44:34.861151+00:00] download_check contract=S6-02-123ABC created_by=csa created_by_id=21 caller_uname=csa caller_uid=21 permitted=True
[2026-02-25T23:45:29.359827+00:00] download_check contract=S6-02-123ABC created_by=csa created_by_id=21 caller_uname=csa caller_uid=21 permitted=True
[2026-02-25T23:51:22.852829+00:00] access_incoming contract=S6-02-123ABC role=CSA user_username=csa user_id=21
[2026-02-25T23:51:22.881399+00:00] access_incoming contract=S6-02-004ETE role=CSA user_username=csa user_id=21
[2026-02-25T23:51:22.983925+00:00] access_incoming contract=S6-02-123ABC role=CSA user_username=csa user_id=21
[2026-02-25T23:51:22.983925+00:00] access_incoming contract=S6-02-004ETE role=CSA user_username=csa user_id=21
[2026-02-26T01:03:11.622459+00:00] access_incoming contract=S6-02-123ABC role=CSA user_username=csa user_id=21
[2026-02-26T01:03:11.663872+00:00] access_incoming contract=S6-02-004ETE role=CSA user_username=csa user_id=21
[2026-02-26T01:03:11.703581+00:00] access_incoming contract=S6-02-123ABC role=CSA user_username=csa user_id=21
[2026-02-26T01:03:17.706469+00:00] pre_update_permission_check contract=S6-02-006BYF created_by=admin created_by_id=1 caller_uname=csa caller_uid=21 permitted=False
[2026-02-26T01:03:33.688536+00:00] download_check contract=S6-02-006BYF created_by=admin created_by_id=1 caller_uname=csa caller_uid=21 permitted=False
[2026-02-26T01:37:13.401035+00:00] access_incoming contract=S6-02-004ETE role=CSA user_username=csa user_id=21
[2026-02-26T01:37:13.401035+00:00] access_incoming contract=S6-02-123ABC role=CSA user_username=csa user_id=21
[2026-02-26T01:37:13.506711+00:00] access_incoming contract=S6-02-123ABC role=CSA user_username=csa user_id=21
[2026-02-26T01:37:21.076559+00:00] download_check contract=S6-02-006BYF created_by=admin created_by_id=1 caller_uname=csa caller_uid=21 permitted=False
[2026-02-26T01:37:27.080701+00:00] pre_update_permission_check contract=S6-02-006BYF created_by=admin created_by_id=1 caller_uname=csa caller_uid=21 permitted=False
[2026-02-26T01:38:49.390546+00:00] download_check contract=S6-02-006BYF created_by=admin created_by_id=1 caller_uname=csa caller_uid=21 permitted=False
[2026-02-26T01:39:11.753477+00:00] access_incoming contract=S6-02-123ABC role=CSA user_username=csa user_id=21
[2026-02-26T01:39:11.766957+00:00] access_incoming contract=S6-02-004ETE role=CSA user_username=csa user_id=21
[2026-02-26T01:39:11.837806+00:00] access_incoming contract=S6-02-123ABC role=CSA user_username=csa user_id=21
[2026-02-26T01:39:11.837806+00:00] access_incoming contract=S6-02-004ETE role=CSA user_username=csa user_id=21
[2026-02-27T06:36:26.922011+00:00] access_incoming contract=S6-02-123ABC role=CSA user_username=csa user_id=21
[2026-02-27T06:36:26.981366+00:00] access_incoming contract=S6-02-004ETE role=CSA user_username=csa user_id=21
[2026-02-27T06:36:27.026032+00:00] access_incoming contract=S6-02-123ABC role=CSA user_username=csa user_id=21
[2026-02-27T06:36:27.056324+00:00] access_incoming contract=S6-02-004ETE role=CSA user_username=csa user_id=21
[2026-02-27T06:36:28.011831+00:00] download_check contract=S6-02-006BYF created_by=admin created_by_id=1 caller_uname=csa caller_uid=21 permitted=False
[2026-02-27T06:36:36.249533+00:00] download_check contract=S6-02-006BYF created_by=admin created_by_id=1 caller_uname=csa caller_uid=21 permitted=False
[2026-02-27T06:44:39.249519+00:00] access_incoming contract=S6-02-123ABC role=CSA user_username=csa user_id=21
[2026-02-27T06:44:39.274553+00:00] access_incoming contract=S6-02-004ETE role=CSA user_username=csa user_id=21
[2026-02-27T06:44:39.355960+00:00] access_incoming contract=S6-02-004ETE role=CSA user_username=csa user_id=21
[2026-02-27T06:44:39.355960+00:00] access_incoming contract=S6-02-123ABC role=CSA user_username=csa user_id=21
[2026-02-27T06:44:40.248178+00:00] download_check contract=S6-02-006BYF created_by=admin created_by_id=1 caller_uname=csa caller_uid=21 permitted=False
[2026-02-27T06:47:41.591000+00:00] access_incoming contract=S6-02-123ABC role=CSA user_username=csa user_id=21
[2026-02-27T06:47:41.591000+00:00] access_incoming contract=S6-02-004ETE role=CSA user_username=csa user_id=21
[2026-02-27T06:47:41.695304+00:00] access_incoming contract=S6-02-004ETE role=CSA user_username=csa user_id=21
[2026-02-27T06:48:02.200987+00:00] download_check contract=S6-02-006BYF created_by=admin created_by_id=1 caller_uname=csa caller_uid=21 permitted=False
[2026-02-27T06:48:28.905157+00:00] access_incoming contract=con001 role=Admin user_username=admin user_id=1
[2026-02-27T06:50:42.445511+00:00] access_incoming contract=CON001 role=Admin user_username=admin user_id=1
[2026-02-27T06:52:47.240894+00:00] access_incoming contract=CON001 role=Admin user_username=admin user_id=1
[2026-02-27T08:06:18.651852+00:00] access_incoming contract=con001 role=Admin user_username=admin user_id=1
[2026-03-01T09:52:28.412868+00:00] access_incoming contract=con001 role=Admin user_username=admin user_id=1
[2026-03-07T03:48:39.724421+00:00] access_incoming contract=S6-02-123ABC role=CSA user_username=csa user_id=63
[2026-03-07T03:48:39.804830+00:00] access_incoming contract=S6-02-004ETE role=CSA user_username=csa user_id=63
[2026-03-07T03:48:39.837690+00:00] access_incoming contract=S6-02-123ABC role=CSA user_username=csa user_id=63
[2026-03-07T03:48:39.856330+00:00] access_incoming contract=S6-02-004ETE role=CSA user_username=csa user_id=63
[2026-03-07T03:53:17.090096+00:00] access_incoming contract=S6-02-123ABC role=CSA user_username=csa user_id=63
[2026-03-07T03:53:17.094185+00:00] access_incoming contract=S6-02-004ETE role=CSA user_username=csa user_id=63
[2026-03-07T03:53:17.211076+00:00] access_incoming contract=S6-02-004ETE role=CSA user_username=csa user_id=63
[2026-03-07T03:53:17.212834+00:00] access_incoming contract=S6-02-123ABC role=CSA user_username=csa user_id=63
[2026-03-07T04:11:31.995279+00:00] access_incoming contract=S6-02-123ABC role=CSA user_username=csa user_id=63
[2026-03-07T04:11:32.031572+00:00] access_incoming contract=S6-02-004ETE role=CSA user_username=csa user_id=63
[2026-03-07T04:11:32.077627+00:00] access_incoming contract=S6-02-004ETE role=CSA user_username=csa user_id=63
[2026-03-07T04:11:32.099298+00:00] access_incoming contract=S6-02-123ABC role=CSA user_username=csa user_id=63
[2026-03-07T04:18:27.844301+00:00] access_incoming contract=S6-02-123ABC role=CSA user_username=csa user_id=63
[2026-03-07T04:18:27.846470+00:00] access_incoming contract=S6-02-004ETE role=CSA user_username=csa user_id=63
[2026-03-07T04:18:27.917726+00:00] access_incoming contract=S6-02-004ETE role=CSA user_username=csa user_id=63
[2026-03-07T04:27:41.479415+00:00] access_incoming contract=S6-02-123ABC role=CSA user_username=csa user_id=63
[2026-03-07T04:27:41.541357+00:00] access_incoming contract=S6-02-004ETE role=CSA user_username=csa user_id=63
[2026-03-07T04:27:41.557875+00:00] access_incoming contract=S6-02-123ABC role=CSA user_username=csa user_id=63
[2026-03-07T04:27:41.603673+00:00] access_incoming contract=S6-02-004ETE role=CSA user_username=csa user_id=63
[2026-03-07T04:38:45.219708+00:00] access_incoming contract=S6-02-123ABC role=CSA user_username=csa user_id=63
[2026-03-07T04:38:45.330428+00:00] access_incoming contract=S6-02-123ABC role=CSA user_username=csa user_id=63
[2026-03-07T04:38:45.330428+00:00] access_incoming contract=S6-02-004ETE role=CSA user_username=csa user_id=63
[2026-03-07T04:39:16.964699+00:00] access_incoming contract=S6-02-004ETE role=CSA user_username=csa user_id=63
[2026-03-07T04:39:16.976530+00:00] access_incoming contract=S6-02-123ABC role=CSA user_username=csa user_id=63
[2026-03-07T04:39:17.082093+00:00] access_incoming contract=S6-02-004ETE role=CSA user_username=csa user_id=63
[2026-03-07T04:39:32.361940+00:00] access_incoming contract=S6-02-123ABC role=CSA user_username=csa user_id=63
[2026-03-07T04:39:32.364690+00:00] access_incoming contract=S6-02-004ETE role=CSA user_username=csa user_id=63
[2026-03-07T04:39:32.440495+00:00] access_incoming contract=S6-02-123ABC role=CSA user_username=csa user_id=63
[2026-03-07T04:39:51.397262+00:00] access_incoming contract=S6-02-004ETE role=CSA user_username=csa user_id=63
[2026-03-07T04:39:51.400069+00:00] access_incoming contract=S6-02-123ABC role=CSA user_username=csa user_id=63
[2026-03-07T04:39:51.490003+00:00] access_incoming contract=S6-02-004ETE role=CSA user_username=csa user_id=63
[2026-03-07T04:40:46.725505+00:00] access_incoming contract=S6-02-123ABC role=CSA user_username=csa user_id=63
[2026-03-07T04:40:46.727481+00:00] access_incoming contract=S6-02-004ETE role=CSA user_username=csa user_id=63
[2026-03-07T04:40:46.812261+00:00] access_incoming contract=S6-02-123ABC role=CSA user_username=csa user_id=63
[2026-03-07T04:40:46.812261+00:00] access_incoming contract=S6-02-004ETE role=CSA user_username=csa user_id=63
[2026-03-07T04:41:31.761657+00:00] access_incoming contract=S6-02-123ABC role=CSA user_username=csa user_id=63
[2026-03-07T04:41:31.815046+00:00] access_incoming contract=S6-02-004ETE role=CSA user_username=csa user_id=63
[2026-03-07T04:42:10.759634+00:00] access_incoming contract=S6-02-123ABC role=CSA user_username=csa user_id=63
[2026-03-07T04:42:10.800093+00:00] access_incoming contract=S6-02-004ETE role=CSA user_username=csa user_id=63
[2026-03-07T04:42:25.666533+00:00] access_incoming contract=CON123458 role=CSA user_username=csa user_id=63
[2026-03-07T04:42:25.673164+00:00] access_incoming contract=S6-02-123ABC role=CSA user_username=csa user_id=63
[2026-03-07T04:42:29.006878+00:00] download_check contract=CON123458 created_by=csa created_by_id=63 caller_uname=csa caller_uid=63 permitted=True
[2026-03-07T04:42:41.440468+00:00] download_check contract=CON123458 created_by=csa created_by_id=63 caller_uname=csa caller_uid=63 permitted=True
[2026-03-07T04:43:31.057345+00:00] download_check contract=CON123458 created_by=csa created_by_id=63 caller_uname=csa caller_uid=63 permitted=True
[2026-03-07T04:48:54.344093+00:00] access_incoming contract=CON123458 role=CSA user_username=csa user_id=63
[2026-03-07T04:48:54.349753+00:00] access_incoming contract=S6-02-123ABC role=CSA user_username=csa user_id=63
[2026-03-07T04:48:54.358201+00:00] access_incoming contract=S6-02-004ETE role=CSA user_username=csa user_id=63
[2026-03-07T04:48:54.497302+00:00] access_incoming contract=S6-02-004ETE role=CSA user_username=csa user_id=63
[2026-03-07T04:48:54.498746+00:00] access_incoming contract=CON123458 role=CSA user_username=csa user_id=63
[2026-03-07T04:48:54.513237+00:00] access_incoming contract=S6-02-123ABC role=CSA user_username=csa user_id=63
[2026-03-07T04:49:06.476369+00:00] pre_update_permission_check contract=CON123458 created_by=csa created_by_id=63 caller_uname=csa caller_uid=63 permitted=True
[2026-03-07T04:49:06.521434+00:00] post_update_consume_try contract=CON123458 uid=63 aa_exists=True aa_edit_consumed=0 aa_edit_grants=1
[2026-03-07T04:49:06.540583+00:00] post_update_consume_result contract=CON123458 uid=63 result=True aa_edit_consumed_after=1 aa_edit_grants=1
[2026-03-07T04:49:06.699096+00:00] access_incoming contract=S6-02-123ABC role=CSA user_username=csa user_id=63
[2026-03-07T04:49:06.749756+00:00] access_incoming contract=S6-02-004ETE role=CSA user_username=csa user_id=63
[2026-03-07T04:49:11.025779+00:00] download_check contract=CON123458 created_by=csa created_by_id=63 caller_uname=csa caller_uid=63 permitted=True
[2026-03-07T04:49:19.680909+00:00] download_check contract=CON123458 created_by=csa created_by_id=63 caller_uname=csa caller_uid=63 permitted=True
[2026-03-07T04:49:50.030162+00:00] download_check contract=CON123458 created_by=csa created_by_id=63 caller_uname=csa caller_uid=63 permitted=True
[2026-03-07T04:50:02.051567+00:00] access_incoming contract=S6-02-123ABC role=CSA user_username=csa user_id=63
[2026-03-07T04:50:02.051567+00:00] access_incoming contract=CON123458 role=CSA user_username=csa user_id=63
[2026-03-07T04:50:02.065263+00:00] access_incoming contract=S6-02-004ETE role=CSA user_username=csa user_id=63
[2026-03-07T04:50:02.163200+00:00] access_incoming contract=CON123458 role=CSA user_username=csa user_id=63
[2026-03-07T04:50:02.168865+00:00] access_incoming contract=S6-02-004ETE role=CSA user_username=csa user_id=63
[2026-03-07T04:50:02.170883+00:00] access_incoming contract=S6-02-123ABC role=CSA user_username=csa user_id=63
[2026-03-07T09:16:33.540211+00:00] access_incoming contract=CON123458 role=Admin user_username=admin user_id=1
[2026-03-07T09:20:18.356346+00:00] access_incoming contract=S6-02-123ABC role=CSA user_username=csa user_id=63
[2026-03-07T09:20:18.371525+00:00] access_incoming contract=S6-02-004ETE role=CSA user_username=csa user_id=63
[2026-03-07T09:20:18.423227+00:00] access_incoming contract=S6-02-123ABC role=CSA user_username=csa user_id=63
[2026-03-07T09:20:18.423227+00:00] access_incoming contract=S6-02-004ETE role=CSA user_username=csa user_id=63
[2026-03-07T09:20:47.656645+00:00] access_incoming contract=S6-02-004ETE role=CSA user_username=csa user_id=63
[2026-03-07T09:21:25.414639+00:00] access_incoming contract=S6-02-123ABC role=CSA user_username=csa user_id=63
[2026-03-07T09:21:25.462931+00:00] access_incoming contract=S6-02-004ETE role=CSA user_username=csa user_id=63
[2026-03-07T09:21:32.938373+00:00] access_incoming contract=S6-02-006QWE role=CSA user_username=csa user_id=63
[2026-03-07T09:21:32.940372+00:00] access_incoming contract=S6-02-004ETE role=CSA user_username=csa user_id=63
[2026-03-07T09:21:32.950614+00:00] access_incoming contract=S6-02-123ABC role=CSA user_username=csa user_id=63
[2026-03-07T09:21:37.095910+00:00] download_check contract=S6-02-006QWE created_by=csa created_by_id=63 caller_uname=csa caller_uid=63 permitted=True
[2026-03-07T09:21:43.224735+00:00] download_check contract=S6-02-006QWE created_by=csa created_by_id=63 caller_uname=csa caller_uid=63 permitted=True
[2026-03-07T09:23:03.945528+00:00] download_check contract=S6-02-006QWE created_by=csa created_by_id=63 caller_uname=csa caller_uid=63 permitted=True
[2026-03-07T09:23:12.421603+00:00] access_incoming contract=S6-02-123ABC role=CSA user_username=csa user_id=63
[2026-03-07T09:23:12.463344+00:00] access_incoming contract=S6-02-004ETE role=CSA user_username=csa user_id=63
[2026-03-07T09:23:12.560810+00:00] access_incoming contract=S6-02-004ETE role=CSA user_username=csa user_id=63
[2026-03-07T09:23:12.560810+00:00] access_incoming contract=S6-02-123ABC role=CSA user_username=csa user_id=63
[2026-03-07T09:23:12.560810+00:00] access_incoming contract=S6-02-006QWE role=CSA user_username=csa user_id=63
[2026-03-07T09:23:38.242621+00:00] pre_update_permission_check contract=S6-02-006QWE created_by=csa created_by_id=63 caller_uname=csa caller_uid=63 permitted=True
[2026-03-07T09:23:38.258707+00:00] post_update_consume_try contract=S6-02-006QWE uid=63 aa_exists=True aa_edit_consumed=0 aa_edit_grants=1
[2026-03-07T09:23:38.294221+00:00] post_update_consume_result contract=S6-02-006QWE uid=63 result=True aa_edit_consumed_after=1 aa_edit_grants=1
[2026-03-07T09:23:38.377628+00:00] access_incoming contract=S6-02-123ABC role=CSA user_username=csa user_id=63
[2026-03-07T09:23:38.426022+00:00] access_incoming contract=S6-02-004ETE role=CSA user_username=csa user_id=63
[2026-03-07T09:23:42.630827+00:00] download_check contract=S6-02-006QWE created_by=csa created_by_id=63 caller_uname=csa caller_uid=63 permitted=True
[2026-03-07T09:23:48.620032+00:00] download_check contract=S6-02-006QWE created_by=csa created_by_id=63 caller_uname=csa caller_uid=63 permitted=True
[2026-03-07T09:24:37.683872+00:00] access_incoming contract=S6-02-006QWE role=CSA user_username=csa user_id=63
[2026-03-07T09:24:37.683872+00:00] access_incoming contract=S6-02-123ABC role=CSA user_username=csa user_id=63
[2026-03-07T09:24:37.700391+00:00] access_incoming contract=S6-02-004ETE role=CSA user_username=csa user_id=63
[2026-03-07T09:24:37.800730+00:00] access_incoming contract=S6-02-006QWE role=CSA user_username=csa user_id=63
[2026-03-07T09:24:37.817948+00:00] access_incoming contract=S6-02-004ETE role=CSA user_username=csa user_id=63
[2026-03-10T07:31:19.822829+00:00] access_incoming contract=S6-02-123DEF role=Admin user_username=admin user_id=1
[2026-03-10T07:31:42.353174+00:00] access_incoming contract=S6-02-123DEF role=Admin user_username=admin user_id=1
[2026-03-10T07:32:35.901206+00:00] access_incoming contract=S6-02-123DEg role=Admin user_username=admin user_id=1
[2026-03-10T07:34:06.103039+00:00] access_incoming contract=S6-02-123VGF role=Admin user_username=admin user_id=1
[2026-03-10T07:43:40.462781+00:00] access_incoming contract=S6-02-123ABC role=Admin user_username=admin user_id=1
[2026-03-10T07:53:17.736404+00:00] access_incoming contract=S6-02-006QWG role=Admin user_username=admin user_id=1
[2026-03-10T07:55:21.251848+00:00] access_incoming contract=S6-02-006QWE role=Admin user_username=admin user_id=1
[2026-03-10T07:57:10.643524+00:00] access_incoming contract=S6-02-006BYV role=Admin user_username=admin user_id=1
[2026-03-10T07:58:30.738279+00:00] access_incoming contract=S6-02-006BYV role=Admin user_username=admin user_id=1
[2026-03-10T08:00:20.309275+00:00] access_incoming contract=S6-02-006BYX role=Admin user_username=admin user_id=1
[2026-03-10T08:14:41.702547+00:00] access_incoming contract=S6-02-006BYY role=Admin user_username=admin user_id=1
[2026-03-10T08:19:33.606205+00:00] access_incoming contract=S6-02-006BBB role=Admin user_username=admin user_id=1
[2026-03-10T08:23:05.593760+00:00] access_incoming contract=S6-02-006BBC role=Admin user_username=admin user_id=1
[2026-03-10T08:33:05.173878+00:00] access_incoming contract=S6-02-006BGV role=Admin user_username=admin user_id=1
[2026-03-10T08:39:46.966926+00:00] access_incoming contract=S6-02-006CCC role=Admin user_username=admin user_id=1
[2026-03-10T08:41:21.434525+00:00] access_incoming contract=S6-02-006CCC role=Admin user_username=admin user_id=1
[2026-03-10T08:53:20.287531+00:00] access_incoming contract=S6-02-006GGG role=Admin user_username=admin user_id=1
[2026-03-11T01:15:12.244535+00:00] access_incoming contract=S6-02-006UUU role=Admin user_username=admin user_id=1
[2026-03-11T01:36:23.488671+00:00] access_incoming contract=S6-02-006UUU role=Admin user_username=admin user_id=1
[2026-03-11T04:37:39.248879+00:00] access_incoming contract=S6-02-006BYF role=Admin user_username=admin user_id=1
[2026-03-11T04:40:29.285190+00:00] access_incoming contract=S6-02-006BYF role=Admin user_username=admin user_id=1
[2026-03-11T04:58:13.676753+00:00] access_incoming contract=S6-02-006BYF role=Admin user_username=admin user_id=1
[2026-03-11T06:09:46.219197+00:00] access_incoming contract=S6-02-004ETE role=Admin user_username=admin user_id=1
[2026-03-11T06:10:45.699729+00:00] access_incoming contract=S6-02-004ETE role=Admin user_username=admin user_id=1
[2026-03-11T06:14:27.711352+00:00] access_incoming contract=S6-02-006FFF role=Admin user_username=admin user_id=1
[2026-03-11T06:57:23.695166+00:00] access_incoming contract=S6-02-006FFF role=Admin user_username=admin user_id=1
[2026-03-11T07:02:12.021806+00:00] access_incoming contract=S6-02-004GGG role=Admin user_username=admin user_id=1
[2026-03-11T07:07:03.859454+00:00] access_incoming contract=S6-02-004GGG role=Admin user_username=admin user_id=1
[2026-03-11T07:12:32.881191+00:00] access_incoming contract=S6-02-006UUU role=Admin user_username=admin user_id=1
[2026-03-11T07:13:30.776705+00:00] access_incoming contract=S6-02-006BYF role=Admin user_username=admin user_id=1
[2026-03-11T07:29:22.880728+00:00] access_incoming contract=S6-02-004GGG role=Admin user_username=admin user_id=1
[2026-03-11T07:34:45.662348+00:00] access_incoming contract=S6-02-004ETA role=Admin user_username=admin user_id=1
[2026-03-11T17:07:48.117829+00:00] access_incoming contract=S6-02-004ETT role=Admin user_username=admin user_id=1
[2026-03-11T17:41:41.738571+00:00] access_incoming contract=S6-02-001EEE role=Admin user_username=admin user_id=1
[2026-03-11T17:56:55.307635+00:00] access_incoming contract=S6-02-004EB role=Admin user_username=admin user_id=1
[2026-03-11T17:58:31.755014+00:00] access_incoming contract=S6-02-001EEE role=Admin user_username=admin user_id=1
[2026-03-11T18:03:42.733398+00:00] access_incoming contract=S6-02-006BLE role=CSA user_username=csa user_id=63
[2026-03-11T18:03:45.705060+00:00] download_check contract=S6-02-006BLE created_by=csa created_by_id=63 caller_uname=csa caller_uid=63 permitted=True
[2026-03-11T18:03:51.400571+00:00] download_check contract=S6-02-006BLE created_by=csa created_by_id=63 caller_uname=csa caller_uid=63 permitted=True
[2026-03-11T18:06:08.219206+00:00] access_incoming contract=S6-02-006BLE role=CSA user_username=csa user_id=63
[2026-03-11T18:06:08.316176+00:00] access_incoming contract=S6-02-006BLE role=CSA user_username=csa user_id=63
[2026-03-11T18:06:16.342583+00:00] pre_update_permission_check contract=S6-02-006BLE created_by=csa created_by_id=63 caller_uname=csa caller_uid=63 permitted=True
[2026-03-11T18:06:16.356422+00:00] post_update_consume_try contract=S6-02-006BLE uid=63 aa_exists=True aa_edit_consumed=0 aa_edit_grants=1
[2026-03-11T18:06:16.376322+00:00] post_update_consume_result contract=S6-02-006BLE uid=63 result=True aa_edit_consumed_after=1 aa_edit_grants=1
[2026-03-11T18:06:20.499555+00:00] download_check contract=S6-02-006BLE created_by=csa created_by_id=63 caller_uname=csa caller_uid=63 permitted=True
[2026-03-11T18:06:26.238352+00:00] download_check contract=S6-02-006BLE created_by=csa created_by_id=63 caller_uname=csa caller_uid=63 permitted=True
[2026-03-12T09:37:42.371496+00:00] access_incoming contract=S6-02-004ETT role=Admin user_username=admin user_id=1
[2026-03-12T09:37:50.340204+00:00] access_incoming contract=S6-02-004EB role=Admin user_username=admin user_id=1
[2026-03-13T04:50:29.900925+00:00] access_incoming contract=S6-02-006BYB role=Admin user_username=admin user_id=1
[2026-03-16T15:48:33.278787+00:00] access_incoming contract=S6-02-004ETT role=Admin user_username=admin user_id=1
[2026-03-16T15:48:40.940754+00:00] access_incoming contract=S6-02-004EB role=Admin user_username=admin user_id=1
[2026-03-16T16:13:22.995427+00:00] access_incoming contract=S6-02-006ZZZ role=Admin user_username=admin user_id=1
