[2026-02-11T19:05:45.498864+00:00] repaired=C:\Users\LTP-IT~1\AppData\Local\Temp\tmp7c04hsey.docx contract=CON004 files=['word/document.xml']
[2026-02-11T19:08:17.019139+00:00] repaired=C:\Users\LTP-IT~1\AppData\Local\Temp\tmpbje9edbm.docx contract=CON003 files=['word/document.xml']
[2026-02-11T19:10:01.938620+00:00] repaired=C:\Users\LTP-IT~1\AppData\Local\Temp\tmpbas9skll.docx contract=CON003 files=['word/document.xml']
[2026-02-11T19:11:06.483257+00:00] repaired=C:\Users\LTP-IT~1\AppData\Local\Temp\tmpzpb12x8z.docx contract=CON321 files=['word/document.xml']
[2026-02-11T19:15:25.883712+00:00] repaired=C:\Users\LTP-IT~1\AppData\Local\Temp\tmpnqihdrie.docx contract=CON001 files=['word/document.xml']
[2026-02-11T19:19:43.055797+00:00] repaired=C:\Users\LTP-IT~1\AppData\Local\Temp\tmphqk2fpwo.docx contract=CON321 files=['word/document.xml']
[2026-02-11T19:19:44.388064+00:00] repaired=C:\Users\LTP-IT~1\AppData\Local\Temp\tmp1bhqss8z.docx contract=CON321 files=['word/document.xml']
[2026-02-11T19:21:47.801171+00:00] repaired=C:\Users\LTP-IT~1\AppData\Local\Temp\tmpg1y9tfn5.docx contract=CON321 files=['word/document.xml']
[2026-02-11T19:22:25.853817+00:00] repaired=C:\Users\LTP-IT~1\AppData\Local\Temp\tmp_libv4cw.docx contract=CON004 files=['word/document.xml']
[2026-02-11T19:27:31.004820+00:00] repaired=C:\Users\LTP-IT~1\AppData\Local\Temp\tmp27mwq8r7.docx contract=CON001 files=['word/document.xml']
[2026-02-11T19:33:48.130491+00:00] repaired=C:\Users\LTP-IT~1\AppData\Local\Temp\tmpwj0nkmhw.docx contract=CON321 files=['word/document.xml']
[2026-02-11T19:34:59.517915+00:00] repaired=C:\Users\LTP-IT~1\AppData\Local\Temp\tmpxirp8sw_.docx contract=CON321 files=['word/document.xml']
[2026-02-11T20:01:07.889620+00:00] repaired=C:\Users\LTP-IT~1\AppData\Local\Temp\tmpqu3lyo82.docx contract=TEST123 files=['word/document.xml']
[2026-02-11T20:04:31.604919+00:00] repaired=C:\Users\LTP-IT~1\AppData\Local\Temp\tmpvoiofe1v.docx contract=CON321 files=['word/document.xml']
[2026-02-11T20:07:13.564890+00:00] repaired=C:\Users\LTP-IT~1\AppData\Local\Temp\tmpq2nmqrvh.docx contract=TEST123 files=['word/document.xml']
[2026-02-11T20:08:47.886553+00:00] repaired=C:\Users\LTP-IT~1\AppData\Local\Temp\tmpbbiw8y9z.docx contract=TEST123 files=['word/document.xml']
[2026-02-11T20:09:56.555206+00:00] repaired=C:\Users\LTP-IT~1\AppData\Local\Temp\tmpszj9bx5u.docx contract=CON321 files=['word/document.xml']
[2026-02-11T20:12:54.073479+00:00] repaired=C:\Users\LTP-IT~1\AppData\Local\Temp\tmp83rgralu.docx contract=CON321 files=['word/document.xml']
[2026-02-11T20:17:40.795870+00:00] repaired=C:\Users\LTP-IT~1\AppData\Local\Temp\tmpq751zube.docx contract=CON321 files=['word/document.xml']
[2026-02-11T23:26:30.815119+00:00] repaired=C:\Users\LTP-IT~1\AppData\Local\Temp\tmppyuz20n0.docx contract=CON321 files=['word/document.xml']
[2026-02-11T23:44:41.674118+00:00] repaired=C:\Users\LTP-IT~1\AppData\Local\Temp\tmpu4z4ph70.docx contract=CON321 files=['word/document.xml']
[2026-02-11T23:45:36.327859+00:00] repaired=C:\Users\LTP-IT~1\AppData\Local\Temp\tmp7sn8df1n.docx contract=CON321 files=['word/document.xml']
[2026-02-11T23:46:18.687107+00:00] repaired=C:\Users\LTP-IT~1\AppData\Local\Temp\tmp_bg92fkz.docx contract=CON321 files=['word/document.xml']
[2026-02-11T23:46:59.057742+00:00] repaired=C:\Users\LTP-IT~1\AppData\Local\Temp\tmp8f0_c4vn.docx contract=CON321 files=['word/document.xml']
[2026-02-11T23:47:23.000696+00:00] repaired=C:\Users\LTP-IT~1\AppData\Local\Temp\tmpulq9u3bb.docx contract=CON321 files=['word/document.xml']
[2026-02-11T23:59:47.558240+00:00] repaired=C:\Users\LTP-IT~1\AppData\Local\Temp\tmp3achxo6s.docx contract=CON321 files=['word/document.xml']
[2026-02-12T00:53:18.781407+00:00] repaired=C:\Users\LTP-IT~1\AppData\Local\Temp\tmprcrmbvyx.docx contract=CON321 files=['word/document.xml']
[2026-02-12T00:53:56.146629+00:00] repaired=C:\Users\LTP-IT~1\AppData\Local\Temp\tmphco05dza.docx contract=CON321 files=['word/document.xml']
[2026-02-13T15:05:09.392590+00:00] repaired=C:\Users\LTP-IT~1\AppData\Local\Temp\tmpfoa0j1ha.docx contract=CON321 files=['word/document.xml']
[2026-02-14T08:18:23.249745+00:00] repaired=C:\Users\LTP-IT~1\AppData\Local\Temp\tmpwn67zvr9.docx contract=CON004 files=['word/document.xml']
[2026-02-14T08:22:04.237234+00:00] repaired=C:\Users\LTP-IT~1\AppData\Local\Temp\tmpoq4wm3kd.docx contract=CON002 files=['word/document.xml']
[2026-02-14T08:30:54.850680+00:00] repaired=C:\Users\LTP-IT~1\AppData\Local\Temp\tmpiwpw2knz.docx contract=con334 files=['word/document.xml']
[2026-02-14T08:36:31.948501+00:00] repaired=C:\Users\LTP-IT~1\AppData\Local\Temp\tmpb73dk41f.docx contract=CON334 files=['word/document.xml']
[2026-02-14T08:40:04.391738+00:00] repaired=C:\Users\LTP-IT~1\AppData\Local\Temp\tmpykpvsv50.docx contract=con334 files=['word/document.xml']
[2026-02-14T08:46:03.622397+00:00] repaired=C:\Users\LTP-IT~1\AppData\Local\Temp\tmp57a185zv.docx contract=CON003 files=['word/document.xml']
[2026-02-14T08:53:30.859507+00:00] repaired=C:\Users\LTP-IT~1\AppData\Local\Temp\tmpkhabp0h5.docx contract=CON001 files=['word/document.xml']
[2026-02-14T08:53:54.857562+00:00] repaired=C:\Users\LTP-IT~1\AppData\Local\Temp\tmp106iep52.docx contract=CON002 files=['word/document.xml']
[2026-02-14T08:54:54.276646+00:00] repaired=C:\Users\LTP-IT~1\AppData\Local\Temp\tmp36go1y7p.docx contract=CON003 files=['word/document.xml']
[2026-02-14T09:31:26.065055+00:00] repaired=C:\Users\LTP-IT~1\AppData\Local\Temp\tmpiu_e059q.docx contract=CON002 files=['word/document.xml']
[2026-02-14T18:38:32.318138+07:00] repaired=C:\Users\LTP-IT~1\AppData\Local\Temp\tmptfs2p8lz.docx contract=CON201 files=['word/document.xml']
[2026-02-14T14:54:30.844235+00:00] repaired=C:\Users\LTP-IT~1\AppData\Local\Temp\tmpa23o0zys.docx contract=CON201 files=['word/document.xml']
[2026-02-14T16:34:10.289800+00:00] repaired=C:\Users\LTP-IT~1\AppData\Local\Temp\tmpdrtv1dfc.docx contract=CON006 files=['word/document.xml']
[2026-02-15T17:10:40.814293+00:00] repaired=C:\Users\LTP-IT~1\AppData\Local\Temp\tmp_qn6xbr8.docx contract=CON007 files=['word/document.xml']
[2026-02-15T17:28:39.628713+00:00] repaired=C:\Users\LTP-IT~1\AppData\Local\Temp\tmph14ba0ww.docx contract=CON007 files=['word/document.xml']
[2026-02-16T03:47:26.910716+00:00] repaired=C:\Users\LTP-IT~1\AppData\Local\Temp\tmpumiprjqz.docx contract=CON007 files=['word/document.xml']
